#
# There is insufficient memory for the Java Runtime Environment to continue.
# Native memory allocation (malloc) failed to allocate 688976 bytes for Chunk::new
# Possible reasons:
#   The system is out of physical RAM or swap space
#   The process is running with CompressedOops enabled, and the Java Heap may be blocking the growth of the native heap
# Possible solutions:
#   Reduce memory load on the system
#   Increase physical memory or swap space
#   Check if swap backing store is full
#   Decrease Java heap size (-Xmx/-Xms)
#   Decrease number of Java threads
#   Decrease Java thread stack sizes (-Xss)
#   Set larger code cache with -XX:ReservedCodeCacheSize=
#   JVM is running with Unscaled Compressed Oops mode in which the Java heap is
#     placed in the first 4GB address space. The Java Heap base address is the
#     maximum limit for the native heap growth. Please use -XX:HeapBaseMinAddress
#     to set the Java Heap base and to place the Java Heap above 4GB virtual address.
# This output file may be truncated or incomplete.
#
#  Out of Memory Error (allocation.cpp:389), pid=15600, tid=0x00000000000023e0
#
# JRE version: OpenJDK Runtime Environment (8.0_242-b01) (build 1.8.0_242-release-1644-b01)
# Java VM: OpenJDK 64-Bit Server VM (25.242-b01 mixed mode windows-amd64 compressed oops)
# Failed to write core dump. Minidumps are not enabled by default on client versions of Windows
#

---------------  T H R E A D  ---------------

Current thread (0x0000000019c46000):  JavaThread "C2 CompilerThread0" daemon [_thread_in_native, id=9184, stack(0x000000001a510000,0x000000001a610000)]

Stack: [0x000000001a510000,0x000000001a610000]
[error occurred during error reporting (printing stack bounds), id 0xc0000005]

Native frames: (J=compiled Java code, j=interpreted, Vv=VM code, C=native code)


Current CompileTask:
C2:  47057 11221       4       com.android.tools.r8.z.a.a.f::a (3630 bytes)


---------------  P R O C E S S  ---------------

Java Threads: ( => current thread )
  0x000000002c806800 JavaThread "stdout" [_thread_in_native, id=16776, stack(0x00000000308c0000,0x00000000309c0000)]
  0x000000002c807000 JavaThread "stderr" [_thread_in_native, id=7312, stack(0x00000000307c0000,0x00000000308c0000)]
  0x000000002c80a000 JavaThread "stdout" [_thread_in_native, id=13960, stack(0x00000000306c0000,0x00000000307c0000)]
  0x000000002c809800 JavaThread "stderr" [_thread_in_native, id=16600, stack(0x00000000305c0000,0x00000000306c0000)]
  0x000000002c808800 JavaThread "stdout" [_thread_in_native, id=15244, stack(0x00000000304c0000,0x00000000305c0000)]
  0x000000002c808000 JavaThread "stderr" [_thread_in_native, id=7988, stack(0x00000000303c0000,0x00000000304c0000)]
  0x000000002c805000 JavaThread "stdout" [_thread_in_native, id=17860, stack(0x00000000302c0000,0x00000000303c0000)]
  0x000000001bf26800 JavaThread "stderr" [_thread_in_native, id=14464, stack(0x00000000301c0000,0x00000000302c0000)]
  0x000000001bf26000 JavaThread "stdout" [_thread_in_native, id=11808, stack(0x00000000300c0000,0x00000000301c0000)]
  0x0000000020173800 JavaThread "stderr" [_thread_in_native, id=3408, stack(0x000000002ffc0000,0x00000000300c0000)]
  0x000000002017a000 JavaThread "stdout" [_thread_in_native, id=5392, stack(0x000000002fec0000,0x000000002ffc0000)]
  0x0000000020178800 JavaThread "stderr" [_thread_in_native, id=11948, stack(0x000000002fdc0000,0x000000002fec0000)]
  0x0000000020177000 JavaThread "stdout" [_thread_in_native, id=11048, stack(0x000000002fcc0000,0x000000002fdc0000)]
  0x0000000020176800 JavaThread "stderr" [_thread_in_native, id=15620, stack(0x000000002faa0000,0x000000002fba0000)]
  0x0000000020174000 JavaThread "stdout" [_thread_in_native, id=10724, stack(0x000000002fbc0000,0x000000002fcc0000)]
  0x0000000020172800 JavaThread "stderr" [_thread_in_native, id=16868, stack(0x000000002f860000,0x000000002f960000)]
  0x0000000020178000 JavaThread "pool-2-thread-1" [_thread_blocked, id=9128, stack(0x000000002f9a0000,0x000000002faa0000)]
  0x0000000020179800 JavaThread "MarlinRenderer Disposer" daemon [_thread_blocked, id=16164, stack(0x000000002f360000,0x000000002f460000)]
  0x0000000020175000 JavaThread "Java2D Disposer" daemon [_thread_blocked, id=14972, stack(0x000000002f220000,0x000000002f320000)]
  0x000000002016b000 JavaThread "WorkerExecutor Queue Thread 8" [_thread_blocked, id=15740, stack(0x000000002f120000,0x000000002f220000)]
  0x0000000020172000 JavaThread "WorkerExecutor Queue Thread 7" [_thread_blocked, id=3396, stack(0x000000002f020000,0x000000002f120000)]
  0x0000000020171000 JavaThread "WorkerExecutor Queue Thread 6" [_thread_blocked, id=17276, stack(0x000000002ef20000,0x000000002f020000)]
  0x0000000020170800 JavaThread "WorkerExecutor Queue Thread 5" [_thread_blocked, id=12324, stack(0x000000002ee20000,0x000000002ef20000)]
  0x000000002016f800 JavaThread "WorkerExecutor Queue Thread 4" [_thread_blocked, id=15908, stack(0x000000002ed20000,0x000000002ee20000)]
  0x000000002016f000 JavaThread "WorkerExecutor Queue Thread 3" [_thread_blocked, id=7860, stack(0x000000002ec20000,0x000000002ed20000)]
  0x000000002016e000 JavaThread "WorkerExecutor Queue Thread 2" [_thread_blocked, id=9120, stack(0x000000002eb20000,0x000000002ec20000)]
  0x000000002016d800 JavaThread "WorkerExecutor Queue" [_thread_blocked, id=4228, stack(0x000000002ea20000,0x000000002eb20000)]
  0x000000001bf1d000 JavaThread "Cache worker for execution history cache (D:\Billa Fathia\Documents\rpla sm.4\Mobpro\Tugas 4\.gradle\6.5\executionHistory)" [_thread_blocked, id=11432, stack(0x000000002e320000,0x000000002e420000)]
  0x000000001bf23800 JavaThread "Execution worker for ':' Thread 7" [_thread_blocked, id=16368, stack(0x000000002e220000,0x000000002e320000)]
  0x000000001bf23000 JavaThread "Execution worker for ':' Thread 6" [_thread_blocked, id=13484, stack(0x000000002e120000,0x000000002e220000)]
  0x000000001bf22000 JavaThread "Execution worker for ':' Thread 5" [_thread_blocked, id=14120, stack(0x000000002e020000,0x000000002e120000)]
  0x000000001bf21800 JavaThread "Execution worker for ':' Thread 4" [_thread_blocked, id=10324, stack(0x000000002df20000,0x000000002e020000)]
  0x000000001bf1a000 JavaThread "Execution worker for ':' Thread 3" [_thread_blocked, id=6900, stack(0x000000002de20000,0x000000002df20000)]
  0x000000001bf1b800 JavaThread "Execution worker for ':' Thread 2" [_thread_blocked, id=3320, stack(0x000000002dd20000,0x000000002de20000)]
  0x000000001bf20800 JavaThread "Execution worker for ':'" [_thread_blocked, id=3688, stack(0x000000002dc20000,0x000000002dd20000)]
  0x000000001bf1a800 JavaThread "Cache worker for file content cache (D:\Billa Fathia\Documents\rpla sm.4\Mobpro\Tugas 4\.gradle\6.5\fileContent)" [_thread_blocked, id=15236, stack(0x000000002c500000,0x000000002c600000)]
  0x000000001bf19000 JavaThread "Memory manager" [_thread_blocked, id=6624, stack(0x000000002b9b0000,0x000000002bab0000)]
  0x000000001bf20000 JavaThread "Cache worker for Build Output Cleanup Cache (D:\Billa Fathia\Documents\rpla sm.4\Mobpro\Tugas 4\.gradle\buildOutputCleanup)" [_thread_blocked, id=11280, stack(0x000000002b2b0000,0x000000002b3b0000)]
  0x000000001bf1f000 JavaThread "jar transforms Thread 114" [_thread_blocked, id=12540, stack(0x000000002aeb0000,0x000000002afb0000)]
  0x000000001bf1d800 JavaThread "jar transforms Thread 113" [_thread_blocked, id=1828, stack(0x000000002adb0000,0x000000002aeb0000)]
  0x000000001bf1c000 JavaThread "jar transforms Thread 112" [_thread_blocked, id=7684, stack(0x000000002acb0000,0x000000002adb0000)]
  0x000000001bf1e800 JavaThread "jar transforms Thread 111" [_thread_blocked, id=15680, stack(0x000000002abb0000,0x000000002acb0000)]
  0x000000001ac67000 JavaThread "jar transforms Thread 110" [_thread_blocked, id=14932, stack(0x000000002aab0000,0x000000002abb0000)]
  0x000000001ac66000 JavaThread "jar transforms Thread 109" [_thread_blocked, id=10600, stack(0x000000002a9b0000,0x000000002aab0000)]
  0x000000001ac65800 JavaThread "jar transforms Thread 108" [_thread_blocked, id=9192, stack(0x000000002a8b0000,0x000000002a9b0000)]
  0x000000001ac64000 JavaThread "jar transforms Thread 107" [_thread_blocked, id=13192, stack(0x000000002a7b0000,0x000000002a8b0000)]
  0x000000001ac63000 JavaThread "jar transforms Thread 106" [_thread_blocked, id=2264, stack(0x000000002a6b0000,0x000000002a7b0000)]
  0x000000001ac62800 JavaThread "jar transforms Thread 105" [_thread_blocked, id=17116, stack(0x000000002a5b0000,0x000000002a6b0000)]
  0x000000001ac64800 JavaThread "jar transforms Thread 104" [_thread_blocked, id=10728, stack(0x000000002a4b0000,0x000000002a5b0000)]
  0x000000001ac5b000 JavaThread "jar transforms Thread 103" [_thread_blocked, id=8340, stack(0x000000002a3b0000,0x000000002a4b0000)]
  0x000000001ac61800 JavaThread "jar transforms Thread 102" [_thread_blocked, id=6380, stack(0x000000002a2b0000,0x000000002a3b0000)]
  0x000000001ac61000 JavaThread "jar transforms Thread 101" [_thread_blocked, id=13976, stack(0x000000002a1b0000,0x000000002a2b0000)]
  0x000000001ac59800 JavaThread "jar transforms Thread 100" [_thread_blocked, id=12024, stack(0x000000002a0b0000,0x000000002a1b0000)]
  0x000000001ac60000 JavaThread "jar transforms Thread 99" [_thread_blocked, id=7568, stack(0x0000000029fb0000,0x000000002a0b0000)]
  0x000000001ac5c800 JavaThread "jar transforms Thread 98" [_thread_blocked, id=17288, stack(0x0000000029eb0000,0x0000000029fb0000)]
  0x000000001ac58800 JavaThread "jar transforms Thread 97" [_thread_blocked, id=12356, stack(0x0000000029db0000,0x0000000029eb0000)]
  0x000000001ac5d000 JavaThread "jar transforms Thread 96" [_thread_blocked, id=6888, stack(0x0000000029cb0000,0x0000000029db0000)]
  0x000000001ac5f800 JavaThread "jar transforms Thread 95" [_thread_blocked, id=8800, stack(0x0000000029bb0000,0x0000000029cb0000)]
  0x000000001ac5e800 JavaThread "jar transforms Thread 94" [_thread_blocked, id=4832, stack(0x0000000029ab0000,0x0000000029bb0000)]
  0x000000001ac5e000 JavaThread "jar transforms Thread 93" [_thread_blocked, id=7492, stack(0x00000000299b0000,0x0000000029ab0000)]
  0x000000001ac5b800 JavaThread "jar transforms Thread 92" [_thread_blocked, id=16744, stack(0x00000000298b0000,0x00000000299b0000)]
  0x000000001ac58000 JavaThread "jar transforms Thread 91" [_thread_blocked, id=8236, stack(0x00000000297b0000,0x00000000298b0000)]
  0x000000001ac5a000 JavaThread "jar transforms Thread 90" [_thread_blocked, id=13452, stack(0x00000000296b0000,0x00000000297b0000)]
  0x000000001b88a800 JavaThread "jar transforms Thread 89" [_thread_blocked, id=9132, stack(0x00000000295b0000,0x00000000296b0000)]
  0x000000001b887800 JavaThread "jar transforms Thread 88" [_thread_blocked, id=16848, stack(0x00000000294b0000,0x00000000295b0000)]
  0x000000001b889800 JavaThread "jar transforms Thread 87" [_thread_blocked, id=11800, stack(0x00000000293b0000,0x00000000294b0000)]
  0x000000001b889000 JavaThread "jar transforms Thread 86" [_thread_blocked, id=12384, stack(0x00000000292b0000,0x00000000293b0000)]
  0x000000001b886000 JavaThread "jar transforms Thread 85" [_thread_blocked, id=16160, stack(0x00000000291b0000,0x00000000292b0000)]
  0x000000001b888000 JavaThread "jar transforms Thread 84" [_thread_blocked, id=11428, stack(0x00000000290b0000,0x00000000291b0000)]
  0x000000001b885000 JavaThread "jar transforms Thread 83" [_thread_blocked, id=8000, stack(0x0000000028fb0000,0x00000000290b0000)]
  0x000000001b886800 JavaThread "jar transforms Thread 82" [_thread_blocked, id=1844, stack(0x0000000028eb0000,0x0000000028fb0000)]
  0x000000001b87d000 JavaThread "jar transforms Thread 81" [_thread_blocked, id=7996, stack(0x0000000028db0000,0x0000000028eb0000)]
  0x000000001b883800 JavaThread "jar transforms Thread 80" [_thread_blocked, id=2872, stack(0x0000000028cb0000,0x0000000028db0000)]
  0x000000001b87c000 JavaThread "jar transforms Thread 79" [_thread_blocked, id=3284, stack(0x0000000028bb0000,0x0000000028cb0000)]
  0x000000001b87e800 JavaThread "jar transforms Thread 78" [_thread_blocked, id=6840, stack(0x0000000028ab0000,0x0000000028bb0000)]
  0x000000001b883000 JavaThread "jar transforms Thread 77" [_thread_blocked, id=16548, stack(0x00000000289b0000,0x0000000028ab0000)]
  0x000000001b881800 JavaThread "jar transforms Thread 76" [_thread_blocked, id=14864, stack(0x00000000288b0000,0x00000000289b0000)]
  0x000000001b882000 JavaThread "jar transforms Thread 75" [_thread_blocked, id=16172, stack(0x00000000287b0000,0x00000000288b0000)]
  0x000000001b87b800 JavaThread "jar transforms Thread 74" [_thread_blocked, id=15780, stack(0x00000000286b0000,0x00000000287b0000)]
  0x000000001b880800 JavaThread "jar transforms Thread 73" [_thread_blocked, id=8540, stack(0x00000000285b0000,0x00000000286b0000)]
  0x000000001b87f000 JavaThread "jar transforms Thread 72" [_thread_blocked, id=17452, stack(0x00000000284b0000,0x00000000285b0000)]
  0x000000001b880000 JavaThread "jar transforms Thread 71" [_thread_blocked, id=3376, stack(0x00000000283b0000,0x00000000284b0000)]
  0x000000001b87d800 JavaThread "jar transforms Thread 70" [_thread_blocked, id=17124, stack(0x00000000282b0000,0x00000000283b0000)]
  0x00000000217bd800 JavaThread "jar transforms Thread 69" [_thread_blocked, id=17852, stack(0x00000000281b0000,0x00000000282b0000)]
  0x00000000217bd000 JavaThread "jar transforms Thread 68" [_thread_blocked, id=13968, stack(0x00000000280b0000,0x00000000281b0000)]
  0x00000000217bb800 JavaThread "jar transforms Thread 67" [_thread_blocked, id=11816, stack(0x0000000027fb0000,0x00000000280b0000)]
  0x00000000217ba800 JavaThread "jar transforms Thread 66" [_thread_blocked, id=15956, stack(0x0000000027eb0000,0x0000000027fb0000)]
  0x00000000217bc000 JavaThread "jar transforms Thread 65" [_thread_blocked, id=14476, stack(0x0000000027db0000,0x0000000027eb0000)]
  0x00000000217be800 JavaThread "jar transforms Thread 64" [_thread_blocked, id=5424, stack(0x0000000027cb0000,0x0000000027db0000)]
  0x00000000217b3000 JavaThread "jar transforms Thread 63" [_thread_blocked, id=12836, stack(0x0000000027bb0000,0x0000000027cb0000)]
  0x00000000217ba000 JavaThread "jar transforms Thread 62" [_thread_blocked, id=5724, stack(0x0000000027ab0000,0x0000000027bb0000)]
  0x00000000217b4800 JavaThread "jar transforms Thread 61" [_thread_blocked, id=16312, stack(0x00000000279b0000,0x0000000027ab0000)]
  0x00000000217b9000 JavaThread "jar transforms Thread 60" [_thread_blocked, id=11756, stack(0x00000000278b0000,0x00000000279b0000)]
  0x00000000217b1800 JavaThread "jar transforms Thread 59" [_thread_blocked, id=10152, stack(0x00000000277b0000,0x00000000278b0000)]
  0x00000000217b8800 JavaThread "jar transforms Thread 58" [_thread_blocked, id=4084, stack(0x00000000276b0000,0x00000000277b0000)]
  0x00000000217b7800 JavaThread "jar transforms Thread 57" [_thread_blocked, id=13072, stack(0x00000000275b0000,0x00000000276b0000)]
  0x00000000217b7000 JavaThread "jar transforms Thread 56" [_thread_blocked, id=12100, stack(0x00000000274b0000,0x00000000275b0000)]
  0x00000000217b2800 JavaThread "jar transforms Thread 55" [_thread_blocked, id=3352, stack(0x00000000273b0000,0x00000000274b0000)]
  0x00000000217b0000 JavaThread "jar transforms Thread 54" [_thread_blocked, id=9344, stack(0x00000000272b0000,0x00000000273b0000)]
  0x00000000217af800 JavaThread "jar transforms Thread 53" [_thread_blocked, id=4728, stack(0x00000000271b0000,0x00000000272b0000)]
  0x00000000217b6000 JavaThread "jar transforms Thread 52" [_thread_blocked, id=696, stack(0x00000000270b0000,0x00000000271b0000)]
  0x00000000217b5800 JavaThread "jar transforms Thread 51" [_thread_blocked, id=1568, stack(0x0000000026fb0000,0x00000000270b0000)]
  0x00000000217b4000 JavaThread "jar transforms Thread 50" [_thread_blocked, id=2460, stack(0x0000000026eb0000,0x0000000026fb0000)]
  0x00000000217b1000 JavaThread "jar transforms Thread 49" [_thread_blocked, id=13696, stack(0x0000000026db0000,0x0000000026eb0000)]
  0x000000001bbc9000 JavaThread "jar transforms Thread 48" [_thread_blocked, id=14092, stack(0x0000000026cb0000,0x0000000026db0000)]
  0x000000001bbc8800 JavaThread "jar transforms Thread 47" [_thread_blocked, id=4512, stack(0x0000000026bb0000,0x0000000026cb0000)]
  0x000000001bbc7000 JavaThread "jar transforms Thread 46" [_thread_blocked, id=10840, stack(0x0000000026ab0000,0x0000000026bb0000)]
  0x000000001bbcd800 JavaThread "jar transforms Thread 45" [_thread_blocked, id=5780, stack(0x00000000269b0000,0x0000000026ab0000)]
  0x000000001bbcb800 JavaThread "jar transforms Thread 44" [_thread_blocked, id=13820, stack(0x00000000268b0000,0x00000000269b0000)]
  0x000000001bbca800 JavaThread "jar transforms Thread 43" [_thread_blocked, id=10628, stack(0x00000000267b0000,0x00000000268b0000)]
  0x000000001bbc6000 JavaThread "jar transforms Thread 42" [_thread_blocked, id=7460, stack(0x00000000266b0000,0x00000000267b0000)]
  0x000000001bbca000 JavaThread "jar transforms Thread 41" [_thread_blocked, id=15432, stack(0x00000000265b0000,0x00000000266b0000)]
  0x000000001bbcd000 JavaThread "jar transforms Thread 40" [_thread_blocked, id=12936, stack(0x00000000264b0000,0x00000000265b0000)]
  0x000000001bbc7800 JavaThread "jar transforms Thread 39" [_thread_blocked, id=5716, stack(0x00000000263b0000,0x00000000264b0000)]
  0x000000001bbcc000 JavaThread "jar transforms Thread 38" [_thread_blocked, id=7040, stack(0x00000000262b0000,0x00000000263b0000)]
  0x000000001bbbe800 JavaThread "jar transforms Thread 37" [_thread_blocked, id=13736, stack(0x00000000261b0000,0x00000000262b0000)]
  0x000000001bbc4800 JavaThread "jar transforms Thread 36" [_thread_blocked, id=11348, stack(0x00000000260b0000,0x00000000261b0000)]
  0x000000001bbc5800 JavaThread "jar transforms Thread 35" [_thread_blocked, id=16140, stack(0x0000000025fb0000,0x00000000260b0000)]
  0x000000001bbc3000 JavaThread "jar transforms Thread 34" [_thread_blocked, id=13248, stack(0x0000000025eb0000,0x0000000025fb0000)]
  0x000000001bbc1000 JavaThread "jar transforms Thread 33" [_thread_blocked, id=15812, stack(0x0000000025db0000,0x0000000025eb0000)]
  0x000000001bbbf800 JavaThread "jar transforms Thread 32" [_thread_blocked, id=10288, stack(0x0000000025cb0000,0x0000000025db0000)]
  0x000000001bbc4000 JavaThread "jar transforms Thread 31" [_thread_blocked, id=12992, stack(0x0000000025bb0000,0x0000000025cb0000)]
  0x000000001bbc2800 JavaThread "jar transforms Thread 30" [_thread_blocked, id=15356, stack(0x0000000025ab0000,0x0000000025bb0000)]
  0x000000001bbc1800 JavaThread "jar transforms Thread 29" [_thread_blocked, id=9248, stack(0x00000000259b0000,0x0000000025ab0000)]
  0x000000001bbc0000 JavaThread "jar transforms Thread 28" [_thread_blocked, id=13324, stack(0x00000000258b0000,0x00000000259b0000)]
  0x000000001b5c6800 JavaThread "jar transforms Thread 27" [_thread_blocked, id=2672, stack(0x00000000257b0000,0x00000000258b0000)]
  0x000000001b5c3800 JavaThread "jar transforms Thread 26" [_thread_blocked, id=16928, stack(0x00000000256b0000,0x00000000257b0000)]
  0x000000001b5c7800 JavaThread "jar transforms Thread 25" [_thread_blocked, id=9572, stack(0x00000000255b0000,0x00000000256b0000)]
  0x000000001b5c9000 JavaThread "jar transforms Thread 24" [_thread_blocked, id=4256, stack(0x00000000254b0000,0x00000000255b0000)]
  0x000000001b5c4800 JavaThread "jar transforms Thread 23" [_thread_blocked, id=15452, stack(0x00000000253b0000,0x00000000254b0000)]
  0x000000001b5c6000 JavaThread "jar transforms Thread 22" [_thread_blocked, id=8040, stack(0x00000000252b0000,0x00000000253b0000)]
  0x000000001b5c8000 JavaThread "jar transforms Thread 21" [_thread_blocked, id=17980, stack(0x00000000251b0000,0x00000000252b0000)]
  0x000000001b5c5000 JavaThread "jar transforms Thread 20" [_thread_blocked, id=9700, stack(0x00000000250b0000,0x00000000251b0000)]
  0x000000001b5bd000 JavaThread "jar transforms Thread 19" [_thread_blocked, id=14236, stack(0x0000000024fb0000,0x00000000250b0000)]
  0x000000001b5c3000 JavaThread "jar transforms Thread 18" [_thread_blocked, id=12644, stack(0x0000000024eb0000,0x0000000024fb0000)]
  0x000000001b5c2000 JavaThread "jar transforms Thread 17" [_thread_blocked, id=5084, stack(0x0000000024db0000,0x0000000024eb0000)]
  0x000000001b5bc000 JavaThread "jar transforms Thread 16" [_thread_blocked, id=17640, stack(0x0000000024cb0000,0x0000000024db0000)]
  0x000000001b5bb800 JavaThread "jar transforms Thread 15" [_thread_blocked, id=11268, stack(0x0000000024bb0000,0x0000000024cb0000)]
  0x000000001b5c1800 JavaThread "jar transforms Thread 14" [_thread_blocked, id=10260, stack(0x0000000024ab0000,0x0000000024bb0000)]
  0x000000001b5bf000 JavaThread "jar transforms Thread 13" [_thread_blocked, id=17044, stack(0x00000000249b0000,0x0000000024ab0000)]
  0x000000001b5ba000 JavaThread "jar transforms Thread 12" [_thread_blocked, id=7068, stack(0x00000000248b0000,0x00000000249b0000)]
  0x000000001b5bd800 JavaThread "jar transforms Thread 11" [_thread_blocked, id=12980, stack(0x00000000247b0000,0x00000000248b0000)]
  0x000000001b5ba800 JavaThread "jar transforms Thread 10" [_thread_blocked, id=16252, stack(0x00000000246b0000,0x00000000247b0000)]
  0x000000001b5c0800 JavaThread "jar transforms Thread 9" [_thread_blocked, id=8988, stack(0x00000000245b0000,0x00000000246b0000)]
  0x000000001b5be800 JavaThread "jar transforms Thread 8" [_thread_blocked, id=12664, stack(0x00000000244b0000,0x00000000245b0000)]
  0x000000001b5c0000 JavaThread "jar transforms Thread 7" [_thread_blocked, id=672, stack(0x00000000243b0000,0x00000000244b0000)]
  0x000000001adb7000 JavaThread "jar transforms Thread 6" [_thread_blocked, id=7172, stack(0x00000000242b0000,0x00000000243b0000)]
  0x000000001adb6000 JavaThread "jar transforms Thread 5" [_thread_blocked, id=11200, stack(0x00000000241b0000,0x00000000242b0000)]
  0x000000001adb4000 JavaThread "jar transforms Thread 4" [_thread_blocked, id=9432, stack(0x00000000240b0000,0x00000000241b0000)]
  0x000000001adb3000 JavaThread "jar transforms Thread 3" [_thread_blocked, id=4320, stack(0x0000000023fb0000,0x00000000240b0000)]
  0x000000001adb4800 JavaThread "jar transforms Thread 2" [_thread_blocked, id=6712, stack(0x0000000023eb0000,0x0000000023fb0000)]
  0x000000001adb5800 JavaThread "Build operations Thread 8" [_thread_blocked, id=4220, stack(0x0000000023db0000,0x0000000023eb0000)]
  0x000000001adab800 JavaThread "Build operations Thread 7" [_thread_blocked, id=13896, stack(0x0000000023cb0000,0x0000000023db0000)]
  0x000000001adb2800 JavaThread "Build operations Thread 6" [_thread_blocked, id=12896, stack(0x0000000023ab0000,0x0000000023bb0000)]
  0x000000001adb1800 JavaThread "Build operations Thread 5" [_thread_blocked, id=13824, stack(0x00000000239b0000,0x0000000023ab0000)]
  0x000000001adb1000 JavaThread "Build operations Thread 4" [_thread_blocked, id=11196, stack(0x00000000238b0000,0x00000000239b0000)]
  0x000000001ada9800 JavaThread "Build operations Thread 3" [_thread_blocked, id=2844, stack(0x00000000237b0000,0x00000000238b0000)]
  0x000000001adb0000 JavaThread "Build operations Thread 2" [_thread_blocked, id=10764, stack(0x00000000236b0000,0x00000000237b0000)]
  0x000000001adab000 JavaThread "Build operations" [_thread_in_Java, id=1112, stack(0x00000000235b0000,0x00000000236b0000)]
  0x000000001adac800 JavaThread "Cache worker for file content cache (C:\Users\Billa\.gradle\caches\6.5\fileContent)" [_thread_blocked, id=16420, stack(0x0000000022eb0000,0x0000000022fb0000)]
  0x0000000019c59800 JavaThread "jar transforms" [_thread_blocked, id=16036, stack(0x0000000022db0000,0x0000000022eb0000)]
  0x0000000019c5a800 JavaThread "Cache worker for execution history cache (C:\Users\Billa\.gradle\caches\6.5\executionHistory)" [_thread_blocked, id=16932, stack(0x00000000226b0000,0x00000000227b0000)]
  0x0000000019c55000 JavaThread "Cache worker for cache directory md-rule (C:\Users\Billa\.gradle\caches\6.5\md-rule)" [_thread_blocked, id=11628, stack(0x00000000225b0000,0x00000000226b0000)]
  0x0000000019c5c000 JavaThread "Cache worker for cache directory md-supplier (C:\Users\Billa\.gradle\caches\6.5\md-supplier)" [_thread_blocked, id=15916, stack(0x0000000021250000,0x0000000021350000)]
  0x0000000019c59000 JavaThread "Cache worker for checksums cache (D:\Billa Fathia\Documents\rpla sm.4\Mobpro\Tugas 4\.gradle\checksums)" [_thread_blocked, id=1584, stack(0x0000000021150000,0x0000000021250000)]
  0x0000000019c58000 JavaThread "Cache worker for file hash cache (D:\Billa Fathia\Documents\rpla sm.4\Mobpro\Tugas 4\.gradle\6.5\fileHashes)" [_thread_blocked, id=11668, stack(0x000000001ec40000,0x000000001ed40000)]
  0x0000000019c57800 JavaThread "Cache worker for file hash cache (C:\Users\Billa\.gradle\caches\6.5\fileHashes)" [_thread_blocked, id=1928, stack(0x000000001eb40000,0x000000001ec40000)]
  0x0000000019c56000 JavaThread "File lock request listener" [_thread_in_native, id=11164, stack(0x000000001ea40000,0x000000001eb40000)]
  0x000000001bb17000 JavaThread "Cache worker for journal cache (C:\Users\Billa\.gradle\caches\journal-1)" [_thread_blocked, id=13244, stack(0x000000001e940000,0x000000001ea40000)]
  0x000000001bb1a000 JavaThread "Thread-9" [_thread_blocked, id=7376, stack(0x000000001e640000,0x000000001e740000)]
  0x000000001bb18800 JavaThread "Stdin handler" [_thread_blocked, id=1312, stack(0x000000001e540000,0x000000001e640000)]
  0x000000001b7fc000 JavaThread "Asynchronous log dispatcher for DefaultDaemonConnection: socket connection from /127.0.0.1:51493 to /127.0.0.1:51494" [_thread_blocked, id=16176, stack(0x000000001e440000,0x000000001e540000)]
  0x000000001b7f5000 JavaThread "Daemon worker" [_thread_blocked, id=15684, stack(0x000000001e340000,0x000000001e440000)]
  0x000000001b754800 JavaThread "Cancel handler" [_thread_blocked, id=18308, stack(0x000000001e240000,0x000000001e340000)]
  0x000000001bb92000 JavaThread "Handler for socket connection from /127.0.0.1:51493 to /127.0.0.1:51494" [_thread_in_native, id=3144, stack(0x000000001e140000,0x000000001e240000)]
  0x000000001ba06800 JavaThread "Daemon" [_thread_blocked, id=14204, stack(0x000000001e040000,0x000000001e140000)]
  0x000000001c5b7800 JavaThread "Daemon periodic checks" [_thread_blocked, id=2076, stack(0x000000001dd40000,0x000000001de40000)]
  0x000000001c5c7800 JavaThread "Incoming local TCP Connector on port 51493" [_thread_in_native, id=17912, stack(0x000000001daf0000,0x000000001dbf0000)]
  0x000000001c4ff000 JavaThread "Daemon health stats" [_thread_blocked, id=14652, stack(0x000000001d4b0000,0x000000001d5b0000)]
  0x0000000019cea800 JavaThread "Service Thread" daemon [_thread_blocked, id=18156, stack(0x000000001a910000,0x000000001aa10000)]
  0x0000000019c5b000 JavaThread "C1 CompilerThread3" daemon [_thread_blocked, id=17272, stack(0x000000001a810000,0x000000001a910000)]
  0x0000000019c56800 JavaThread "C2 CompilerThread2" daemon [_thread_in_native, id=16624, stack(0x000000001a710000,0x000000001a810000)]
  0x0000000019c48000 JavaThread "C2 CompilerThread1" daemon [_thread_in_vm, id=10444, stack(0x000000001a610000,0x000000001a710000)]
=>0x0000000019c46000 JavaThread "C2 CompilerThread0" daemon [_thread_in_native, id=9184, stack(0x000000001a510000,0x000000001a610000)]
  0x0000000019c43800 JavaThread "Attach Listener" daemon [_thread_blocked, id=12496, stack(0x000000001a410000,0x000000001a510000)]
  0x0000000019c42800 JavaThread "Signal Dispatcher" daemon [_thread_blocked, id=13888, stack(0x000000001a310000,0x000000001a410000)]
  0x0000000019c31800 JavaThread "Finalizer" daemon [_thread_blocked, id=12640, stack(0x000000001a110000,0x000000001a210000)]
  0x0000000019c30800 JavaThread "Reference Handler" daemon [_thread_blocked, id=6080, stack(0x000000001a010000,0x000000001a110000)]
  0x0000000002cbe000 JavaThread "main" [_thread_blocked, id=12876, stack(0x0000000002b60000,0x0000000002c60000)]

Other Threads:
  0x0000000017e28000 VMThread [stack: 0x0000000019b10000,0x0000000019c10000] [id=9080]
  0x0000000019ceb800 WatcherThread [stack: 0x000000001aa10000,0x000000001ab10000] [id=9156]

VM state:not at safepoint (normal execution)

VM Mutex/Monitor currently owned by a thread: None

heap address: 0x0000000080000000, size: 2048 MB, Compressed Oops mode: 32-bit
Narrow klass base: 0x0000000000000000, Narrow klass shift: 3
Compressed class space size: 1073741824 Address: 0x0000000100000000

Heap:
 PSYoungGen      total 433664K, used 182418K [0x00000000d5580000, 0x00000000f6180000, 0x0000000100000000)
  eden space 407552K, 39% used [0x00000000d5580000,0x00000000df12a500,0x00000000ee380000)
  from space 26112K, 88% used [0x00000000f1200000,0x00000000f287a658,0x00000000f2b80000)
  to   space 47616K, 0% used [0x00000000ee380000,0x00000000ee380000,0x00000000f1200000)
 ParOldGen       total 163840K, used 90650K [0x0000000080000000, 0x000000008a000000, 0x00000000d5580000)
  object space 163840K, 55% used [0x0000000080000000,0x0000000085886ac8,0x000000008a000000)
 Metaspace       used 82188K, capacity 86100K, committed 86680K, reserved 1124352K
  class space    used 11237K, capacity 12119K, committed 12208K, reserved 1048576K

Card table byte_map: [0x0000000012180000,0x0000000012590000] byte_map_base: 0x0000000011d80000

Marking Bits: (ParMarkBitMap*) 0x000000006b84f030
 Begin Bits: [0x0000000013040000, 0x0000000015040000)
 End Bits:   [0x0000000015040000, 0x0000000017040000)

Polling page: 0x00000000012b0000

CodeCache: size=245760Kb used=30924Kb max_used=30938Kb free=214835Kb
 bounds [0x0000000002dc0000, 0x0000000004c20000, 0x0000000011dc0000]
 total_blobs=10654 nmethods=9715 adapters=851
 compilation: enabled

Compilation events (10 events):
Event: 47.015 Thread 0x0000000019c5b000 11414       3       com.android.tools.r8.graph.M0::apply (42 bytes)
Event: 47.015 Thread 0x0000000019c5b000 nmethod 11414 0x0000000004c0e790 code [0x0000000004c0e920, 0x0000000004c0eed8]
Event: 47.015 Thread 0x0000000019c5b000 11412       3       com.android.tools.r8.graph.O0::c (134 bytes)
Event: 47.016 Thread 0x0000000019c5b000 nmethod 11412 0x0000000004c0dd50 code [0x0000000004c0df20, 0x0000000004c0e478]
Event: 47.016 Thread 0x0000000019c5b000 11413       3       com.android.tools.r8.z.a.a.f::a (38 bytes)
Event: 47.016 Thread 0x0000000019c5b000 nmethod 11413 0x0000000004c11590 code [0x0000000004c11720, 0x0000000004c11b90]
Event: 47.024 Thread 0x0000000019c5b000 11416       3       com.android.tools.r8.graph.l::a (8 bytes)
Event: 47.025 Thread 0x0000000019c5b000 nmethod 11416 0x0000000004c11dd0 code [0x0000000004c11fc0, 0x0000000004c12898]
Event: 47.030 Thread 0x0000000019c48000 nmethod 11398 0x0000000004c16390 code [0x0000000004c16580, 0x0000000004c16ea8]
Event: 47.030 Thread 0x0000000019c48000 11415       4       com.android.tools.r8.z.a.a.f::b (414 bytes)

GC Heap History (10 events):
Event: 23.850 GC heap before
{Heap before GC invocations=16 (full 3):
 PSYoungGen      total 242688K, used 672K [0x00000000d5580000, 0x00000000eb900000, 0x0000000100000000)
  eden space 220672K, 0% used [0x00000000d5580000,0x00000000d5580000,0x00000000e2d00000)
  from space 22016K, 3% used [0x00000000e2d00000,0x00000000e2da8000,0x00000000e4280000)
  to   space 22016K, 0% used [0x00000000ea380000,0x00000000ea380000,0x00000000eb900000)
 ParOldGen       total 50176K, used 40665K [0x0000000080000000, 0x0000000083100000, 0x00000000d5580000)
  object space 50176K, 81% used [0x0000000080000000,0x00000000827b6760,0x0000000083100000)
 Metaspace       used 56781K, capacity 59052K, committed 59160K, reserved 1099776K
  class space    used 7693K, capacity 8159K, committed 8240K, reserved 1048576K
Event: 24.187 GC heap after
Heap after GC invocations=16 (full 3):
 PSYoungGen      total 242688K, used 0K [0x00000000d5580000, 0x00000000eb900000, 0x0000000100000000)
  eden space 220672K, 0% used [0x00000000d5580000,0x00000000d5580000,0x00000000e2d00000)
  from space 22016K, 0% used [0x00000000e2d00000,0x00000000e2d00000,0x00000000e4280000)
  to   space 22016K, 0% used [0x00000000ea380000,0x00000000ea380000,0x00000000eb900000)
 ParOldGen       total 77824K, used 31022K [0x0000000080000000, 0x0000000084c00000, 0x00000000d5580000)
  object space 77824K, 39% used [0x0000000080000000,0x0000000081e4bb80,0x0000000084c00000)
 Metaspace       used 56744K, capacity 58926K, committed 59160K, reserved 1099776K
  class space    used 7681K, capacity 8138K, committed 8240K, reserved 1048576K
}
Event: 35.072 GC heap before
{Heap before GC invocations=17 (full 3):
 PSYoungGen      total 242688K, used 220672K [0x00000000d5580000, 0x00000000eb900000, 0x0000000100000000)
  eden space 220672K, 100% used [0x00000000d5580000,0x00000000e2d00000,0x00000000e2d00000)
  from space 22016K, 0% used [0x00000000e2d00000,0x00000000e2d00000,0x00000000e4280000)
  to   space 22016K, 0% used [0x00000000ea380000,0x00000000ea380000,0x00000000eb900000)
 ParOldGen       total 77824K, used 31022K [0x0000000080000000, 0x0000000084c00000, 0x00000000d5580000)
  object space 77824K, 39% used [0x0000000080000000,0x0000000081e4bb80,0x0000000084c00000)
 Metaspace       used 67123K, capacity 70378K, committed 70552K, reserved 1110016K
  class space    used 9198K, capacity 9838K, committed 9904K, reserved 1048576K
Event: 35.417 GC heap after
Heap after GC invocations=17 (full 3):
 PSYoungGen      total 330752K, used 20673K [0x00000000d5580000, 0x00000000eb800000, 0x0000000100000000)
  eden space 309760K, 0% used [0x00000000d5580000,0x00000000d5580000,0x00000000e8400000)
  from space 20992K, 98% used [0x00000000ea380000,0x00000000eb7b0600,0x00000000eb800000)
  to   space 25600K, 0% used [0x00000000e8600000,0x00000000e8600000,0x00000000e9f00000)
 ParOldGen       total 77824K, used 31030K [0x0000000080000000, 0x0000000084c00000, 0x00000000d5580000)
  object space 77824K, 39% used [0x0000000080000000,0x0000000081e4db80,0x0000000084c00000)
 Metaspace       used 67123K, capacity 70378K, committed 70552K, reserved 1110016K
  class space    used 9198K, capacity 9838K, committed 9904K, reserved 1048576K
}
Event: 42.725 GC heap before
{Heap before GC invocations=18 (full 3):
 PSYoungGen      total 330752K, used 330433K [0x00000000d5580000, 0x00000000eb800000, 0x0000000100000000)
  eden space 309760K, 100% used [0x00000000d5580000,0x00000000e8400000,0x00000000e8400000)
  from space 20992K, 98% used [0x00000000ea380000,0x00000000eb7b0600,0x00000000eb800000)
  to   space 25600K, 0% used [0x00000000e8600000,0x00000000e8600000,0x00000000e9f00000)
 ParOldGen       total 77824K, used 31030K [0x0000000080000000, 0x0000000084c00000, 0x00000000d5580000)
  object space 77824K, 39% used [0x0000000080000000,0x0000000081e4db80,0x0000000084c00000)
 Metaspace       used 76343K, capacity 79826K, committed 80024K, reserved 1118208K
  class space    used 10249K, capacity 10878K, committed 10928K, reserved 1048576K
Event: 42.903 GC heap after
Heap after GC invocations=18 (full 3):
 PSYoungGen      total 337408K, used 14542K [0x00000000d5580000, 0x00000000f2b80000, 0x0000000100000000)
  eden space 311808K, 0% used [0x00000000d5580000,0x00000000d5580000,0x00000000e8600000)
  from space 25600K, 56% used [0x00000000e8600000,0x00000000e9433a70,0x00000000e9f00000)
  to   space 26112K, 0% used [0x00000000f1200000,0x00000000f1200000,0x00000000f2b80000)
 ParOldGen       total 77824K, used 44027K [0x0000000080000000, 0x0000000084c00000, 0x00000000d5580000)
  object space 77824K, 56% used [0x0000000080000000,0x0000000082afeca8,0x0000000084c00000)
 Metaspace       used 76343K, capacity 79826K, committed 80024K, reserved 1118208K
  class space    used 10249K, capacity 10878K, committed 10928K, reserved 1048576K
}
Event: 44.922 GC heap before
{Heap before GC invocations=19 (full 3):
 PSYoungGen      total 337408K, used 326350K [0x00000000d5580000, 0x00000000f2b80000, 0x0000000100000000)
  eden space 311808K, 100% used [0x00000000d5580000,0x00000000e8600000,0x00000000e8600000)
  from space 25600K, 56% used [0x00000000e8600000,0x00000000e9433a70,0x00000000e9f00000)
  to   space 26112K, 0% used [0x00000000f1200000,0x00000000f1200000,0x00000000f2b80000)
 ParOldGen       total 77824K, used 44027K [0x0000000080000000, 0x0000000084c00000, 0x00000000d5580000)
  object space 77824K, 56% used [0x0000000080000000,0x0000000082afeca8,0x0000000084c00000)
 Metaspace       used 79866K, capacity 83806K, committed 83992K, reserved 1122304K
  class space    used 10766K, capacity 11464K, committed 11568K, reserved 1048576K
Event: 45.086 GC heap after
Heap after GC invocations=19 (full 3):
 PSYoungGen      total 433664K, used 26085K [0x00000000d5580000, 0x00000000f6180000, 0x0000000100000000)
  eden space 407552K, 0% used [0x00000000d5580000,0x00000000d5580000,0x00000000ee380000)
  from space 26112K, 99% used [0x00000000f1200000,0x00000000f2b796c0,0x00000000f2b80000)
  to   space 47616K, 0% used [0x00000000ee380000,0x00000000ee380000,0x00000000f1200000)
 ParOldGen       total 91136K, used 90816K [0x0000000080000000, 0x0000000085900000, 0x00000000d5580000)
  object space 91136K, 99% used [0x0000000080000000,0x00000000858b00b0,0x0000000085900000)
 Metaspace       used 79866K, capacity 83806K, committed 83992K, reserved 1122304K
  class space    used 10766K, capacity 11464K, committed 11568K, reserved 1048576K
}
Event: 45.087 GC heap before
{Heap before GC invocations=20 (full 4):
 PSYoungGen      total 433664K, used 26085K [0x00000000d5580000, 0x00000000f6180000, 0x0000000100000000)
  eden space 407552K, 0% used [0x00000000d5580000,0x00000000d5580000,0x00000000ee380000)
  from space 26112K, 99% used [0x00000000f1200000,0x00000000f2b796c0,0x00000000f2b80000)
  to   space 47616K, 0% used [0x00000000ee380000,0x00000000ee380000,0x00000000f1200000)
 ParOldGen       total 91136K, used 90816K [0x0000000080000000, 0x0000000085900000, 0x00000000d5580000)
  object space 91136K, 99% used [0x0000000080000000,0x00000000858b00b0,0x0000000085900000)
 Metaspace       used 79866K, capacity 83806K, committed 83992K, reserved 1122304K
  class space    used 10766K, capacity 11464K, committed 11568K, reserved 1048576K
Event: 46.476 GC heap after
Heap after GC invocations=20 (full 4):
 PSYoungGen      total 433664K, used 23017K [0x00000000d5580000, 0x00000000f6180000, 0x0000000100000000)
  eden space 407552K, 0% used [0x00000000d5580000,0x00000000d5580000,0x00000000ee380000)
  from space 26112K, 88% used [0x00000000f1200000,0x00000000f287a658,0x00000000f2b80000)
  to   space 47616K, 0% used [0x00000000ee380000,0x00000000ee380000,0x00000000f1200000)
 ParOldGen       total 163840K, used 90650K [0x0000000080000000, 0x000000008a000000, 0x00000000d5580000)
  object space 163840K, 55% used [0x0000000080000000,0x0000000085886ac8,0x000000008a000000)
 Metaspace       used 79557K, capacity 82886K, committed 83992K, reserved 1122304K
  class space    used 10665K, capacity 11286K, committed 11568K, reserved 1048576K
}

Deoptimization events (10 events):
Event: 46.972 Thread 0x000000001adb1800 Uncommon trap: reason=class_check action=maybe_recompile pc=0x0000000004b28840 method=com.android.tools.r8.q.a.a.b.A.a(I)Ljava/lang/Object; @ 9
Event: 46.972 Thread 0x000000001adab000 Uncommon trap: reason=class_check action=maybe_recompile pc=0x0000000004b28840 method=com.android.tools.r8.q.a.a.b.A.a(I)Ljava/lang/Object; @ 9
Event: 46.972 Thread 0x000000001adb2800 Uncommon trap: reason=class_check action=maybe_recompile pc=0x0000000004b28840 method=com.android.tools.r8.q.a.a.b.A.a(I)Ljava/lang/Object; @ 9
Event: 46.972 Thread 0x000000001adb1000 Uncommon trap: reason=class_check action=maybe_recompile pc=0x0000000004b28840 method=com.android.tools.r8.q.a.a.b.A.a(I)Ljava/lang/Object; @ 9
Event: 46.978 Thread 0x000000001ada9800 Uncommon trap: reason=class_check action=maybe_recompile pc=0x0000000004c01a98 method=com.android.tools.r8.graph.X0.b(Ljava/util/function/Predicate;Ljava/util/function/Consumer;Lcom/android/tools/r8/graph/W;)V @ 2
Event: 46.978 Thread 0x000000001adab000 Uncommon trap: reason=class_check action=maybe_recompile pc=0x0000000004c01a98 method=com.android.tools.r8.graph.X0.b(Ljava/util/function/Predicate;Ljava/util/function/Consumer;Lcom/android/tools/r8/graph/W;)V @ 2
Event: 46.979 Thread 0x000000001adb1800 Uncommon trap: reason=class_check action=maybe_recompile pc=0x0000000004c01a98 method=com.android.tools.r8.graph.X0.b(Ljava/util/function/Predicate;Ljava/util/function/Consumer;Lcom/android/tools/r8/graph/W;)V @ 2
Event: 46.979 Thread 0x000000001adb0000 Uncommon trap: reason=class_check action=maybe_recompile pc=0x0000000004c01a98 method=com.android.tools.r8.graph.X0.b(Ljava/util/function/Predicate;Ljava/util/function/Consumer;Lcom/android/tools/r8/graph/W;)V @ 2
Event: 46.979 Thread 0x000000001adb1000 Uncommon trap: reason=class_check action=maybe_recompile pc=0x0000000004c01a98 method=com.android.tools.r8.graph.X0.b(Ljava/util/function/Predicate;Ljava/util/function/Consumer;Lcom/android/tools/r8/graph/W;)V @ 2
Event: 46.980 Thread 0x000000001adb2800 Uncommon trap: reason=class_check action=maybe_recompile pc=0x0000000004c01a98 method=com.android.tools.r8.graph.X0.b(Ljava/util/function/Predicate;Ljava/util/function/Consumer;Lcom/android/tools/r8/graph/W;)V @ 2

Classes redefined (0 events):
No events

Internal exceptions (10 events):
Event: 43.622 Thread 0x000000001adab000 Exception <a 'java/lang/NoSuchMethodError': java.lang.Object.lambda$static$0(Ljava/lang/String;)Z> (0x00000000da68a9c0) thrown at [C:\src\AOSP-openjdk-git\hotspot\src\share\vm\interpreter\linkResolver.cpp, line 620]
Event: 43.812 Thread 0x000000001adb0000 Exception <a 'sun/nio/fs/WindowsException'> (0x00000000dd5c0b90) thrown at [C:\src\AOSP-openjdk-git\hotspot\src\share\vm\prims\jni.cpp, line 710]
Event: 43.828 Thread 0x000000001adb1800 Exception <a 'sun/nio/fs/WindowsException'> (0x00000000ddd4a3b0) thrown at [C:\src\AOSP-openjdk-git\hotspot\src\share\vm\prims\jni.cpp, line 710]
Event: 44.146 Thread 0x000000001adb5800 Exception <a 'sun/nio/fs/WindowsException'> (0x00000000e048def8) thrown at [C:\src\AOSP-openjdk-git\hotspot\src\share\vm\prims\jni.cpp, line 710]
Event: 44.280 Thread 0x000000001adb2800 Exception <a 'sun/nio/fs/WindowsException'> (0x00000000e16416f0) thrown at [C:\src\AOSP-openjdk-git\hotspot\src\share\vm\prims\jni.cpp, line 710]
Event: 44.318 Thread 0x000000001ada9800 Exception <a 'sun/nio/fs/WindowsException'> (0x00000000e1ab4a60) thrown at [C:\src\AOSP-openjdk-git\hotspot\src\share\vm\prims\jni.cpp, line 710]
Event: 44.387 Thread 0x000000001adb1000 Exception <a 'sun/nio/fs/WindowsException'> (0x00000000e205b178) thrown at [C:\src\AOSP-openjdk-git\hotspot\src\share\vm\prims\jni.cpp, line 710]
Event: 44.440 Thread 0x000000001adab000 Exception <a 'sun/nio/fs/WindowsException'> (0x00000000e2431fa0) thrown at [C:\src\AOSP-openjdk-git\hotspot\src\share\vm\prims\jni.cpp, line 710]
Event: 44.772 Thread 0x000000001adb1800 Exception <a 'java/lang/IncompatibleClassChangeError': Found class java.lang.Object, but interface was expected> (0x00000000e52a6788) thrown at [C:\src\AOSP-openjdk-git\hotspot\src\share\vm\interpreter\linkResolver.cpp, line 653]
Event: 44.772 Thread 0x000000001adb0000 Exception <a 'java/lang/IncompatibleClassChangeError': Found class java.lang.Object, but interface was expected> (0x00000000e5598910) thrown at [C:\src\AOSP-openjdk-git\hotspot\src\share\vm\interpreter\linkResolver.cpp, line 653]

Events (10 events):
Event: 47.048 loading class com/android/tools/r8/s/b/L0
Event: 47.048 loading class com/android/tools/r8/s/b/L0 done
Event: 47.049 loading class com/android/tools/r8/t/a/a/a/f/g
Event: 47.049 loading class com/android/tools/r8/t/a/a/a/f/g done
Event: 47.050 loading class com/android/tools/r8/t/a/a/a/f/k0
Event: 47.050 loading class com/android/tools/r8/t/a/a/a/f/k0 done
Event: 47.051 loading class com/android/tools/r8/t/a/a/a/f/k
Event: 47.051 loading class com/android/tools/r8/t/a/a/a/f/k done
Event: 47.052 loading class com/android/tools/r8/t/a/a/a/f/N0
Event: 47.052 loading class com/android/tools/r8/t/a/a/a/f/N0 done


Dynamic libraries:
0x00007ff71bd00000 - 0x00007ff71bd31000 	C:\Program Files\Android\Android Studio\jre\bin\java.exe
0x00007ffe6f020000 - 0x00007ffe6f224000 	C:\WINDOWS\SYSTEM32\ntdll.dll
0x00007ffe6e6d0000 - 0x00007ffe6e78d000 	C:\WINDOWS\System32\KERNEL32.DLL
0x00007ffe6c5e0000 - 0x00007ffe6c953000 	C:\WINDOWS\System32\KERNELBASE.dll
0x00007ffe63d20000 - 0x00007ffe63db2000 	C:\WINDOWS\SYSTEM32\apphelp.dll
0x00007ffe6e790000 - 0x00007ffe6e83c000 	C:\WINDOWS\System32\ADVAPI32.dll
0x00007ffe6e2d0000 - 0x00007ffe6e373000 	C:\WINDOWS\System32\msvcrt.dll
0x00007ffe6e380000 - 0x00007ffe6e41d000 	C:\WINDOWS\System32\sechost.dll
0x00007ffe6eea0000 - 0x00007ffe6efc2000 	C:\WINDOWS\System32\RPCRT4.dll
0x00007ffe6df60000 - 0x00007ffe6e10f000 	C:\WINDOWS\System32\USER32.dll
0x00007ffe6cb10000 - 0x00007ffe6cb36000 	C:\WINDOWS\System32\win32u.dll
0x00007ffe6e6a0000 - 0x00007ffe6e6c9000 	C:\WINDOWS\System32\GDI32.dll
0x00007ffe6cbc0000 - 0x00007ffe6ccd1000 	C:\WINDOWS\System32\gdi32full.dll
0x00007ffe6c960000 - 0x00007ffe6c9fd000 	C:\WINDOWS\System32\msvcp_win.dll
0x00007ffe6ca00000 - 0x00007ffe6cb10000 	C:\WINDOWS\System32\ucrtbase.dll
0x00007ffe610f0000 - 0x00007ffe61395000 	C:\WINDOWS\WinSxS\amd64_microsoft.windows.common-controls_6595b64144ccf1df_6.0.21364.1_none_7202377589d8d7cf\COMCTL32.dll
0x00007ffe6d310000 - 0x00007ffe6d341000 	C:\WINDOWS\System32\IMM32.DLL
0x000000006aec0000 - 0x000000006af92000 	C:\Program Files\Android\Android Studio\jre\jre\bin\msvcr100.dll
0x000000006b080000 - 0x000000006b8cb000 	C:\Program Files\Android\Android Studio\jre\jre\bin\server\jvm.dll
0x00007ffe6efd0000 - 0x00007ffe6efd8000 	C:\WINDOWS\System32\PSAPI.DLL
0x00007ffe63cd0000 - 0x00007ffe63cda000 	C:\WINDOWS\SYSTEM32\VERSION.dll
0x00007ffe643f0000 - 0x00007ffe64420000 	C:\WINDOWS\SYSTEM32\WINMM.dll
0x00007ffe61580000 - 0x00007ffe61589000 	C:\WINDOWS\SYSTEM32\WSOCK32.dll
0x00007ffe6d350000 - 0x00007ffe6d3c0000 	C:\WINDOWS\System32\WS2_32.dll
0x00007ffe61470000 - 0x00007ffe6147f000 	C:\Program Files\Android\Android Studio\jre\jre\bin\verify.dll
0x00007ffe459f0000 - 0x00007ffe45a19000 	C:\Program Files\Android\Android Studio\jre\jre\bin\java.dll
0x00007ffe459d0000 - 0x00007ffe459e6000 	C:\Program Files\Android\Android Studio\jre\jre\bin\zip.dll
0x00007ffe6d4b0000 - 0x00007ffe6dc08000 	C:\WINDOWS\System32\SHELL32.dll
0x00007ffe6a630000 - 0x00007ffe6ae93000 	C:\WINDOWS\SYSTEM32\windows.storage.dll
0x00007ffe6cf80000 - 0x00007ffe6d2f5000 	C:\WINDOWS\System32\combase.dll
0x00007ffe6a4c0000 - 0x00007ffe6a627000 	C:\WINDOWS\SYSTEM32\wintypes.dll
0x00007ffe6dc90000 - 0x00007ffe6dd7a000 	C:\WINDOWS\System32\SHCORE.dll
0x00007ffe6ee30000 - 0x00007ffe6ee8e000 	C:\WINDOWS\System32\shlwapi.dll
0x00007ffe6c510000 - 0x00007ffe6c531000 	C:\WINDOWS\SYSTEM32\profapi.dll
0x00007ffe459b0000 - 0x00007ffe459ca000 	C:\Program Files\Android\Android Studio\jre\jre\bin\net.dll
0x00007ffe6bb80000 - 0x00007ffe6bbe7000 	C:\WINDOWS\system32\mswsock.dll
0x00007ffe45990000 - 0x00007ffe459a3000 	C:\Program Files\Android\Android Studio\jre\jre\bin\nio.dll
0x00007ffe45bd0000 - 0x00007ffe45bf7000 	C:\Users\Billa\.gradle\native\f6784746aeab05261644944871eae4fe03e0ef1612fff0a4a95f87b438bc6780\windows-amd64\native-platform.dll
0x00007ffe60ce0000 - 0x00007ffe60ced000 	C:\Program Files\Android\Android Studio\jre\jre\bin\management.dll
0x00007ffe6bdc0000 - 0x00007ffe6bdd8000 	C:\WINDOWS\SYSTEM32\CRYPTSP.dll
0x00007ffe6b660000 - 0x00007ffe6b695000 	C:\WINDOWS\system32\rsaenh.dll
0x00007ffe6bc70000 - 0x00007ffe6bc98000 	C:\WINDOWS\SYSTEM32\USERENV.dll
0x00007ffe6bf40000 - 0x00007ffe6bf67000 	C:\WINDOWS\SYSTEM32\bcrypt.dll
0x00007ffe6cb40000 - 0x00007ffe6cbc0000 	C:\WINDOWS\System32\bcryptprimitives.dll
0x00007ffe6bde0000 - 0x00007ffe6bdec000 	C:\WINDOWS\SYSTEM32\CRYPTBASE.dll
0x00007ffe6b200000 - 0x00007ffe6b22d000 	C:\WINDOWS\SYSTEM32\IPHLPAPI.DLL
0x00007ffe6e420000 - 0x00007ffe6e429000 	C:\WINDOWS\System32\NSI.dll
0x00007ffe63f40000 - 0x00007ffe63f59000 	C:\WINDOWS\SYSTEM32\dhcpcsvc6.DLL
0x00007ffe64610000 - 0x00007ffe6462e000 	C:\WINDOWS\SYSTEM32\dhcpcsvc.DLL
0x00007ffe6b260000 - 0x00007ffe6b345000 	C:\WINDOWS\SYSTEM32\DNSAPI.dll
0x00007ffe655f0000 - 0x00007ffe655fc000 	C:\WINDOWS\SYSTEM32\WINNSI.DLL
0x00007ffe2a140000 - 0x00007ffe2a2dc000 	C:\Program Files\Android\Android Studio\jre\jre\bin\awt.dll
0x00007ffe6e490000 - 0x00007ffe6e55f000 	C:\WINDOWS\System32\OLEAUT32.dll
0x00007ffe6aef0000 - 0x00007ffe6af20000 	C:\WINDOWS\SYSTEM32\dwmapi.dll
0x00007ffe47c30000 - 0x00007ffe481e7000 	C:\WINDOWS\SYSTEM32\d2d1.dll
0x00007ffe66c20000 - 0x00007ffe66ccb000 	C:\WINDOWS\system32\uxtheme.dll

VM Arguments:
jvm_args: -Xmx2048m -Dfile.encoding=UTF-8 -Duser.country=US -Duser.language=en -Duser.variant 
java_command: org.gradle.launcher.daemon.bootstrap.GradleDaemon 6.5
java_class_path (initial): C:\Users\Billa\.gradle\wrapper\dists\gradle-6.5-bin\6nifqtx7604sqp1q6g8wikw7p\gradle-6.5\lib\gradle-launcher-6.5.jar
Launcher Type: SUN_STANDARD

Environment Variables:
JAVA_HOME=C:\Program Files\Java\jdk-15.0.1
PATH=C:\Program Files\Common Files\Oracle\Java\javapath;C:\WINDOWS\system32;C:\WINDOWS;C:\WINDOWS\System32\Wbem;C:\WINDOWS\System32\WindowsPowerShell\v1.0\;C:\WINDOWS\System32\OpenSSH\;C:\Program Files\Git\cmd;C:\Program Files\MongoDB\Server\4.4\bin;C:\Users\Billa\AppData\Local\Microsoft\WindowsApps;C:\Users\Billa\AppData\Local\Programs\Microsoft VS Code\bin;C:\Users\Billa\Downloads\jdk-15.0.1_windows-x64_bin\jdk-15.0.1\bin;
USERNAME=Billa
OS=Windows_NT
PROCESSOR_IDENTIFIER=Intel64 Family 6 Model 142 Stepping 11, GenuineIntel



---------------  S Y S T E M  ---------------

OS: Windows 10.0 , 64 bit Build 21364 (10.0.21364.1011)

CPU:total 8 (initial active 8) (4 cores per cpu, 2 threads per core) family 6 model 142 stepping 11, cmov, cx8, fxsr, mmx, sse, sse2, sse3, ssse3, sse4.1, sse4.2, popcnt, avx, avx2, aes, clmul, erms, 3dnowpref, lzcnt, ht, tsc, tscinvbit, bmi1, bmi2, adx

Memory: 4k page, physical 4004528k(83092k free), swap 12393136k(5564k free)

vm_info: OpenJDK 64-Bit Server VM (25.242-b01) for windows-amd64 JRE (1.8.0_242-release-1644-b01), built by "builder" with MS VC++ 10.0 (VS2010)

time: Wed May 05 18:11:52 2021
timezone: SE Asia Standard Time
elapsed time: 47 seconds (0d 0h 0m 47s)

