#
# There is insufficient memory for the Java Runtime Environment to continue.
# Native memory allocation (malloc) failed to allocate 1687776 bytes for Chunk::new
# Possible reasons:
#   The system is out of physical RAM or swap space
#   The process is running with CompressedOops enabled, and the Java Heap may be blocking the growth of the native heap
# Possible solutions:
#   Reduce memory load on the system
#   Increase physical memory or swap space
#   Check if swap backing store is full
#   Decrease Java heap size (-Xmx/-Xms)
#   Decrease number of Java threads
#   Decrease Java thread stack sizes (-Xss)
#   Set larger code cache with -XX:ReservedCodeCacheSize=
#   JVM is running with Unscaled Compressed Oops mode in which the Java heap is
#     placed in the first 4GB address space. The Java Heap base address is the
#     maximum limit for the native heap growth. Please use -XX:HeapBaseMinAddress
#     to set the Java Heap base and to place the Java Heap above 4GB virtual address.
# This output file may be truncated or incomplete.
#
#  Out of Memory Error (allocation.cpp:389), pid=14408, tid=0x000000000000026c
#
# JRE version: OpenJDK Runtime Environment (8.0_242-b01) (build 1.8.0_242-release-1644-b01)
# Java VM: OpenJDK 64-Bit Server VM (25.242-b01 mixed mode windows-amd64 compressed oops)
# Failed to write core dump. Minidumps are not enabled by default on client versions of Windows
#

---------------  T H R E A D  ---------------

Current thread (0x0000000019ac7800):  JavaThread "C2 CompilerThread2" daemon [_thread_in_native, id=620, stack(0x000000001a590000,0x000000001a690000)]

Stack: [0x000000001a590000,0x000000001a690000]
[error occurred during error reporting (printing stack bounds), id 0xc0000005]

Native frames: (J=compiled Java code, j=interpreted, Vv=VM code, C=native code)


Current CompileTask:
C2:   5650 2773       4       groovy.lang.MetaClassImpl$1MOPIter::methodNameAction (325 bytes)


---------------  P R O C E S S  ---------------

Java Threads: ( => current thread )
  0x0000000020c70800 JavaThread "Cache worker for file content cache (C:\Users\Billa\.gradle\caches\6.5\fileContent)" [_thread_blocked, id=16220, stack(0x00000000241d0000,0x00000000242d0000)]
  0x0000000020c6f800 JavaThread "Cache worker for execution history cache (C:\Users\Billa\.gradle\caches\6.5\executionHistory)" [_thread_blocked, id=10664, stack(0x0000000023cd0000,0x0000000023dd0000)]
  0x0000000020c75000 JavaThread "Cache worker for cache directory md-rule (C:\Users\Billa\.gradle\caches\6.5\md-rule)" [_thread_blocked, id=6136, stack(0x00000000239d0000,0x0000000023ad0000)]
  0x0000000020c74000 JavaThread "Cache worker for cache directory md-supplier (C:\Users\Billa\.gradle\caches\6.5\md-supplier)" [_thread_blocked, id=12944, stack(0x00000000238d0000,0x00000000239d0000)]
  0x0000000020c6f000 JavaThread "Cache worker for checksums cache (D:\Billa Fathia\Documents\rpla sm.4\Mobpro\Tugas 4\.gradle\checksums)" [_thread_blocked, id=8080, stack(0x00000000237d0000,0x00000000238d0000)]
  0x0000000020c72800 JavaThread "jar transforms Thread 20" [_thread_blocked, id=13464, stack(0x00000000234d0000,0x00000000235d0000)]
  0x0000000020c67800 JavaThread "jar transforms Thread 19" [_thread_blocked, id=4972, stack(0x00000000233d0000,0x00000000234d0000)]
  0x0000000020c69000 JavaThread "jar transforms Thread 18" [_thread_blocked, id=11252, stack(0x00000000232d0000,0x00000000233d0000)]
  0x0000000020c6e000 JavaThread "jar transforms Thread 17" [_thread_blocked, id=308, stack(0x00000000231d0000,0x00000000232d0000)]
  0x0000000020c6b000 JavaThread "jar transforms Thread 16" [_thread_blocked, id=18348, stack(0x00000000230d0000,0x00000000231d0000)]
  0x0000000020c68000 JavaThread "jar transforms Thread 15" [_thread_blocked, id=18416, stack(0x0000000022fd0000,0x00000000230d0000)]
  0x0000000020c6d800 JavaThread "jar transforms Thread 14" [_thread_blocked, id=12740, stack(0x0000000022ed0000,0x0000000022fd0000)]
  0x0000000020c66000 JavaThread "jar transforms Thread 13" [_thread_blocked, id=3144, stack(0x0000000022dd0000,0x0000000022ed0000)]
  0x0000000020c66800 JavaThread "jar transforms Thread 12" [_thread_blocked, id=2568, stack(0x0000000022bd0000,0x0000000022cd0000)]
  0x0000000020c6a800 JavaThread "jar transforms Thread 11" [_thread_blocked, id=11632, stack(0x0000000022ad0000,0x0000000022bd0000)]
  0x0000000020c6c000 JavaThread "jar transforms Thread 10" [_thread_blocked, id=16812, stack(0x00000000229d0000,0x0000000022ad0000)]
  0x0000000020c6c800 JavaThread "jar transforms Thread 9" [_thread_blocked, id=3472, stack(0x00000000228d0000,0x00000000229d0000)]
  0x0000000020c69800 JavaThread "jar transforms Thread 8" [_thread_blocked, id=11232, stack(0x00000000227d0000,0x00000000228d0000)]
  0x000000001c745800 JavaThread "jar transforms Thread 7" [_thread_blocked, id=1888, stack(0x00000000226d0000,0x00000000227d0000)]
  0x000000001c744800 JavaThread "jar transforms Thread 6" [_thread_blocked, id=12624, stack(0x00000000225d0000,0x00000000226d0000)]
  0x000000001c744000 JavaThread "jar transforms Thread 5" [_thread_blocked, id=2076, stack(0x00000000224d0000,0x00000000225d0000)]
  0x000000001c74a000 JavaThread "jar transforms Thread 4" [_thread_blocked, id=14976, stack(0x00000000223d0000,0x00000000224d0000)]
  0x000000001c747800 JavaThread "jar transforms Thread 3" [_thread_blocked, id=720, stack(0x0000000021020000,0x0000000021120000)]
  0x000000001c746000 JavaThread "jar transforms Thread 2" [_thread_blocked, id=1276, stack(0x000000001fd90000,0x000000001fe90000)]
  0x000000001c747000 JavaThread "jar transforms" [_thread_blocked, id=5384, stack(0x000000001fc90000,0x000000001fd90000)]
  0x000000001c748800 JavaThread "Cache worker for file hash cache (D:\Billa Fathia\Documents\rpla sm.4\Mobpro\Tugas 4\.gradle\6.5\fileHashes)" [_thread_blocked, id=10108, stack(0x000000001ff20000,0x0000000020020000)]
  0x000000001c749000 JavaThread "Cache worker for file hash cache (C:\Users\Billa\.gradle\caches\6.5\fileHashes)" [_thread_blocked, id=13308, stack(0x000000001e9c0000,0x000000001eac0000)]
  0x000000001c74a800 JavaThread "File lock request listener" [_thread_in_native, id=6104, stack(0x000000001e8c0000,0x000000001e9c0000)]
  0x000000001c721000 JavaThread "Cache worker for journal cache (C:\Users\Billa\.gradle\caches\journal-1)" [_thread_blocked, id=12316, stack(0x000000001e7c0000,0x000000001e8c0000)]
  0x000000001c5d3800 JavaThread "Thread-9" [_thread_blocked, id=7664, stack(0x000000001e4c0000,0x000000001e5c0000)]
  0x000000001aa72800 JavaThread "Stdin handler" [_thread_blocked, id=13560, stack(0x000000001e3c0000,0x000000001e4c0000)]
  0x000000001aa72000 JavaThread "Asynchronous log dispatcher for DefaultDaemonConnection: socket connection from /127.0.0.1:50473 to /127.0.0.1:50474" [_thread_blocked, id=8044, stack(0x000000001e2c0000,0x000000001e3c0000)]
  0x000000001aa6f000 JavaThread "Daemon worker" [_thread_in_native, id=17656, stack(0x000000001e1c0000,0x000000001e2c0000)]
  0x000000001aa6e000 JavaThread "Cancel handler" [_thread_blocked, id=8244, stack(0x000000001e0c0000,0x000000001e1c0000)]
  0x000000001c53f800 JavaThread "Handler for socket connection from /127.0.0.1:50473 to /127.0.0.1:50474" [_thread_in_native, id=8620, stack(0x000000001dfc0000,0x000000001e0c0000)]
  0x000000001c53e800 JavaThread "Daemon" [_thread_blocked, id=5428, stack(0x000000001dec0000,0x000000001dfc0000)]
  0x000000001c531000 JavaThread "Daemon periodic checks" [_thread_blocked, id=9448, stack(0x000000001dbc0000,0x000000001dcc0000)]
  0x000000001c52f800 JavaThread "Incoming local TCP Connector on port 50473" [_thread_in_native, id=11104, stack(0x000000001d970000,0x000000001da70000)]
  0x000000001c4e1000 JavaThread "Daemon health stats" [_thread_blocked, id=17444, stack(0x000000001d330000,0x000000001d430000)]
  0x0000000019b57000 JavaThread "Service Thread" daemon [_thread_blocked, id=11008, stack(0x000000001a790000,0x000000001a890000)]
  0x0000000019acd800 JavaThread "C1 CompilerThread3" daemon [_thread_blocked, id=14972, stack(0x000000001a690000,0x000000001a790000)]
=>0x0000000019ac7800 JavaThread "C2 CompilerThread2" daemon [_thread_in_native, id=620, stack(0x000000001a590000,0x000000001a690000)]
  0x0000000017cbc000 JavaThread "C2 CompilerThread1" daemon [_thread_in_native, id=10852, stack(0x000000001a490000,0x000000001a590000)]
  0x0000000017cb9000 JavaThread "C2 CompilerThread0" daemon [_thread_in_native, id=13208, stack(0x000000001a390000,0x000000001a490000)]
  0x0000000019ac4800 JavaThread "Attach Listener" daemon [_thread_blocked, id=2560, stack(0x000000001a290000,0x000000001a390000)]
  0x0000000019ac3800 JavaThread "Signal Dispatcher" daemon [_thread_blocked, id=14208, stack(0x000000001a190000,0x000000001a290000)]
  0x0000000019ab1800 JavaThread "Finalizer" daemon [_thread_blocked, id=6196, stack(0x0000000019f90000,0x000000001a090000)]
  0x0000000019ab0800 JavaThread "Reference Handler" daemon [_thread_blocked, id=12628, stack(0x0000000019e90000,0x0000000019f90000)]
  0x000000000119e000 JavaThread "main" [_thread_blocked, id=16128, stack(0x00000000029e0000,0x0000000002ae0000)]

Other Threads:
  0x0000000017ca8000 VMThread [stack: 0x0000000019990000,0x0000000019a90000] [id=1112]
  0x0000000019b57800 WatcherThread [stack: 0x000000001a890000,0x000000001a990000] [id=15240]

VM state:not at safepoint (normal execution)

VM Mutex/Monitor currently owned by a thread: None

heap address: 0x0000000080000000, size: 2048 MB, Compressed Oops mode: 32-bit
Narrow klass base: 0x0000000000000000, Narrow klass shift: 3
Compressed class space size: 1073741824 Address: 0x0000000100000000

Heap:
 PSYoungGen      total 178176K, used 11393K [0x00000000d5580000, 0x00000000e1200000, 0x0000000100000000)
  eden space 167424K, 6% used [0x00000000d5580000,0x00000000d60a04d8,0x00000000df900000)
  from space 10752K, 0% used [0x00000000e0780000,0x00000000e0780000,0x00000000e1200000)
  to   space 12800K, 0% used [0x00000000df900000,0x00000000df900000,0x00000000e0580000)
 ParOldGen       total 51712K, used 15833K [0x0000000080000000, 0x0000000083280000, 0x00000000d5580000)
  object space 51712K, 30% used [0x0000000080000000,0x0000000080f76778,0x0000000083280000)
 Metaspace       used 34615K, capacity 36000K, committed 36352K, reserved 1081344K
  class space    used 4687K, capacity 5022K, committed 5120K, reserved 1048576K

Card table byte_map: [0x0000000012000000,0x0000000012410000] byte_map_base: 0x0000000011c00000

Marking Bits: (ParMarkBitMap*) 0x000000006b84f030
 Begin Bits: [0x0000000012ec0000, 0x0000000014ec0000)
 End Bits:   [0x0000000014ec0000, 0x0000000016ec0000)

Polling page: 0x0000000001170000

CodeCache: size=245760Kb used=11362Kb max_used=11362Kb free=234397Kb
 bounds [0x0000000002c40000, 0x0000000003760000, 0x0000000011c40000]
 total_blobs=3617 nmethods=2919 adapters=610
 compilation: enabled

Compilation events (10 events):
Event: 5.632 Thread 0x0000000019acd800 2928       3       java.beans.FeatureDescriptor::<init> (137 bytes)
Event: 5.632 Thread 0x0000000019acd800 nmethod 2928 0x0000000003758990 code [0x0000000003758be0, 0x0000000003759818]
Event: 5.632 Thread 0x0000000019acd800 2929       3       java.util.WeakHashMap::newTable (8 bytes)
Event: 5.632 Thread 0x0000000019acd800 nmethod 2929 0x0000000003759d90 code [0x0000000003759ee0, 0x000000000375a0b0]
Event: 5.637 Thread 0x0000000019acd800 2930       3       sun.reflect.annotation.AnnotationInvocationHandler::invoke (277 bytes)
Event: 5.638 Thread 0x0000000019acd800 nmethod 2930 0x000000000375a150 code [0x000000000375a440, 0x000000000375ba38]
Event: 5.638 Thread 0x0000000019acd800 2931       3       com.google.common.collect.Hashing::closedTableSize (37 bytes)
Event: 5.638 Thread 0x0000000019acd800 nmethod 2931 0x000000000375c3d0 code [0x000000000375c560, 0x000000000375c868]
Event: 5.640 Thread 0x0000000019acd800 2932       3       org.objectweb.asm.Frame::setLocal (65 bytes)
Event: 5.640 Thread 0x0000000019acd800 nmethod 2932 0x000000000375c950 code [0x000000000375cae0, 0x000000000375cfa8]

GC Heap History (10 events):
Event: 3.070 GC heap before
{Heap before GC invocations=8 (full 0):
 PSYoungGen      total 69120K, used 15468K [0x00000000d5580000, 0x00000000de180000, 0x0000000100000000)
  eden space 61952K, 13% used [0x00000000d5580000,0x00000000d5d9e0b8,0x00000000d9200000)
  from space 7168K, 99% used [0x00000000d9200000,0x00000000d98fcfd0,0x00000000d9900000)
  to   space 9728K, 0% used [0x00000000dd800000,0x00000000dd800000,0x00000000de180000)
 ParOldGen       total 42496K, used 7869K [0x0000000080000000, 0x0000000082980000, 0x00000000d5580000)
  object space 42496K, 18% used [0x0000000080000000,0x00000000807af528,0x0000000082980000)
 Metaspace       used 20508K, capacity 21218K, committed 21296K, reserved 1067008K
  class space    used 2861K, capacity 3039K, committed 3072K, reserved 1048576K
Event: 3.076 GC heap after
Heap after GC invocations=8 (full 0):
 PSYoungGen      total 132608K, used 4473K [0x00000000d5580000, 0x00000000de080000, 0x0000000100000000)
  eden space 123904K, 0% used [0x00000000d5580000,0x00000000d5580000,0x00000000dce80000)
  from space 8704K, 51% used [0x00000000dd800000,0x00000000ddc5e4f8,0x00000000de080000)
  to   space 9216K, 0% used [0x00000000dce80000,0x00000000dce80000,0x00000000dd780000)
 ParOldGen       total 42496K, used 8461K [0x0000000080000000, 0x0000000082980000, 0x00000000d5580000)
  object space 42496K, 19% used [0x0000000080000000,0x0000000080843528,0x0000000082980000)
 Metaspace       used 20508K, capacity 21218K, committed 21296K, reserved 1067008K
  class space    used 2861K, capacity 3039K, committed 3072K, reserved 1048576K
}
Event: 3.076 GC heap before
{Heap before GC invocations=9 (full 1):
 PSYoungGen      total 132608K, used 4473K [0x00000000d5580000, 0x00000000de080000, 0x0000000100000000)
  eden space 123904K, 0% used [0x00000000d5580000,0x00000000d5580000,0x00000000dce80000)
  from space 8704K, 51% used [0x00000000dd800000,0x00000000ddc5e4f8,0x00000000de080000)
  to   space 9216K, 0% used [0x00000000dce80000,0x00000000dce80000,0x00000000dd780000)
 ParOldGen       total 42496K, used 8461K [0x0000000080000000, 0x0000000082980000, 0x00000000d5580000)
  object space 42496K, 19% used [0x0000000080000000,0x0000000080843528,0x0000000082980000)
 Metaspace       used 20508K, capacity 21218K, committed 21296K, reserved 1067008K
  class space    used 2861K, capacity 3039K, committed 3072K, reserved 1048576K
Event: 3.116 GC heap after
Heap after GC invocations=9 (full 1):
 PSYoungGen      total 132608K, used 0K [0x00000000d5580000, 0x00000000de080000, 0x0000000100000000)
  eden space 123904K, 0% used [0x00000000d5580000,0x00000000d5580000,0x00000000dce80000)
  from space 8704K, 0% used [0x00000000dd800000,0x00000000dd800000,0x00000000de080000)
  to   space 9216K, 0% used [0x00000000dce80000,0x00000000dce80000,0x00000000dd780000)
 ParOldGen       total 32256K, used 7307K [0x0000000080000000, 0x0000000081f80000, 0x00000000d5580000)
  object space 32256K, 22% used [0x0000000080000000,0x0000000080722e40,0x0000000081f80000)
 Metaspace       used 20508K, capacity 21218K, committed 21296K, reserved 1067008K
  class space    used 2861K, capacity 3039K, committed 3072K, reserved 1048576K
}
Event: 4.739 GC heap before
{Heap before GC invocations=10 (full 1):
 PSYoungGen      total 132608K, used 123904K [0x00000000d5580000, 0x00000000de080000, 0x0000000100000000)
  eden space 123904K, 100% used [0x00000000d5580000,0x00000000dce80000,0x00000000dce80000)
  from space 8704K, 0% used [0x00000000dd800000,0x00000000dd800000,0x00000000de080000)
  to   space 9216K, 0% used [0x00000000dce80000,0x00000000dce80000,0x00000000dd780000)
 ParOldGen       total 32256K, used 7307K [0x0000000080000000, 0x0000000081f80000, 0x00000000d5580000)
  object space 32256K, 22% used [0x0000000080000000,0x0000000080722e40,0x0000000081f80000)
 Metaspace       used 32439K, capacity 33618K, committed 33920K, reserved 1079296K
  class space    used 4397K, capacity 4702K, committed 4736K, reserved 1048576K
Event: 4.754 GC heap after
Heap after GC invocations=10 (full 1):
 PSYoungGen      total 133120K, used 9205K [0x00000000d5580000, 0x00000000e1380000, 0x0000000100000000)
  eden space 123904K, 0% used [0x00000000d5580000,0x00000000d5580000,0x00000000dce80000)
  from space 9216K, 99% used [0x00000000dce80000,0x00000000dd77d520,0x00000000dd780000)
  to   space 12288K, 0% used [0x00000000e0780000,0x00000000e0780000,0x00000000e1380000)
 ParOldGen       total 32256K, used 11200K [0x0000000080000000, 0x0000000081f80000, 0x00000000d5580000)
  object space 32256K, 34% used [0x0000000080000000,0x0000000080af0150,0x0000000081f80000)
 Metaspace       used 32439K, capacity 33618K, committed 33920K, reserved 1079296K
  class space    used 4397K, capacity 4702K, committed 4736K, reserved 1048576K
}
Event: 5.472 GC heap before
{Heap before GC invocations=11 (full 1):
 PSYoungGen      total 133120K, used 47592K [0x00000000d5580000, 0x00000000e1380000, 0x0000000100000000)
  eden space 123904K, 30% used [0x00000000d5580000,0x00000000d7afcb20,0x00000000dce80000)
  from space 9216K, 99% used [0x00000000dce80000,0x00000000dd77d520,0x00000000dd780000)
  to   space 12288K, 0% used [0x00000000e0780000,0x00000000e0780000,0x00000000e1380000)
 ParOldGen       total 32256K, used 11200K [0x0000000080000000, 0x0000000081f80000, 0x00000000d5580000)
  object space 32256K, 34% used [0x0000000080000000,0x0000000080af0150,0x0000000081f80000)
 Metaspace       used 34023K, capacity 35392K, committed 35456K, reserved 1079296K
  class space    used 4610K, capacity 4977K, committed 4992K, reserved 1048576K
Event: 5.479 GC heap after
Heap after GC invocations=11 (full 1):
 PSYoungGen      total 178176K, used 9248K [0x00000000d5580000, 0x00000000e1200000, 0x0000000100000000)
  eden space 167424K, 0% used [0x00000000d5580000,0x00000000d5580000,0x00000000df900000)
  from space 10752K, 86% used [0x00000000e0780000,0x00000000e1088380,0x00000000e1200000)
  to   space 12800K, 0% used [0x00000000df900000,0x00000000df900000,0x00000000e0580000)
 ParOldGen       total 32256K, used 11208K [0x0000000080000000, 0x0000000081f80000, 0x00000000d5580000)
  object space 32256K, 34% used [0x0000000080000000,0x0000000080af2150,0x0000000081f80000)
 Metaspace       used 34023K, capacity 35392K, committed 35456K, reserved 1079296K
  class space    used 4610K, capacity 4977K, committed 4992K, reserved 1048576K
}
Event: 5.479 GC heap before
{Heap before GC invocations=12 (full 2):
 PSYoungGen      total 178176K, used 9248K [0x00000000d5580000, 0x00000000e1200000, 0x0000000100000000)
  eden space 167424K, 0% used [0x00000000d5580000,0x00000000d5580000,0x00000000df900000)
  from space 10752K, 86% used [0x00000000e0780000,0x00000000e1088380,0x00000000e1200000)
  to   space 12800K, 0% used [0x00000000df900000,0x00000000df900000,0x00000000e0580000)
 ParOldGen       total 32256K, used 11208K [0x0000000080000000, 0x0000000081f80000, 0x00000000d5580000)
  object space 32256K, 34% used [0x0000000080000000,0x0000000080af2150,0x0000000081f80000)
 Metaspace       used 34023K, capacity 35392K, committed 35456K, reserved 1079296K
  class space    used 4610K, capacity 4977K, committed 4992K, reserved 1048576K
Event: 5.521 GC heap after
Heap after GC invocations=12 (full 2):
 PSYoungGen      total 178176K, used 0K [0x00000000d5580000, 0x00000000e1200000, 0x0000000100000000)
  eden space 167424K, 0% used [0x00000000d5580000,0x00000000d5580000,0x00000000df900000)
  from space 10752K, 0% used [0x00000000e0780000,0x00000000e0780000,0x00000000e1200000)
  to   space 12800K, 0% used [0x00000000df900000,0x00000000df900000,0x00000000e0580000)
 ParOldGen       total 51712K, used 15833K [0x0000000080000000, 0x0000000083280000, 0x00000000d5580000)
  object space 51712K, 30% used [0x0000000080000000,0x0000000080f76778,0x0000000083280000)
 Metaspace       used 34023K, capacity 35392K, committed 35456K, reserved 1079296K
  class space    used 4610K, capacity 4977K, committed 4992K, reserved 1048576K
}

Deoptimization events (10 events):
Event: 4.061 Thread 0x000000001aa6f000 Uncommon trap: reason=bimorphic action=maybe_recompile pc=0x0000000003299c50 method=java.io.BufferedInputStream.read([BII)I @ 101
Event: 4.061 Thread 0x000000001aa6f000 Uncommon trap: reason=bimorphic action=maybe_recompile pc=0x0000000003299c50 method=java.io.BufferedInputStream.read([BII)I @ 101
Event: 4.062 Thread 0x000000001aa6f000 Uncommon trap: reason=bimorphic action=maybe_recompile pc=0x0000000003299c50 method=java.io.BufferedInputStream.read([BII)I @ 101
Event: 4.755 Thread 0x0000000019ab0800 Uncommon trap: reason=unstable_if action=reinterpret pc=0x0000000003236d7c method=java.lang.ref.Reference.tryHandlePending(Z)Z @ 104
Event: 5.183 Thread 0x000000001aa6f000 Uncommon trap: reason=unstable_if action=reinterpret pc=0x0000000003385dd4 method=java.lang.String.regionMatches(ZILjava/lang/String;II)Z @ 123
Event: 5.183 Thread 0x000000001aa6f000 Uncommon trap: reason=unstable_if action=reinterpret pc=0x0000000003132e64 method=java.lang.String.regionMatches(ZILjava/lang/String;II)Z @ 123
Event: 5.314 Thread 0x000000001aa6f000 Uncommon trap: reason=unstable_if action=reinterpret pc=0x000000000312a7cc method=sun.misc.URLClassPath$JarLoader.getResource(Ljava/lang/String;ZLjava/util/Set;)Lsun/misc/Resource; @ 17
Event: 5.461 Thread 0x000000001aa6f000 Uncommon trap: reason=unstable_if action=reinterpret pc=0x0000000003665cd8 method=org.codehaus.groovy.runtime.metaclass.MetaMethodIndex.addMethodToList(Ljava/lang/Object;Lgroovy/lang/MetaMethod;)Ljava/lang/Object; @ 226
Event: 5.539 Thread 0x000000001aa6f000 Uncommon trap: reason=unstable_if action=reinterpret pc=0x000000000324cfd0 method=java.util.HashMap.putVal(ILjava/lang/Object;Ljava/lang/Object;ZZ)Ljava/lang/Object; @ 162
Event: 5.540 Thread 0x000000001aa6f000 Uncommon trap: reason=range_check action=make_not_entrant pc=0x00000000035feed0 method=java.lang.String.charAt(I)C @ 27

Classes redefined (0 events):
No events

Internal exceptions (10 events):
Event: 5.620 Thread 0x000000001aa6f000 Exception <a 'java/lang/ClassNotFoundException': org/gradle/plugin/use/internal/PluginsAwareScriptBeanInfo> (0x00000000d58e2390) thrown at [C:\src\AOSP-openjdk-git\hotspot\src\share\vm\classfile\systemDictionary.cpp, line 210]
Event: 5.620 Thread 0x000000001aa6f000 Exception <a 'java/lang/ClassNotFoundException': org/gradle/plugin/use/internal/PluginsAwareScriptCustomizer> (0x00000000d58fd650) thrown at [C:\src\AOSP-openjdk-git\hotspot\src\share\vm\classfile\systemDictionary.cpp, line 210]
Event: 5.620 Thread 0x000000001aa6f000 Exception <a 'java/lang/ClassNotFoundException': org/gradle/initialization/SettingsScriptCustomizer> (0x00000000d591d888) thrown at [C:\src\AOSP-openjdk-git\hotspot\src\share\vm\classfile\systemDictionary.cpp, line 210]
Event: 5.621 Thread 0x000000001aa6f000 Exception <a 'java/lang/ClassNotFoundException': settings_40cc55ppssn7r5gllgq9xsauxCustomizer> (0x00000000d5b716c8) thrown at [C:\src\AOSP-openjdk-git\hotspot\src\share\vm\classfile\systemDictionary.cpp, line 210]
Event: 5.624 Thread 0x000000001aa6f000 Exception <a 'java/lang/ClassNotFoundException': org/gradle/initialization/DefaultSettings_DecoratedBeanInfo> (0x00000000d5c07040) thrown at [C:\src\AOSP-openjdk-git\hotspot\src\share\vm\classfile\systemDictionary.cpp, line 210]
Event: 5.624 Thread 0x000000001aa6f000 Exception <a 'java/lang/ClassNotFoundException': org/gradle/initialization/DefaultSettingsBeanInfo> (0x00000000d5c31860) thrown at [C:\src\AOSP-openjdk-git\hotspot\src\share\vm\classfile\systemDictionary.cpp, line 210]
Event: 5.625 Thread 0x000000001aa6f000 Exception <a 'java/lang/ClassNotFoundException': org/gradle/initialization/DefaultSettingsCustomizer> (0x00000000d5c5df68) thrown at [C:\src\AOSP-openjdk-git\hotspot\src\share\vm\classfile\systemDictionary.cpp, line 210]
Event: 5.627 Thread 0x000000001aa6f000 Exception <a 'java/lang/ClassNotFoundException': org/gradle/initialization/DefaultSettings_DecoratedCustomizer> (0x00000000d5cccbb8) thrown at [C:\src\AOSP-openjdk-git\hotspot\src\share\vm\classfile\systemDictionary.cpp, line 210]
Event: 5.631 Thread 0x000000001aa6f000 Exception <a 'java/lang/ClassNotFoundException': org/gradle/initialization/DefaultProjectDescriptorBeanInfo> (0x00000000d5d7b708) thrown at [C:\src\AOSP-openjdk-git\hotspot\src\share\vm\classfile\systemDictionary.cpp, line 210]
Event: 5.631 Thread 0x000000001aa6f000 Exception <a 'java/lang/ClassNotFoundException': org/gradle/initialization/DefaultProjectDescriptorCustomizer> (0x00000000d5dab290) thrown at [C:\src\AOSP-openjdk-git\hotspot\src\share\vm\classfile\systemDictionary.cpp, line 210]

Events (10 events):
Event: 5.646 loading class org/gradle/api/internal/SettingsInternal
Event: 5.646 loading class org/gradle/api/internal/SettingsInternal done
Event: 5.647 loading class org/gradle/initialization/ProjectSpecs
Event: 5.647 loading class org/gradle/initialization/ProjectSpecs done
Event: 5.647 loading class org/gradle/initialization/ProjectSpec
Event: 5.647 loading class org/gradle/initialization/ProjectSpec done
Event: 5.647 loading class org/gradle/initialization/ProjectDirectoryProjectSpec
Event: 5.647 loading class org/gradle/initialization/ProjectDirectoryProjectSpec done
Event: 5.648 loading class org/gradle/initialization/AbstractProjectSpec
Event: 5.648 loading class org/gradle/initialization/AbstractProjectSpec done


Dynamic libraries:
0x00007ff651870000 - 0x00007ff6518a1000 	C:\Program Files\Android\Android Studio\jre\bin\java.exe
0x00007ffe6f020000 - 0x00007ffe6f224000 	C:\WINDOWS\SYSTEM32\ntdll.dll
0x00007ffe6e6d0000 - 0x00007ffe6e78d000 	C:\WINDOWS\System32\KERNEL32.DLL
0x00007ffe6c5e0000 - 0x00007ffe6c953000 	C:\WINDOWS\System32\KERNELBASE.dll
0x00007ffe63d20000 - 0x00007ffe63db2000 	C:\WINDOWS\SYSTEM32\apphelp.dll
0x00007ffe6e790000 - 0x00007ffe6e83c000 	C:\WINDOWS\System32\ADVAPI32.dll
0x00007ffe6e2d0000 - 0x00007ffe6e373000 	C:\WINDOWS\System32\msvcrt.dll
0x00007ffe6e380000 - 0x00007ffe6e41d000 	C:\WINDOWS\System32\sechost.dll
0x00007ffe6eea0000 - 0x00007ffe6efc2000 	C:\WINDOWS\System32\RPCRT4.dll
0x00007ffe6df60000 - 0x00007ffe6e10f000 	C:\WINDOWS\System32\USER32.dll
0x00007ffe6cb10000 - 0x00007ffe6cb36000 	C:\WINDOWS\System32\win32u.dll
0x00007ffe6e6a0000 - 0x00007ffe6e6c9000 	C:\WINDOWS\System32\GDI32.dll
0x00007ffe6cbc0000 - 0x00007ffe6ccd1000 	C:\WINDOWS\System32\gdi32full.dll
0x00007ffe6c960000 - 0x00007ffe6c9fd000 	C:\WINDOWS\System32\msvcp_win.dll
0x00007ffe6ca00000 - 0x00007ffe6cb10000 	C:\WINDOWS\System32\ucrtbase.dll
0x00007ffe610f0000 - 0x00007ffe61395000 	C:\WINDOWS\WinSxS\amd64_microsoft.windows.common-controls_6595b64144ccf1df_6.0.21364.1_none_7202377589d8d7cf\COMCTL32.dll
0x00007ffe6d310000 - 0x00007ffe6d341000 	C:\WINDOWS\System32\IMM32.DLL
0x000000006aec0000 - 0x000000006af92000 	C:\Program Files\Android\Android Studio\jre\jre\bin\msvcr100.dll
0x000000006b080000 - 0x000000006b8cb000 	C:\Program Files\Android\Android Studio\jre\jre\bin\server\jvm.dll
0x00007ffe6efd0000 - 0x00007ffe6efd8000 	C:\WINDOWS\System32\PSAPI.DLL
0x00007ffe643f0000 - 0x00007ffe64420000 	C:\WINDOWS\SYSTEM32\WINMM.dll
0x00007ffe63cd0000 - 0x00007ffe63cda000 	C:\WINDOWS\SYSTEM32\VERSION.dll
0x00007ffe61580000 - 0x00007ffe61589000 	C:\WINDOWS\SYSTEM32\WSOCK32.dll
0x00007ffe6d350000 - 0x00007ffe6d3c0000 	C:\WINDOWS\System32\WS2_32.dll
0x00007ffe61470000 - 0x00007ffe6147f000 	C:\Program Files\Android\Android Studio\jre\jre\bin\verify.dll
0x00007ffe459f0000 - 0x00007ffe45a19000 	C:\Program Files\Android\Android Studio\jre\jre\bin\java.dll
0x00007ffe459d0000 - 0x00007ffe459e6000 	C:\Program Files\Android\Android Studio\jre\jre\bin\zip.dll
0x00007ffe6d4b0000 - 0x00007ffe6dc08000 	C:\WINDOWS\System32\SHELL32.dll
0x00007ffe6a630000 - 0x00007ffe6ae93000 	C:\WINDOWS\SYSTEM32\windows.storage.dll
0x00007ffe6cf80000 - 0x00007ffe6d2f5000 	C:\WINDOWS\System32\combase.dll
0x00007ffe6a4c0000 - 0x00007ffe6a627000 	C:\WINDOWS\SYSTEM32\wintypes.dll
0x00007ffe6dc90000 - 0x00007ffe6dd7a000 	C:\WINDOWS\System32\SHCORE.dll
0x00007ffe6ee30000 - 0x00007ffe6ee8e000 	C:\WINDOWS\System32\shlwapi.dll
0x00007ffe6c510000 - 0x00007ffe6c531000 	C:\WINDOWS\SYSTEM32\profapi.dll
0x00007ffe459b0000 - 0x00007ffe459ca000 	C:\Program Files\Android\Android Studio\jre\jre\bin\net.dll
0x00007ffe6bb80000 - 0x00007ffe6bbe7000 	C:\WINDOWS\system32\mswsock.dll
0x00007ffe45990000 - 0x00007ffe459a3000 	C:\Program Files\Android\Android Studio\jre\jre\bin\nio.dll
0x00007ffe45bd0000 - 0x00007ffe45bf7000 	C:\Users\Billa\.gradle\native\f6784746aeab05261644944871eae4fe03e0ef1612fff0a4a95f87b438bc6780\windows-amd64\native-platform.dll
0x00007ffe60ce0000 - 0x00007ffe60ced000 	C:\Program Files\Android\Android Studio\jre\jre\bin\management.dll
0x00007ffe6bdc0000 - 0x00007ffe6bdd8000 	C:\WINDOWS\SYSTEM32\CRYPTSP.dll
0x00007ffe6b660000 - 0x00007ffe6b695000 	C:\WINDOWS\system32\rsaenh.dll
0x00007ffe6bc70000 - 0x00007ffe6bc98000 	C:\WINDOWS\SYSTEM32\USERENV.dll
0x00007ffe6bf40000 - 0x00007ffe6bf67000 	C:\WINDOWS\SYSTEM32\bcrypt.dll
0x00007ffe6cb40000 - 0x00007ffe6cbc0000 	C:\WINDOWS\System32\bcryptprimitives.dll
0x00007ffe6bde0000 - 0x00007ffe6bdec000 	C:\WINDOWS\SYSTEM32\CRYPTBASE.dll
0x00007ffe6b200000 - 0x00007ffe6b22d000 	C:\WINDOWS\SYSTEM32\IPHLPAPI.DLL
0x00007ffe6e420000 - 0x00007ffe6e429000 	C:\WINDOWS\System32\NSI.dll
0x00007ffe63f40000 - 0x00007ffe63f59000 	C:\WINDOWS\SYSTEM32\dhcpcsvc6.DLL
0x00007ffe64610000 - 0x00007ffe6462e000 	C:\WINDOWS\SYSTEM32\dhcpcsvc.DLL
0x00007ffe6b260000 - 0x00007ffe6b345000 	C:\WINDOWS\SYSTEM32\DNSAPI.dll
0x00007ffe655f0000 - 0x00007ffe655fc000 	C:\WINDOWS\SYSTEM32\WINNSI.DLL

VM Arguments:
jvm_args: -Xmx2048m -Dfile.encoding=UTF-8 -Duser.country=US -Duser.language=en -Duser.variant 
java_command: org.gradle.launcher.daemon.bootstrap.GradleDaemon 6.5
java_class_path (initial): C:\Users\Billa\.gradle\wrapper\dists\gradle-6.5-bin\6nifqtx7604sqp1q6g8wikw7p\gradle-6.5\lib\gradle-launcher-6.5.jar
Launcher Type: SUN_STANDARD

Environment Variables:
JAVA_HOME=C:\Program Files\Java\jdk-15.0.1
PATH=C:\Program Files\Common Files\Oracle\Java\javapath;C:\WINDOWS\system32;C:\WINDOWS;C:\WINDOWS\System32\Wbem;C:\WINDOWS\System32\WindowsPowerShell\v1.0\;C:\WINDOWS\System32\OpenSSH\;C:\Program Files\Git\cmd;C:\Program Files\MongoDB\Server\4.4\bin;C:\Users\Billa\AppData\Local\Microsoft\WindowsApps;C:\Users\Billa\AppData\Local\Programs\Microsoft VS Code\bin;C:\Users\Billa\Downloads\jdk-15.0.1_windows-x64_bin\jdk-15.0.1\bin;
USERNAME=Billa
OS=Windows_NT
PROCESSOR_IDENTIFIER=Intel64 Family 6 Model 142 Stepping 11, GenuineIntel



---------------  S Y S T E M  ---------------

OS: Windows 10.0 , 64 bit Build 21364 (10.0.21364.1011)

CPU:total 8 (initial active 8) (4 cores per cpu, 2 threads per core) family 6 model 142 stepping 11, cmov, cx8, fxsr, mmx, sse, sse2, sse3, ssse3, sse4.1, sse4.2, popcnt, avx, avx2, aes, clmul, erms, 3dnowpref, lzcnt, ht, tsc, tscinvbit, bmi1, bmi2, adx

Memory: 4k page, physical 4004528k(321072k free), swap 12393136k(7016k free)

vm_info: OpenJDK 64-Bit Server VM (25.242-b01) for windows-amd64 JRE (1.8.0_242-release-1644-b01), built by "builder" with MS VC++ 10.0 (VS2010)

time: Wed May 05 14:47:15 2021
timezone: SE Asia Standard Time
elapsed time: 5 seconds (0d 0h 0m 5s)

