#
# There is insufficient memory for the Java Runtime Environment to continue.
# Native memory allocation (malloc) failed to allocate 1048576 bytes for AllocateHeap
# Possible reasons:
#   The system is out of physical RAM or swap space
#   The process is running with CompressedOops enabled, and the Java Heap may be blocking the growth of the native heap
# Possible solutions:
#   Reduce memory load on the system
#   Increase physical memory or swap space
#   Check if swap backing store is full
#   Decrease Java heap size (-Xmx/-Xms)
#   Decrease number of Java threads
#   Decrease Java thread stack sizes (-Xss)
#   Set larger code cache with -XX:ReservedCodeCacheSize=
#   JVM is running with Unscaled Compressed Oops mode in which the Java heap is
#     placed in the first 4GB address space. The Java Heap base address is the
#     maximum limit for the native heap growth. Please use -XX:HeapBaseMinAddress
#     to set the Java Heap base and to place the Java Heap above 4GB virtual address.
# This output file may be truncated or incomplete.
#
#  Out of Memory Error (memory/allocation.inline.hpp:61), pid=13112, tid=0x0000000000003c04
#
# JRE version:  (8.0_242-b01) (build )
# Java VM: OpenJDK 64-Bit Server VM (25.242-b01 mixed mode windows-amd64 compressed oops)
# Failed to write core dump. Minidumps are not enabled by default on client versions of Windows
#

---------------  T H R E A D  ---------------

Current thread (0x00000000026e2800):  JavaThread "Unknown thread" [_thread_in_vm, id=15364, stack(0x00000000025c0000,0x00000000026c0000)]

Stack: [0x00000000025c0000,0x00000000026c0000]
[error occurred during error reporting (printing stack bounds), id 0xc0000005]

Native frames: (J=compiled Java code, j=interpreted, Vv=VM code, C=native code)


---------------  P R O C E S S  ---------------

Java Threads: ( => current thread )

Other Threads:

=>0x00000000026e2800 (exited) JavaThread "Unknown thread" [_thread_in_vm, id=15364, stack(0x00000000025c0000,0x00000000026c0000)]

VM state:not at safepoint (normal execution)

VM Mutex/Monitor currently owned by a thread: None

heap address: 0x00000000c2e00000, size: 978 MB, Compressed Oops mode: 32-bit
Narrow klass base: 0x0000000000000000, Narrow klass shift: 3
Compressed class space size: 1073741824 Address: 0x0000000100000000

Heap:
 PSYoungGen      total 18432K, used 317K [0x00000000eba00000, 0x00000000ece80000, 0x0000000100000000)
  eden space 15872K, 2% used [0x00000000eba00000,0x00000000eba4f5d0,0x00000000ec980000)
  from space 2560K, 0% used [0x00000000ecc00000,0x00000000ecc00000,0x00000000ece80000)
  to   space 2560K, 0% used [0x00000000ec980000,0x00000000ec980000,0x00000000ecc00000)
 ParOldGen       total 42496K, used 0K [0x00000000c2e00000, 0x00000000c5780000, 0x00000000eba00000)
  object space 42496K, 0% used [0x00000000c2e00000,0x00000000c2e00000,0x00000000c5780000)
 Metaspace       used 790K, capacity 1156K, committed 1408K, reserved 1060864K
  class space    used 74K, capacity 384K, committed 384K, reserved 1048576K

Card table byte_map: [0x0000000011ba0000,0x0000000011d90000] byte_map_base: 0x0000000011589000

Marking Bits: (ParMarkBitMap*) 0x000000006b84f030
 Begin Bits: [0x00000000126e0000, 0x0000000013628000)
 End Bits:   [0x0000000013628000, 0x0000000014570000)

Polling page: 0x0000000002570000

CodeCache: size=245760Kb used=328Kb max_used=328Kb free=245431Kb
 bounds [0x00000000027e0000, 0x0000000002a50000, 0x00000000117e0000]
 total_blobs=57 nmethods=0 adapters=38
 compilation: enabled

Compilation events (0 events):
No events

GC Heap History (0 events):
No events

Deoptimization events (0 events):
No events

Classes redefined (0 events):
No events

Internal exceptions (0 events):
No events

Events (10 events):
Event: 0.045 loading class java/lang/Short
Event: 0.045 loading class java/lang/Short done
Event: 0.045 loading class java/lang/Integer
Event: 0.045 loading class java/lang/Integer done
Event: 0.045 loading class java/lang/Long
Event: 0.046 loading class java/lang/Long done
Event: 0.047 loading class java/lang/NullPointerException
Event: 0.047 loading class java/lang/NullPointerException done
Event: 0.047 loading class java/lang/ArithmeticException
Event: 0.047 loading class java/lang/ArithmeticException done


Dynamic libraries:
0x00007ff629b40000 - 0x00007ff629b71000 	C:\Program Files\Android\Android Studio\jre\jre\bin\java.exe
0x00007ffe6f020000 - 0x00007ffe6f224000 	C:\WINDOWS\SYSTEM32\ntdll.dll
0x00007ffe6e6d0000 - 0x00007ffe6e78d000 	C:\WINDOWS\System32\KERNEL32.DLL
0x00007ffe6c5e0000 - 0x00007ffe6c953000 	C:\WINDOWS\System32\KERNELBASE.dll
0x00007ffe63d20000 - 0x00007ffe63db2000 	C:\WINDOWS\SYSTEM32\apphelp.dll
0x00007ffe6e790000 - 0x00007ffe6e83c000 	C:\WINDOWS\System32\ADVAPI32.dll
0x00007ffe6e2d0000 - 0x00007ffe6e373000 	C:\WINDOWS\System32\msvcrt.dll
0x00007ffe6e380000 - 0x00007ffe6e41d000 	C:\WINDOWS\System32\sechost.dll
0x00007ffe6eea0000 - 0x00007ffe6efc2000 	C:\WINDOWS\System32\RPCRT4.dll
0x00007ffe6df60000 - 0x00007ffe6e10f000 	C:\WINDOWS\System32\USER32.dll
0x00007ffe6cb10000 - 0x00007ffe6cb36000 	C:\WINDOWS\System32\win32u.dll
0x00007ffe6e6a0000 - 0x00007ffe6e6c9000 	C:\WINDOWS\System32\GDI32.dll
0x00007ffe6cbc0000 - 0x00007ffe6ccd1000 	C:\WINDOWS\System32\gdi32full.dll
0x00007ffe6c960000 - 0x00007ffe6c9fd000 	C:\WINDOWS\System32\msvcp_win.dll
0x00007ffe6ca00000 - 0x00007ffe6cb10000 	C:\WINDOWS\System32\ucrtbase.dll
0x00007ffe610f0000 - 0x00007ffe61395000 	C:\WINDOWS\WinSxS\amd64_microsoft.windows.common-controls_6595b64144ccf1df_6.0.21364.1_none_7202377589d8d7cf\COMCTL32.dll
0x00007ffe6d310000 - 0x00007ffe6d341000 	C:\WINDOWS\System32\IMM32.DLL
0x000000006aec0000 - 0x000000006af92000 	C:\Program Files\Android\Android Studio\jre\jre\bin\msvcr100.dll
0x000000006b080000 - 0x000000006b8cb000 	C:\Program Files\Android\Android Studio\jre\jre\bin\server\jvm.dll
0x00007ffe6efd0000 - 0x00007ffe6efd8000 	C:\WINDOWS\System32\PSAPI.DLL
0x00007ffe643f0000 - 0x00007ffe64420000 	C:\WINDOWS\SYSTEM32\WINMM.dll
0x00007ffe63cd0000 - 0x00007ffe63cda000 	C:\WINDOWS\SYSTEM32\VERSION.dll
0x00007ffe61580000 - 0x00007ffe61589000 	C:\WINDOWS\SYSTEM32\WSOCK32.dll
0x00007ffe6d350000 - 0x00007ffe6d3c0000 	C:\WINDOWS\System32\WS2_32.dll
0x00007ffe61470000 - 0x00007ffe6147f000 	C:\Program Files\Android\Android Studio\jre\jre\bin\verify.dll
0x00007ffe459f0000 - 0x00007ffe45a19000 	C:\Program Files\Android\Android Studio\jre\jre\bin\java.dll
0x00007ffe459d0000 - 0x00007ffe459e6000 	C:\Program Files\Android\Android Studio\jre\jre\bin\zip.dll

VM Arguments:
java_command: org.jetbrains.kotlin.cli.jvm.K2JVMCompiler @D:\Billa Fathia\Documents\rpla sm.4\Mobpro\Tugas 4\app\build\20210505_8833433674849537393.compiler.options
java_class_path (initial): C:\Users\Billa\.gradle\caches\modules-2\files-2.1\org.jetbrains.kotlin\kotlin-compiler-embeddable\1.4.30\320bc62a2dfa19a24bc1613894ae0eabc909052c\kotlin-compiler-embeddable-1.4.30.jar;C:\Users\Billa\.gradle\caches\modules-2\files-2.1\org.jetbrains.kotlin\kotlin-reflect\1.4.30\a9116fbe28a0514671787df95133f28e65fdac25\kotlin-reflect-1.4.30.jar;C:\Users\Billa\.gradle\caches\modules-2\files-2.1\org.jetbrains.kotlin\kotlin-stdlib\1.4.30\d10d1e10f47006ee08162dde039e38ac487de4ac\kotlin-stdlib-1.4.30.jar;C:\Users\Billa\.gradle\caches\modules-2\files-2.1\org.jetbrains.kotlin\kotlin-script-runtime\1.4.30\b9c2a1fab9217623fc0fbadf6190e77eed6f054d\kotlin-script-runtime-1.4.30.jar;C:\Users\Billa\.gradle\caches\modules-2\files-2.1\org.jetbrains.kotlin\kotlin-daemon-embeddable\1.4.30\bc024798c5378570ded42ffe3db82ca8ac86dabc\kotlin-daemon-embeddable-1.4.30.jar;C:\Users\Billa\.gradle\caches\modules-2\files-2.1\org.jetbrains.intellij.deps\trove4j\1.0.20181211\216c2e14b070f334479d800987affe4054cd563f\trove4j-1.0.20181211.jar;C:\Users\Billa\.gradle\caches\modules-2\files-2.1\org.jetbrains.kotlin\kotlin-stdlib-common\1.4.30\bb9a3173350f55732416ee27956ea8f9b81f4dbb\kotlin-stdlib-common-1.4.30.jar;C:\Users\Billa\.gradle\caches\modules-2\files-2.1\org.jetbrains\annotations\13.0\919f0dfe192fb4e063e7dacadee7f8bb9a2672a9\annotations-13.0.jar;C:\Program Files\Android\Android Studio\jre\lib\tools.jar
Launcher Type: SUN_STANDARD

Environment Variables:
JAVA_HOME=C:\Program Files\Java\jdk-15.0.1
PATH=C:\Program Files\Common Files\Oracle\Java\javapath;C:\WINDOWS\system32;C:\WINDOWS;C:\WINDOWS\System32\Wbem;C:\WINDOWS\System32\WindowsPowerShell\v1.0\;C:\WINDOWS\System32\OpenSSH\;C:\Program Files\Git\cmd;C:\Program Files\MongoDB\Server\4.4\bin;C:\Users\Billa\AppData\Local\Microsoft\WindowsApps;C:\Users\Billa\AppData\Local\Programs\Microsoft VS Code\bin;C:\Users\Billa\Downloads\jdk-15.0.1_windows-x64_bin\jdk-15.0.1\bin;
USERNAME=Billa
OS=Windows_NT
PROCESSOR_IDENTIFIER=Intel64 Family 6 Model 142 Stepping 11, GenuineIntel



---------------  S Y S T E M  ---------------

OS: Windows 10.0 , 64 bit Build 21364 (10.0.21364.1011)

CPU:total 8 (initial active 8) (4 cores per cpu, 2 threads per core) family 6 model 142 stepping 11, cmov, cx8, fxsr, mmx, sse, sse2, sse3, ssse3, sse4.1, sse4.2, popcnt, avx, avx2, aes, clmul, erms, 3dnowpref, lzcnt, ht, tsc, tscinvbit, bmi1, bmi2, adx

Memory: 4k page, physical 4004528k(269016k free), swap 12393136k(4584k free)

vm_info: OpenJDK 64-Bit Server VM (25.242-b01) for windows-amd64 JRE (1.8.0_242-release-1644-b01), built by "builder" with MS VC++ 10.0 (VS2010)

time: Wed May 05 18:57:37 2021
timezone: SE Asia Standard Time
elapsed time: 0 seconds (0d 0h 0m 0s)

