#
# There is insufficient memory for the Java Runtime Environment to continue.
# Native memory allocation (malloc) failed to allocate 374976 bytes for Chunk::new
# Possible reasons:
#   The system is out of physical RAM or swap space
#   The process is running with CompressedOops enabled, and the Java Heap may be blocking the growth of the native heap
# Possible solutions:
#   Reduce memory load on the system
#   Increase physical memory or swap space
#   Check if swap backing store is full
#   Decrease Java heap size (-Xmx/-Xms)
#   Decrease number of Java threads
#   Decrease Java thread stack sizes (-Xss)
#   Set larger code cache with -XX:ReservedCodeCacheSize=
#   JVM is running with Unscaled Compressed Oops mode in which the Java heap is
#     placed in the first 4GB address space. The Java Heap base address is the
#     maximum limit for the native heap growth. Please use -XX:HeapBaseMinAddress
#     to set the Java Heap base and to place the Java Heap above 4GB virtual address.
# This output file may be truncated or incomplete.
#
#  Out of Memory Error (allocation.cpp:389), pid=16272, tid=0x00000000000006ec
#
# JRE version: OpenJDK Runtime Environment (8.0_242-b01) (build 1.8.0_242-release-1644-b01)
# Java VM: OpenJDK 64-Bit Server VM (25.242-b01 mixed mode windows-amd64 compressed oops)
# Failed to write core dump. Minidumps are not enabled by default on client versions of Windows
#

---------------  T H R E A D  ---------------

Current thread (0x000000001853d000):  JavaThread "C2 CompilerThread1" daemon [_thread_in_native, id=1772, stack(0x000000001ad20000,0x000000001ae20000)]

Stack: [0x000000001ad20000,0x000000001ae20000]
[error occurred during error reporting (printing stack bounds), id 0xc0000005]

Native frames: (J=compiled Java code, j=interpreted, Vv=VM code, C=native code)


Current CompileTask:
C2:  20721 12231       4       com.android.tools.r8.z.a.a.f::a (1070 bytes)


---------------  P R O C E S S  ---------------

Java Threads: ( => current thread )
  0x000000001d980800 JavaThread "stdout" [_thread_in_native, id=9040, stack(0x0000000032050000,0x0000000032150000)]
  0x000000001d97f000 JavaThread "stderr" [_thread_in_native, id=17488, stack(0x0000000031f50000,0x0000000032050000)]
  0x000000001d97d800 JavaThread "stdout" [_thread_in_native, id=4880, stack(0x0000000031e50000,0x0000000031f50000)]
  0x000000001d97c000 JavaThread "stderr" [_thread_in_native, id=15316, stack(0x0000000030e60000,0x0000000030f60000)]
  0x000000001d97c800 JavaThread "stdout" [_thread_in_native, id=9172, stack(0x0000000031d50000,0x0000000031e50000)]
  0x000000001d97f800 JavaThread "stderr" [_thread_in_native, id=14932, stack(0x0000000031c50000,0x0000000031d50000)]
  0x000000001d97e000 JavaThread "stdout" [_thread_in_native, id=6416, stack(0x0000000031b50000,0x0000000031c50000)]
  0x000000001d974800 JavaThread "stderr" [_thread_in_native, id=16316, stack(0x0000000031a50000,0x0000000031b50000)]
  0x000000001d97b000 JavaThread "stdout" [_thread_in_native, id=10984, stack(0x0000000031950000,0x0000000031a50000)]
  0x000000001d97a800 JavaThread "stderr" [_thread_in_native, id=1824, stack(0x0000000031850000,0x0000000031950000)]
  0x000000001d979800 JavaThread "stdout" [_thread_in_native, id=2952, stack(0x0000000031750000,0x0000000031850000)]
  0x000000001d979000 JavaThread "stderr" [_thread_in_native, id=8908, stack(0x0000000031650000,0x0000000031750000)]
  0x000000001d978000 JavaThread "stdout" [_thread_in_native, id=12668, stack(0x0000000031550000,0x0000000031650000)]
  0x000000001d973800 JavaThread "stderr" [_thread_in_native, id=5492, stack(0x0000000031450000,0x0000000031550000)]
  0x000000001d971800 JavaThread "stdout" [_thread_in_native, id=6964, stack(0x0000000031350000,0x0000000031450000)]
  0x000000001d976000 JavaThread "stderr" [_thread_in_native, id=7892, stack(0x0000000030fa0000,0x00000000310a0000)]
  0x000000001d972000 JavaThread "pool-2-thread-1" [_thread_blocked, id=11348, stack(0x0000000030d60000,0x0000000030e60000)]
  0x000000001d977800 JavaThread "MarlinRenderer Disposer" daemon [_thread_blocked, id=4128, stack(0x0000000030c60000,0x0000000030d60000)]
  0x000000001d976800 JavaThread "Java2D Disposer" daemon [_thread_blocked, id=10456, stack(0x0000000030ad0000,0x0000000030bd0000)]
  0x000000001d975000 JavaThread "WorkerExecutor Queue Thread 8" [_thread_blocked, id=9816, stack(0x00000000307d0000,0x00000000308d0000)]
  0x000000001d973000 JavaThread "WorkerExecutor Queue Thread 7" [_thread_in_native, id=17980, stack(0x00000000306d0000,0x00000000307d0000)]
  0x000000001fbba000 JavaThread "WorkerExecutor Queue Thread 6" [_thread_blocked, id=9796, stack(0x00000000305d0000,0x00000000306d0000)]
  0x000000001fbba800 JavaThread "WorkerExecutor Queue Thread 5" [_thread_blocked, id=12976, stack(0x00000000304d0000,0x00000000305d0000)]
  0x000000001fbb2800 JavaThread "WorkerExecutor Queue Thread 4" [_thread_blocked, id=6632, stack(0x00000000303d0000,0x00000000304d0000)]
  0x000000001fbb9000 JavaThread "WorkerExecutor Queue Thread 3" [_thread_blocked, id=3232, stack(0x00000000302d0000,0x00000000303d0000)]
  0x000000001fbb7000 JavaThread "WorkerExecutor Queue Thread 2" [_thread_blocked, id=9556, stack(0x00000000301d0000,0x00000000302d0000)]
  0x000000001fbb5800 JavaThread "WorkerExecutor Queue" [_thread_blocked, id=17236, stack(0x000000002fed0000,0x000000002ffd0000)]
  0x000000001fbb1800 JavaThread "Cache worker for execution history cache (D:\Billa Fathia\Documents\rpla sm.4\Mobpro\Tugas 4\.gradle\6.5\executionHistory)" [_thread_blocked, id=2476, stack(0x000000002fbd0000,0x000000002fcd0000)]
  0x000000001fbb1000 JavaThread "Execution worker for ':' Thread 7" [_thread_blocked, id=4084, stack(0x000000002f8d0000,0x000000002f9d0000)]
  0x000000001fbae800 JavaThread "Execution worker for ':' Thread 6" [_thread_blocked, id=14788, stack(0x000000002f7d0000,0x000000002f8d0000)]
  0x000000001fbae000 JavaThread "Execution worker for ':' Thread 5" [_thread_blocked, id=13112, stack(0x000000002f6d0000,0x000000002f7d0000)]
  0x000000001fbb4000 JavaThread "Execution worker for ':' Thread 4" [_thread_blocked, id=13292, stack(0x000000002f5d0000,0x000000002f6d0000)]
  0x000000001fbb0000 JavaThread "Execution worker for ':' Thread 3" [_thread_blocked, id=12728, stack(0x000000002f4d0000,0x000000002f5d0000)]
  0x000000001fbb3000 JavaThread "Execution worker for ':' Thread 2" [_thread_blocked, id=8592, stack(0x000000002f3d0000,0x000000002f4d0000)]
  0x000000001fbb4800 JavaThread "Execution worker for ':'" [_thread_blocked, id=11452, stack(0x000000002f2d0000,0x000000002f3d0000)]
  0x000000001fbad000 JavaThread "Cache worker for file content cache (D:\Billa Fathia\Documents\rpla sm.4\Mobpro\Tugas 4\.gradle\6.5\fileContent)" [_thread_blocked, id=15808, stack(0x000000002dca0000,0x000000002dda0000)]
  0x000000001fbab800 JavaThread "Memory manager" [_thread_blocked, id=18064, stack(0x000000002b880000,0x000000002b980000)]
  0x000000001fbac800 JavaThread "Cache worker for Build Output Cleanup Cache (D:\Billa Fathia\Documents\rpla sm.4\Mobpro\Tugas 4\.gradle\buildOutputCleanup)" [_thread_blocked, id=1380, stack(0x000000002b9d0000,0x000000002bad0000)]
  0x0000000020cb7000 JavaThread "jar transforms Thread 114" [_thread_blocked, id=9520, stack(0x000000002b580000,0x000000002b680000)]
  0x0000000020cb6800 JavaThread "jar transforms Thread 113" [_thread_blocked, id=6384, stack(0x000000002b480000,0x000000002b580000)]
  0x0000000020cb4800 JavaThread "jar transforms Thread 112" [_thread_blocked, id=11316, stack(0x000000002b380000,0x000000002b480000)]
  0x0000000020cb4000 JavaThread "jar transforms Thread 111" [_thread_blocked, id=15616, stack(0x000000002b280000,0x000000002b380000)]
  0x0000000020cba000 JavaThread "jar transforms Thread 110" [_thread_blocked, id=16528, stack(0x000000002b180000,0x000000002b280000)]
  0x0000000020cb5800 JavaThread "jar transforms Thread 109" [_thread_blocked, id=516, stack(0x000000002b080000,0x000000002b180000)]
  0x0000000020cb8800 JavaThread "jar transforms Thread 108" [_thread_blocked, id=13376, stack(0x000000002af80000,0x000000002b080000)]
  0x0000000020cb9800 JavaThread "jar transforms Thread 107" [_thread_blocked, id=10296, stack(0x000000002ae80000,0x000000002af80000)]
  0x0000000020cb8000 JavaThread "jar transforms Thread 106" [_thread_blocked, id=7348, stack(0x000000002ad80000,0x000000002ae80000)]
  0x0000000020cbb000 JavaThread "jar transforms Thread 105" [_thread_blocked, id=16604, stack(0x000000002ac80000,0x000000002ad80000)]
  0x0000000020cac800 JavaThread "jar transforms Thread 104" [_thread_blocked, id=13072, stack(0x000000002ab80000,0x000000002ac80000)]
  0x0000000020cb3000 JavaThread "jar transforms Thread 103" [_thread_blocked, id=13216, stack(0x000000002aa80000,0x000000002ab80000)]
  0x0000000020cb2800 JavaThread "jar transforms Thread 102" [_thread_blocked, id=18128, stack(0x000000002a980000,0x000000002aa80000)]
  0x0000000020cb0000 JavaThread "jar transforms Thread 101" [_thread_blocked, id=15088, stack(0x000000002a880000,0x000000002a980000)]
  0x0000000020cae800 JavaThread "jar transforms Thread 100" [_thread_blocked, id=5288, stack(0x000000002a780000,0x000000002a880000)]
  0x0000000020cae000 JavaThread "jar transforms Thread 99" [_thread_blocked, id=5048, stack(0x000000002a680000,0x000000002a780000)]
  0x0000000020cad000 JavaThread "jar transforms Thread 98" [_thread_blocked, id=15564, stack(0x000000002a580000,0x000000002a680000)]
  0x0000000020cb1800 JavaThread "jar transforms Thread 97" [_thread_blocked, id=2892, stack(0x000000002a480000,0x000000002a580000)]
  0x0000000020cab800 JavaThread "jar transforms Thread 96" [_thread_blocked, id=13176, stack(0x000000002a380000,0x000000002a480000)]
  0x0000000020caf800 JavaThread "jar transforms Thread 95" [_thread_blocked, id=12424, stack(0x000000002a280000,0x000000002a380000)]
  0x0000000020cb1000 JavaThread "jar transforms Thread 94" [_thread_blocked, id=7008, stack(0x000000002a180000,0x000000002a280000)]
  0x000000001d589000 JavaThread "jar transforms Thread 93" [_thread_blocked, id=520, stack(0x000000002a080000,0x000000002a180000)]
  0x000000001d588000 JavaThread "jar transforms Thread 92" [_thread_blocked, id=17180, stack(0x0000000029f80000,0x000000002a080000)]
  0x000000001d586000 JavaThread "jar transforms Thread 91" [_thread_blocked, id=12840, stack(0x0000000029e80000,0x0000000029f80000)]
  0x000000001d585000 JavaThread "jar transforms Thread 90" [_thread_blocked, id=13676, stack(0x0000000029d80000,0x0000000029e80000)]
  0x000000001d58c000 JavaThread "jar transforms Thread 89" [_thread_blocked, id=15260, stack(0x0000000029c80000,0x0000000029d80000)]
  0x000000001d584800 JavaThread "jar transforms Thread 88" [_thread_blocked, id=15520, stack(0x0000000029b80000,0x0000000029c80000)]
  0x000000001d58a800 JavaThread "jar transforms Thread 87" [_thread_blocked, id=10504, stack(0x0000000029a80000,0x0000000029b80000)]
  0x000000001d58b000 JavaThread "jar transforms Thread 86" [_thread_blocked, id=936, stack(0x0000000029980000,0x0000000029a80000)]
  0x000000001d587800 JavaThread "jar transforms Thread 85" [_thread_blocked, id=11216, stack(0x0000000029880000,0x0000000029980000)]
  0x000000001d586800 JavaThread "jar transforms Thread 84" [_thread_blocked, id=16284, stack(0x0000000029780000,0x0000000029880000)]
  0x000000001d589800 JavaThread "jar transforms Thread 83" [_thread_blocked, id=5328, stack(0x0000000029680000,0x0000000029780000)]
  0x000000001d57e800 JavaThread "jar transforms Thread 82" [_thread_blocked, id=16264, stack(0x0000000029580000,0x0000000029680000)]
  0x000000001d581800 JavaThread "jar transforms Thread 81" [_thread_blocked, id=12400, stack(0x0000000029480000,0x0000000029580000)]
  0x000000001d580800 JavaThread "jar transforms Thread 80" [_thread_blocked, id=10176, stack(0x0000000029380000,0x0000000029480000)]
  0x000000001d57d000 JavaThread "jar transforms Thread 79" [_thread_blocked, id=11664, stack(0x0000000029280000,0x0000000029380000)]
  0x000000001d583000 JavaThread "jar transforms Thread 78" [_thread_blocked, id=7692, stack(0x0000000029180000,0x0000000029280000)]
  0x000000001d583800 JavaThread "jar transforms Thread 77" [_thread_blocked, id=12604, stack(0x0000000029080000,0x0000000029180000)]
  0x000000001d580000 JavaThread "jar transforms Thread 76" [_thread_blocked, id=11044, stack(0x0000000028f80000,0x0000000029080000)]
  0x000000001d582000 JavaThread "jar transforms Thread 75" [_thread_blocked, id=3620, stack(0x0000000028e80000,0x0000000028f80000)]
  0x000000001d57d800 JavaThread "jar transforms Thread 74" [_thread_blocked, id=9744, stack(0x0000000028d80000,0x0000000028e80000)]
  0x000000001d57f000 JavaThread "jar transforms Thread 73" [_thread_blocked, id=11088, stack(0x0000000028c80000,0x0000000028d80000)]
  0x000000001b802800 JavaThread "jar transforms Thread 72" [_thread_blocked, id=10600, stack(0x0000000028b80000,0x0000000028c80000)]
  0x000000001b7fc800 JavaThread "jar transforms Thread 71" [_thread_blocked, id=16560, stack(0x0000000028a80000,0x0000000028b80000)]
  0x000000001b801800 JavaThread "jar transforms Thread 70" [_thread_blocked, id=3212, stack(0x0000000028980000,0x0000000028a80000)]
  0x000000001b800000 JavaThread "jar transforms Thread 69" [_thread_blocked, id=9576, stack(0x0000000028880000,0x0000000028980000)]
  0x000000001b7ff800 JavaThread "jar transforms Thread 68" [_thread_blocked, id=18004, stack(0x0000000028780000,0x0000000028880000)]
  0x000000001b7fd000 JavaThread "jar transforms Thread 67" [_thread_blocked, id=8572, stack(0x0000000028680000,0x0000000028780000)]
  0x000000001b7fe800 JavaThread "jar transforms Thread 66" [_thread_blocked, id=15680, stack(0x0000000028580000,0x0000000028680000)]
  0x000000001b801000 JavaThread "jar transforms Thread 65" [_thread_blocked, id=7596, stack(0x0000000028480000,0x0000000028580000)]
  0x000000001b7fe000 JavaThread "jar transforms Thread 64" [_thread_blocked, id=17964, stack(0x0000000028380000,0x0000000028480000)]
  0x000000001b7f5800 JavaThread "jar transforms Thread 63" [_thread_blocked, id=8212, stack(0x0000000028280000,0x0000000028380000)]
  0x000000001b7f5000 JavaThread "jar transforms Thread 62" [_thread_blocked, id=4060, stack(0x0000000028180000,0x0000000028280000)]
  0x000000001b7fb800 JavaThread "jar transforms Thread 61" [_thread_blocked, id=8692, stack(0x0000000028080000,0x0000000028180000)]
  0x000000001b7f8800 JavaThread "jar transforms Thread 60" [_thread_blocked, id=13560, stack(0x0000000027f80000,0x0000000028080000)]
  0x000000001b7f4000 JavaThread "jar transforms Thread 59" [_thread_blocked, id=12524, stack(0x0000000027e80000,0x0000000027f80000)]
  0x000000001b7fb000 JavaThread "jar transforms Thread 58" [_thread_blocked, id=14760, stack(0x0000000027d80000,0x0000000027e80000)]
  0x000000001b7f7000 JavaThread "jar transforms Thread 57" [_thread_blocked, id=14772, stack(0x0000000027c80000,0x0000000027d80000)]
  0x000000001b7f9800 JavaThread "jar transforms Thread 56" [_thread_blocked, id=10420, stack(0x0000000027b80000,0x0000000027c80000)]
  0x000000001b7fa000 JavaThread "jar transforms Thread 55" [_thread_blocked, id=17952, stack(0x0000000027a80000,0x0000000027b80000)]
  0x000000001b7f3800 JavaThread "jar transforms Thread 54" [_thread_blocked, id=13836, stack(0x0000000027980000,0x0000000027a80000)]
  0x000000001b7f6800 JavaThread "jar transforms Thread 53" [_thread_blocked, id=344, stack(0x0000000027880000,0x0000000027980000)]
  0x000000001b7f8000 JavaThread "jar transforms Thread 52" [_thread_blocked, id=4792, stack(0x0000000027780000,0x0000000027880000)]
  0x000000001c0f5800 JavaThread "jar transforms Thread 51" [_thread_blocked, id=13372, stack(0x0000000027680000,0x0000000027780000)]
  0x000000001c0f5000 JavaThread "jar transforms Thread 50" [_thread_blocked, id=5424, stack(0x0000000027580000,0x0000000027680000)]
  0x000000001c0f4000 JavaThread "jar transforms Thread 49" [_thread_blocked, id=2144, stack(0x0000000027480000,0x0000000027580000)]
  0x000000001c0f9800 JavaThread "jar transforms Thread 48" [_thread_blocked, id=1988, stack(0x0000000027380000,0x0000000027480000)]
  0x000000001c0f8800 JavaThread "jar transforms Thread 47" [_thread_blocked, id=18040, stack(0x0000000027280000,0x0000000027380000)]
  0x000000001c0f7000 JavaThread "jar transforms Thread 46" [_thread_blocked, id=12588, stack(0x0000000027180000,0x0000000027280000)]
  0x000000001c0f8000 JavaThread "jar transforms Thread 45" [_thread_blocked, id=15716, stack(0x0000000027080000,0x0000000027180000)]
  0x000000001c0f6800 JavaThread "jar transforms Thread 44" [_thread_blocked, id=9648, stack(0x0000000026f80000,0x0000000027080000)]
  0x000000001c0f3800 JavaThread "jar transforms Thread 43" [_thread_blocked, id=18068, stack(0x0000000026e80000,0x0000000026f80000)]
  0x000000001c0ec000 JavaThread "jar transforms Thread 42" [_thread_blocked, id=1316, stack(0x0000000026d80000,0x0000000026e80000)]
  0x000000001c0f2800 JavaThread "jar transforms Thread 41" [_thread_blocked, id=15332, stack(0x0000000026c80000,0x0000000026d80000)]
  0x000000001c0ee000 JavaThread "jar transforms Thread 40" [_thread_blocked, id=11100, stack(0x0000000026b80000,0x0000000026c80000)]
  0x000000001c0f0800 JavaThread "jar transforms Thread 39" [_thread_blocked, id=5764, stack(0x0000000026a80000,0x0000000026b80000)]
  0x000000001c0eb000 JavaThread "jar transforms Thread 38" [_thread_blocked, id=9192, stack(0x0000000026980000,0x0000000026a80000)]
  0x000000001c0f2000 JavaThread "jar transforms Thread 37" [_thread_blocked, id=10940, stack(0x0000000026880000,0x0000000026980000)]
  0x000000001c0ed800 JavaThread "jar transforms Thread 36" [_thread_blocked, id=8896, stack(0x0000000026780000,0x0000000026880000)]
  0x000000001c0ec800 JavaThread "jar transforms Thread 35" [_thread_blocked, id=16812, stack(0x0000000026680000,0x0000000026780000)]
  0x000000001c0ea800 JavaThread "jar transforms Thread 34" [_thread_blocked, id=9356, stack(0x0000000026580000,0x0000000026680000)]
  0x000000001c0f1000 JavaThread "jar transforms Thread 33" [_thread_blocked, id=12468, stack(0x0000000026480000,0x0000000026580000)]
  0x000000001c0ef000 JavaThread "jar transforms Thread 32" [_thread_blocked, id=14944, stack(0x0000000026380000,0x0000000026480000)]
  0x000000001c0ef800 JavaThread "jar transforms Thread 31" [_thread_blocked, id=13976, stack(0x0000000026280000,0x0000000026380000)]
  0x000000001bad2000 JavaThread "jar transforms Thread 30" [_thread_blocked, id=3188, stack(0x0000000026180000,0x0000000026280000)]
  0x000000001bad1000 JavaThread "jar transforms Thread 29" [_thread_blocked, id=2440, stack(0x0000000026080000,0x0000000026180000)]
  0x000000001bad5000 JavaThread "jar transforms Thread 28" [_thread_blocked, id=13456, stack(0x0000000025f80000,0x0000000026080000)]
  0x000000001bad4000 JavaThread "jar transforms Thread 27" [_thread_blocked, id=16236, stack(0x0000000025e80000,0x0000000025f80000)]
  0x000000001bad3800 JavaThread "jar transforms Thread 26" [_thread_blocked, id=7452, stack(0x0000000025d80000,0x0000000025e80000)]
  0x000000001bad2800 JavaThread "jar transforms Thread 25" [_thread_blocked, id=4344, stack(0x0000000025c80000,0x0000000025d80000)]
  0x000000001bac9800 JavaThread "jar transforms Thread 24" [_thread_blocked, id=15884, stack(0x0000000025b80000,0x0000000025c80000)]
  0x000000001bad0800 JavaThread "jar transforms Thread 23" [_thread_blocked, id=6780, stack(0x0000000025a80000,0x0000000025b80000)]
  0x000000001bac9000 JavaThread "jar transforms Thread 22" [_thread_blocked, id=5840, stack(0x0000000025980000,0x0000000025a80000)]
  0x000000001bacf800 JavaThread "jar transforms Thread 21" [_thread_blocked, id=2640, stack(0x0000000025880000,0x0000000025980000)]
  0x000000001bac8000 JavaThread "jar transforms Thread 20" [_thread_blocked, id=13688, stack(0x0000000025780000,0x0000000025880000)]
  0x000000001bacf000 JavaThread "jar transforms Thread 19" [_thread_blocked, id=12164, stack(0x0000000025680000,0x0000000025780000)]
  0x000000001bac7800 JavaThread "jar transforms Thread 18" [_thread_blocked, id=3392, stack(0x0000000025580000,0x0000000025680000)]
  0x000000001bacc800 JavaThread "jar transforms Thread 17" [_thread_blocked, id=7240, stack(0x0000000025480000,0x0000000025580000)]
  0x000000001bace000 JavaThread "jar transforms Thread 16" [_thread_blocked, id=7324, stack(0x0000000025380000,0x0000000025480000)]
  0x000000001bacd800 JavaThread "jar transforms Thread 15" [_thread_blocked, id=5868, stack(0x0000000025280000,0x0000000025380000)]
  0x000000001bacc000 JavaThread "jar transforms Thread 14" [_thread_blocked, id=13904, stack(0x0000000025180000,0x0000000025280000)]
  0x000000001bac6000 JavaThread "jar transforms Thread 13" [_thread_blocked, id=1804, stack(0x0000000025080000,0x0000000025180000)]
  0x000000001bac6800 JavaThread "jar transforms Thread 12" [_thread_blocked, id=2372, stack(0x0000000024f80000,0x0000000025080000)]
  0x000000001bacb000 JavaThread "jar transforms Thread 11" [_thread_blocked, id=7580, stack(0x0000000024e80000,0x0000000024f80000)]
  0x000000001baca800 JavaThread "jar transforms Thread 10" [_thread_blocked, id=8980, stack(0x0000000024d80000,0x0000000024e80000)]
  0x000000002145e800 JavaThread "jar transforms Thread 9" [_thread_blocked, id=14008, stack(0x0000000024c80000,0x0000000024d80000)]
  0x0000000021465800 JavaThread "jar transforms Thread 8" [_thread_blocked, id=1504, stack(0x0000000024b80000,0x0000000024c80000)]
  0x0000000021464800 JavaThread "jar transforms Thread 7" [_thread_blocked, id=6804, stack(0x0000000024a80000,0x0000000024b80000)]
  0x0000000021462800 JavaThread "jar transforms Thread 6" [_thread_blocked, id=4684, stack(0x0000000024980000,0x0000000024a80000)]
  0x0000000021461000 JavaThread "jar transforms Thread 5" [_thread_blocked, id=15872, stack(0x0000000024880000,0x0000000024980000)]
  0x0000000021461800 JavaThread "jar transforms Thread 4" [_thread_blocked, id=12044, stack(0x0000000024780000,0x0000000024880000)]
  0x0000000021464000 JavaThread "jar transforms Thread 3" [_thread_blocked, id=4856, stack(0x0000000024680000,0x0000000024780000)]
  0x000000002145e000 JavaThread "jar transforms Thread 2" [_thread_blocked, id=16240, stack(0x0000000024580000,0x0000000024680000)]
  0x0000000021463000 JavaThread "Build operations Thread 8" [_thread_in_Java, id=13020, stack(0x0000000024480000,0x0000000024580000)]
  0x0000000021460000 JavaThread "Build operations Thread 7" [_thread_in_native, id=7264, stack(0x0000000024280000,0x0000000024380000)]
  0x000000002145f800 JavaThread "Build operations Thread 6" [_thread_in_native, id=15604, stack(0x0000000024180000,0x0000000024280000)]
  0x0000000021456800 JavaThread "Build operations Thread 5" [_thread_in_Java, id=5484, stack(0x0000000024080000,0x0000000024180000)]
  0x000000002145c800 JavaThread "Build operations Thread 4" [_thread_blocked, id=16472, stack(0x0000000023f80000,0x0000000024080000)]
  0x0000000021458800 JavaThread "Build operations Thread 3" [_thread_in_native, id=10308, stack(0x0000000023e80000,0x0000000023f80000)]
  0x000000002145b800 JavaThread "Build operations Thread 2" [_thread_in_vm, id=11912, stack(0x0000000023d80000,0x0000000023e80000)]
  0x000000002145a000 JavaThread "Build operations" [_thread_in_Java, id=9032, stack(0x0000000023c80000,0x0000000023d80000)]
  0x000000001d174800 JavaThread "Cache worker for file content cache (C:\Users\Billa\.gradle\caches\6.5\fileContent)" [_thread_blocked, id=1384, stack(0x0000000023580000,0x0000000023680000)]
  0x000000001d173000 JavaThread "jar transforms" [_thread_blocked, id=12572, stack(0x0000000023480000,0x0000000023580000)]
  0x000000001d172000 JavaThread "Cache worker for execution history cache (C:\Users\Billa\.gradle\caches\6.5\executionHistory)" [_thread_blocked, id=17044, stack(0x0000000021db0000,0x0000000021eb0000)]
  0x000000001d171800 JavaThread "Cache worker for cache directory md-rule (C:\Users\Billa\.gradle\caches\6.5\md-rule)" [_thread_blocked, id=16884, stack(0x0000000021cb0000,0x0000000021db0000)]
  0x000000001d170800 JavaThread "Cache worker for cache directory md-supplier (C:\Users\Billa\.gradle\caches\6.5\md-supplier)" [_thread_blocked, id=17844, stack(0x0000000021bb0000,0x0000000021cb0000)]
  0x000000001d173800 JavaThread "Cache worker for checksums cache (D:\Billa Fathia\Documents\rpla sm.4\Mobpro\Tugas 4\.gradle\checksums)" [_thread_blocked, id=3728, stack(0x0000000021ab0000,0x0000000021bb0000)]
  0x000000001d170000 JavaThread "Cache worker for file hash cache (D:\Billa Fathia\Documents\rpla sm.4\Mobpro\Tugas 4\.gradle\6.5\fileHashes)" [_thread_blocked, id=17076, stack(0x0000000020520000,0x0000000020620000)]
  0x000000001d16e800 JavaThread "Cache worker for file hash cache (C:\Users\Billa\.gradle\caches\6.5\fileHashes)" [_thread_blocked, id=4728, stack(0x000000001f250000,0x000000001f350000)]
  0x000000001d16f000 JavaThread "File lock request listener" [_thread_in_native, id=12884, stack(0x000000001f150000,0x000000001f250000)]
  0x000000001d16b800 JavaThread "Cache worker for journal cache (C:\Users\Billa\.gradle\caches\journal-1)" [_thread_blocked, id=16368, stack(0x000000001f050000,0x000000001f150000)]
  0x000000001ce7c800 JavaThread "Thread-9" [_thread_blocked, id=15948, stack(0x000000001ed50000,0x000000001ee50000)]
  0x000000001ce79800 JavaThread "Stdin handler" [_thread_blocked, id=2404, stack(0x000000001ec50000,0x000000001ed50000)]
  0x000000001ceb0800 JavaThread "Asynchronous log dispatcher for DefaultDaemonConnection: socket connection from /127.0.0.1:52279 to /127.0.0.1:52280" [_thread_blocked, id=7068, stack(0x000000001eb50000,0x000000001ec50000)]
  0x000000001cea8800 JavaThread "Daemon worker" [_thread_blocked, id=16196, stack(0x000000001ea50000,0x000000001eb50000)]
  0x000000001cead800 JavaThread "Cancel handler" [_thread_blocked, id=18252, stack(0x000000001e950000,0x000000001ea50000)]
  0x000000001b38c800 JavaThread "Handler for socket connection from /127.0.0.1:52279 to /127.0.0.1:52280" [_thread_in_native, id=2420, stack(0x000000001e850000,0x000000001e950000)]
  0x000000001b389000 JavaThread "Daemon" [_thread_blocked, id=14364, stack(0x000000001e750000,0x000000001e850000)]
  0x000000001cdd2000 JavaThread "Daemon periodic checks" [_thread_blocked, id=11336, stack(0x000000001e450000,0x000000001e550000)]
  0x000000001cdd5800 JavaThread "Incoming local TCP Connector on port 52279" [_thread_in_native, id=12516, stack(0x000000001e200000,0x000000001e300000)]
  0x000000001cd2c000 JavaThread "Daemon health stats" [_thread_blocked, id=15856, stack(0x000000001dbc0000,0x000000001dcc0000)]
  0x000000001a3e8800 JavaThread "Service Thread" daemon [_thread_blocked, id=8044, stack(0x000000001b020000,0x000000001b120000)]
  0x000000001a35a800 JavaThread "C1 CompilerThread3" daemon [_thread_in_native, id=14172, stack(0x000000001af20000,0x000000001b020000)]
  0x000000001853e800 JavaThread "C2 CompilerThread2" daemon [_thread_in_native, id=9408, stack(0x000000001ae20000,0x000000001af20000)]
=>0x000000001853d000 JavaThread "C2 CompilerThread1" daemon [_thread_in_native, id=1772, stack(0x000000001ad20000,0x000000001ae20000)]
  0x000000001a356000 JavaThread "C2 CompilerThread0" daemon [_thread_blocked, id=6096, stack(0x000000001ac20000,0x000000001ad20000)]
  0x000000001a353800 JavaThread "Attach Listener" daemon [_thread_blocked, id=1888, stack(0x000000001ab20000,0x000000001ac20000)]
  0x000000001a352800 JavaThread "Signal Dispatcher" daemon [_thread_blocked, id=8008, stack(0x000000001aa20000,0x000000001ab20000)]
  0x000000001a341800 JavaThread "Finalizer" daemon [_thread_blocked, id=2976, stack(0x000000001a820000,0x000000001a920000)]
  0x000000001a340800 JavaThread "Reference Handler" daemon [_thread_blocked, id=14464, stack(0x000000001a720000,0x000000001a820000)]
  0x00000000033be000 JavaThread "main" [_thread_blocked, id=10372, stack(0x00000000031e0000,0x00000000032e0000)]

Other Threads:
  0x0000000018528000 VMThread [stack: 0x000000001a220000,0x000000001a320000] [id=13524]
  0x000000001a3e9800 WatcherThread [stack: 0x000000001b120000,0x000000001b220000] [id=17712]

VM state:not at safepoint (normal execution)

VM Mutex/Monitor currently owned by a thread: None

heap address: 0x0000000080000000, size: 2048 MB, Compressed Oops mode: 32-bit
Narrow klass base: 0x0000000000000000, Narrow klass shift: 3
Compressed class space size: 1073741824 Address: 0x0000000100000000

Heap:
 PSYoungGen      total 199168K, used 77993K [0x00000000d5580000, 0x00000000e3c80000, 0x0000000100000000)
  eden space 173568K, 30% used [0x00000000d5580000,0x00000000d8a08f58,0x00000000dff00000)
  from space 25600K, 94% used [0x00000000e1b80000,0x00000000e33216b0,0x00000000e3480000)
  to   space 29184K, 0% used [0x00000000dff00000,0x00000000dff00000,0x00000000e1b80000)
 ParOldGen       total 95232K, used 77613K [0x0000000080000000, 0x0000000085d00000, 0x00000000d5580000)
  object space 95232K, 81% used [0x0000000080000000,0x0000000084bcb480,0x0000000085d00000)
 Metaspace       used 83404K, capacity 88172K, committed 88472K, reserved 1126400K
  class space    used 11267K, capacity 12107K, committed 12208K, reserved 1048576K

Card table byte_map: [0x0000000012880000,0x0000000012c90000] byte_map_base: 0x0000000012480000

Marking Bits: (ParMarkBitMap*) 0x000000006b84f030
 Begin Bits: [0x0000000013740000, 0x0000000015740000)
 End Bits:   [0x0000000015740000, 0x0000000017740000)

Polling page: 0x00000000031a0000

CodeCache: size=245760Kb used=33961Kb max_used=33972Kb free=211798Kb
 bounds [0x00000000034c0000, 0x0000000005620000, 0x00000000124c0000]
 total_blobs=11377 nmethods=10412 adapters=877
 compilation: enabled

Compilation events (10 events):
Event: 20.680 Thread 0x000000001a35a800 12216   !   3       com.android.tools.r8.graph.i0::d (125 bytes)
Event: 20.681 Thread 0x000000001a356000 12219       4       com.android.tools.r8.graph.H0::f (48 bytes)
Event: 20.681 Thread 0x000000001a35a800 nmethod 12216 0x000000000560ba50 code [0x000000000560bd00, 0x000000000560d1a8]
Event: 20.681 Thread 0x000000001a35a800 12218       3       com.android.tools.r8.z.a.a.f::<init> (383 bytes)
Event: 20.684 Thread 0x000000001a35a800 nmethod 12218 0x000000000560dbd0 code [0x000000000560de60, 0x000000000560f0f8]
Event: 20.684 Thread 0x000000001a35a800 12220       3       com.android.tools.r8.z.a.a.f::a (3630 bytes)
Event: 20.687 Thread 0x000000001853d000 nmethod 12199 0x000000000560a790 code [0x000000000560a920, 0x000000000560b168]
Event: 20.688 Thread 0x000000001853d000 12231       4       com.android.tools.r8.z.a.a.f::a (1070 bytes)
Event: 20.711 Thread 0x000000001a356000 nmethod 12219 0x000000000560ff50 code [0x0000000005610120, 0x0000000005610ef8]
Event: 20.711 Thread 0x000000001a356000 12232       4       com.android.tools.r8.graph.I0$a::a (54 bytes)

GC Heap History (10 events):
Event: 11.084 GC heap before
{Heap before GC invocations=19 (full 3):
 PSYoungGen      total 150016K, used 134656K [0x00000000d5580000, 0x00000000e1980000, 0x0000000100000000)
  eden space 134656K, 100% used [0x00000000d5580000,0x00000000dd900000,0x00000000dd900000)
  from space 15360K, 0% used [0x00000000dd900000,0x00000000dd900000,0x00000000de800000)
  to   space 16896K, 0% used [0x00000000e0900000,0x00000000e0900000,0x00000000e1980000)
 ParOldGen       total 95232K, used 36902K [0x0000000080000000, 0x0000000085d00000, 0x00000000d5580000)
  object space 95232K, 38% used [0x0000000080000000,0x0000000082409b90,0x0000000085d00000)
 Metaspace       used 65325K, capacity 68080K, committed 68248K, reserved 1107968K
  class space    used 8994K, capacity 9575K, committed 9648K, reserved 1048576K
Event: 11.097 GC heap after
Heap after GC invocations=19 (full 3):
 PSYoungGen      total 173568K, used 14439K [0x00000000d5580000, 0x00000000e1780000, 0x0000000100000000)
  eden space 158720K, 0% used [0x00000000d5580000,0x00000000d5580000,0x00000000df080000)
  from space 14848K, 97% used [0x00000000e0900000,0x00000000e1719ed8,0x00000000e1780000)
  to   space 18944K, 0% used [0x00000000df280000,0x00000000df280000,0x00000000e0500000)
 ParOldGen       total 95232K, used 36910K [0x0000000080000000, 0x0000000085d00000, 0x00000000d5580000)
  object space 95232K, 38% used [0x0000000080000000,0x000000008240bb90,0x0000000085d00000)
 Metaspace       used 65325K, capacity 68080K, committed 68248K, reserved 1107968K
  class space    used 8994K, capacity 9575K, committed 9648K, reserved 1048576K
}
Event: 13.813 GC heap before
{Heap before GC invocations=20 (full 3):
 PSYoungGen      total 173568K, used 173159K [0x00000000d5580000, 0x00000000e1780000, 0x0000000100000000)
  eden space 158720K, 100% used [0x00000000d5580000,0x00000000df080000,0x00000000df080000)
  from space 14848K, 97% used [0x00000000e0900000,0x00000000e1719ed8,0x00000000e1780000)
  to   space 18944K, 0% used [0x00000000df280000,0x00000000df280000,0x00000000e0500000)
 ParOldGen       total 95232K, used 36910K [0x0000000080000000, 0x0000000085d00000, 0x00000000d5580000)
  object space 95232K, 38% used [0x0000000080000000,0x000000008240bb90,0x0000000085d00000)
 Metaspace       used 68318K, capacity 71936K, committed 72088K, reserved 1112064K
  class space    used 9382K, capacity 10055K, committed 10160K, reserved 1048576K
Event: 13.843 GC heap after
Heap after GC invocations=20 (full 3):
 PSYoungGen      total 179712K, used 18943K [0x00000000d5580000, 0x00000000e3480000, 0x0000000100000000)
  eden space 160768K, 0% used [0x00000000d5580000,0x00000000d5580000,0x00000000df280000)
  from space 18944K, 99% used [0x00000000df280000,0x00000000e04fff00,0x00000000e0500000)
  to   space 25600K, 0% used [0x00000000e1b80000,0x00000000e1b80000,0x00000000e3480000)
 ParOldGen       total 95232K, used 47024K [0x0000000080000000, 0x0000000085d00000, 0x00000000d5580000)
  object space 95232K, 49% used [0x0000000080000000,0x0000000082dec1e8,0x0000000085d00000)
 Metaspace       used 68318K, capacity 71936K, committed 72088K, reserved 1112064K
  class space    used 9382K, capacity 10055K, committed 10160K, reserved 1048576K
}
Event: 17.479 GC heap before
{Heap before GC invocations=21 (full 3):
 PSYoungGen      total 179712K, used 179711K [0x00000000d5580000, 0x00000000e3480000, 0x0000000100000000)
  eden space 160768K, 100% used [0x00000000d5580000,0x00000000df280000,0x00000000df280000)
  from space 18944K, 99% used [0x00000000df280000,0x00000000e04fff00,0x00000000e0500000)
  to   space 25600K, 0% used [0x00000000e1b80000,0x00000000e1b80000,0x00000000e3480000)
 ParOldGen       total 95232K, used 47024K [0x0000000080000000, 0x0000000085d00000, 0x00000000d5580000)
  object space 95232K, 49% used [0x0000000080000000,0x0000000082dec1e8,0x0000000085d00000)
 Metaspace       used 74019K, capacity 77826K, committed 78104K, reserved 1116160K
  class space    used 10012K, capacity 10726K, committed 10800K, reserved 1048576K
Event: 17.504 GC heap after
Heap after GC invocations=21 (full 3):
 PSYoungGen      total 199168K, used 23302K [0x00000000d5580000, 0x00000000e3c80000, 0x0000000100000000)
  eden space 173568K, 0% used [0x00000000d5580000,0x00000000d5580000,0x00000000dff00000)
  from space 25600K, 91% used [0x00000000e1b80000,0x00000000e3241988,0x00000000e3480000)
  to   space 29184K, 0% used [0x00000000dff00000,0x00000000dff00000,0x00000000e1b80000)
 ParOldGen       total 95232K, used 54824K [0x0000000080000000, 0x0000000085d00000, 0x00000000d5580000)
  object space 95232K, 57% used [0x0000000080000000,0x000000008358a3f8,0x0000000085d00000)
 Metaspace       used 74019K, capacity 77826K, committed 78104K, reserved 1116160K
  class space    used 10012K, capacity 10726K, committed 10800K, reserved 1048576K
}
Event: 19.245 GC heap before
{Heap before GC invocations=22 (full 3):
 PSYoungGen      total 199168K, used 196870K [0x00000000d5580000, 0x00000000e3c80000, 0x0000000100000000)
  eden space 173568K, 100% used [0x00000000d5580000,0x00000000dff00000,0x00000000dff00000)
  from space 25600K, 91% used [0x00000000e1b80000,0x00000000e3241988,0x00000000e3480000)
  to   space 29184K, 0% used [0x00000000dff00000,0x00000000dff00000,0x00000000e1b80000)
 ParOldGen       total 95232K, used 54824K [0x0000000080000000, 0x0000000085d00000, 0x00000000d5580000)
  object space 95232K, 57% used [0x0000000080000000,0x000000008358a3f8,0x0000000085d00000)
 Metaspace       used 78220K, capacity 82086K, committed 82200K, reserved 1120256K
  class space    used 10508K, capacity 11214K, committed 11312K, reserved 1048576K
Event: 19.290 GC heap after
Heap after GC invocations=22 (full 3):
 PSYoungGen      total 202752K, used 29170K [0x00000000d5580000, 0x00000000e3c80000, 0x0000000100000000)
  eden space 173568K, 0% used [0x00000000d5580000,0x00000000d5580000,0x00000000dff00000)
  from space 29184K, 99% used [0x00000000dff00000,0x00000000e1b7ca18,0x00000000e1b80000)
  to   space 25600K, 0% used [0x00000000e1b80000,0x00000000e1b80000,0x00000000e3480000)
 ParOldGen       total 95232K, used 56804K [0x0000000080000000, 0x0000000085d00000, 0x00000000d5580000)
  object space 95232K, 59% used [0x0000000080000000,0x0000000083779338,0x0000000085d00000)
 Metaspace       used 78220K, capacity 82086K, committed 82200K, reserved 1120256K
  class space    used 10508K, capacity 11214K, committed 11312K, reserved 1048576K
}
Event: 20.286 GC heap before
{Heap before GC invocations=23 (full 3):
 PSYoungGen      total 202752K, used 202738K [0x00000000d5580000, 0x00000000e3c80000, 0x0000000100000000)
  eden space 173568K, 100% used [0x00000000d5580000,0x00000000dff00000,0x00000000dff00000)
  from space 29184K, 99% used [0x00000000dff00000,0x00000000e1b7ca18,0x00000000e1b80000)
  to   space 25600K, 0% used [0x00000000e1b80000,0x00000000e1b80000,0x00000000e3480000)
 ParOldGen       total 95232K, used 56804K [0x0000000080000000, 0x0000000085d00000, 0x00000000d5580000)
  object space 95232K, 59% used [0x0000000080000000,0x0000000083779338,0x0000000085d00000)
 Metaspace       used 81052K, capacity 85150K, committed 85400K, reserved 1122304K
  class space    used 10887K, capacity 11600K, committed 11696K, reserved 1048576K
Event: 20.325 GC heap after
Heap after GC invocations=23 (full 3):
 PSYoungGen      total 199168K, used 24197K [0x00000000d5580000, 0x00000000e3c80000, 0x0000000100000000)
  eden space 173568K, 0% used [0x00000000d5580000,0x00000000d5580000,0x00000000dff00000)
  from space 25600K, 94% used [0x00000000e1b80000,0x00000000e33216b0,0x00000000e3480000)
  to   space 29184K, 0% used [0x00000000dff00000,0x00000000dff00000,0x00000000e1b80000)
 ParOldGen       total 95232K, used 77613K [0x0000000080000000, 0x0000000085d00000, 0x00000000d5580000)
  object space 95232K, 81% used [0x0000000080000000,0x0000000084bcb480,0x0000000085d00000)
 Metaspace       used 81052K, capacity 85150K, committed 85400K, reserved 1122304K
  class space    used 10887K, capacity 11600K, committed 11696K, reserved 1048576K
}

Deoptimization events (10 events):
Event: 20.087 Thread 0x000000001fbae000 Uncommon trap: reason=unstable_if action=reinterpret pc=0x000000000494d3e0 method=com.google.common.cache.LocalCache.isExpired(Lcom/google/common/cache/ReferenceEntry;J)Z @ 9
Event: 20.153 Thread 0x0000000021463000 Uncommon trap: reason=unstable_if action=reinterpret pc=0x00000000049d16c0 method=com.android.tools.r8.utils.w1.a(Ljava/lang/String;)Z @ 24
Event: 20.173 Thread 0x0000000021458800 Uncommon trap: reason=unstable_if action=reinterpret pc=0x00000000054fd758 method=com.android.tools.r8.utils.w1.a(Ljava/lang/String;)Z @ 12
Event: 20.334 Thread 0x000000001a341800 Uncommon trap: reason=unstable_if action=reinterpret pc=0x0000000003945d8c method=java.util.WeakHashMap.expungeStaleEntries()V @ 66
Event: 20.504 Thread 0x000000002145f800 Uncommon trap: reason=unstable_if action=reinterpret pc=0x0000000004f9cc1c method=java.nio.Bits.putInt(Ljava/nio/ByteBuffer;IIZ)V @ 1
Event: 20.556 Thread 0x0000000021458800 Uncommon trap: reason=unstable_if action=reinterpret pc=0x000000000553ae08 method=com.android.tools.r8.graph.i0.a(C)I @ 1
Event: 20.556 Thread 0x0000000021458800 Uncommon trap: reason=unstable_if action=reinterpret pc=0x000000000552b0f4 method=com.android.tools.r8.graph.i0.a(C)I @ 1
Event: 20.556 Thread 0x0000000021458800 Uncommon trap: reason=unstable_if action=reinterpret pc=0x000000000552a928 method=com.android.tools.r8.graph.i0.a(C[BI)I @ 1
Event: 20.589 Thread 0x000000002145b800 Uncommon trap: reason=unstable_if action=reinterpret pc=0x00000000044221f0 method=java.lang.invoke.MethodType.checkPtypes([Ljava/lang/Class;)I @ 40
Event: 20.599 Thread 0x0000000021456800 Uncommon trap: reason=unstable_if action=reinterpret pc=0x0000000005566940 method=com.android.tools.r8.utils.Y.d(I)Z @ 45

Classes redefined (0 events):
No events

Internal exceptions (10 events):
Event: 20.242 Thread 0x0000000021458800 Exception <a 'sun/nio/fs/WindowsException'> (0x00000000df19b9c8) thrown at [C:\src\AOSP-openjdk-git\hotspot\src\share\vm\prims\jni.cpp, line 710]
Event: 20.242 Thread 0x0000000021463000 Exception <a 'sun/nio/fs/WindowsException'> (0x00000000df4cc6f8) thrown at [C:\src\AOSP-openjdk-git\hotspot\src\share\vm\prims\jni.cpp, line 710]
Event: 20.242 Thread 0x0000000021460000 Exception <a 'sun/nio/fs/WindowsException'> (0x00000000df3f9a18) thrown at [C:\src\AOSP-openjdk-git\hotspot\src\share\vm\prims\jni.cpp, line 710]
Event: 20.242 Thread 0x000000002145a000 Exception <a 'sun/nio/fs/WindowsException'> (0x00000000df2f9278) thrown at [C:\src\AOSP-openjdk-git\hotspot\src\share\vm\prims\jni.cpp, line 710]
Event: 20.242 Thread 0x000000002145f800 Exception <a 'sun/nio/fs/WindowsException'> (0x00000000df283c30) thrown at [C:\src\AOSP-openjdk-git\hotspot\src\share\vm\prims\jni.cpp, line 710]
Event: 20.249 Thread 0x000000002145b800 Exception <a 'sun/nio/fs/WindowsException'> (0x00000000df667b80) thrown at [C:\src\AOSP-openjdk-git\hotspot\src\share\vm\prims\jni.cpp, line 710]
Event: 20.487 Thread 0x0000000021456800 Exception <a 'sun/nio/fs/WindowsException'> (0x00000000d6f4a6d8) thrown at [C:\src\AOSP-openjdk-git\hotspot\src\share\vm\prims\jni.cpp, line 710]
Event: 20.668 Thread 0x0000000021460000 Exception <a 'java/lang/IncompatibleClassChangeError': Found class java.lang.Object, but interface was expected> (0x00000000d7ec8ad8) thrown at [C:\src\AOSP-openjdk-git\hotspot\src\share\vm\interpreter\linkResolver.cpp, line 653]
Event: 20.668 Thread 0x0000000021463000 Exception <a 'java/lang/IncompatibleClassChangeError': Found class java.lang.Object, but interface was expected> (0x00000000d7cc48a8) thrown at [C:\src\AOSP-openjdk-git\hotspot\src\share\vm\interpreter\linkResolver.cpp, line 653]
Event: 20.668 Thread 0x0000000021458800 Exception <a 'java/lang/IncompatibleClassChangeError': Found class java.lang.Object, but interface was expected> (0x00000000d7820528) thrown at [C:\src\AOSP-openjdk-git\hotspot\src\share\vm\interpreter\linkResolver.cpp, line 653]

Events (10 events):
Event: 20.716 loading class com/android/tools/r8/graph/j0
Event: 20.716 loading class com/android/tools/r8/graph/j0 done
Event: 20.716 loading class com/android/tools/r8/utils/J
Event: 20.716 loading class com/android/tools/r8/utils/J done
Event: 20.716 loading class com/android/tools/r8/utils/J
Event: 20.716 loading class com/android/tools/r8/utils/J done
Event: 20.716 loading class com/android/tools/r8/utils/I
Event: 20.716 loading class com/android/tools/r8/utils/I done
Event: 20.716 loading class com/android/tools/r8/graph/j0
Event: 20.716 loading class com/android/tools/r8/graph/j0 done


Dynamic libraries:
0x00007ff7e31c0000 - 0x00007ff7e31f1000 	C:\Program Files\Android\Android Studio\jre\bin\java.exe
0x00007ffe6f020000 - 0x00007ffe6f224000 	C:\WINDOWS\SYSTEM32\ntdll.dll
0x00007ffe6e6d0000 - 0x00007ffe6e78d000 	C:\WINDOWS\System32\KERNEL32.DLL
0x00007ffe6c5e0000 - 0x00007ffe6c953000 	C:\WINDOWS\System32\KERNELBASE.dll
0x00007ffe63d20000 - 0x00007ffe63db2000 	C:\WINDOWS\SYSTEM32\apphelp.dll
0x00007ffe6e790000 - 0x00007ffe6e83c000 	C:\WINDOWS\System32\ADVAPI32.dll
0x00007ffe6e2d0000 - 0x00007ffe6e373000 	C:\WINDOWS\System32\msvcrt.dll
0x00007ffe6e380000 - 0x00007ffe6e41d000 	C:\WINDOWS\System32\sechost.dll
0x00007ffe6eea0000 - 0x00007ffe6efc2000 	C:\WINDOWS\System32\RPCRT4.dll
0x00007ffe6df60000 - 0x00007ffe6e10f000 	C:\WINDOWS\System32\USER32.dll
0x00007ffe6cb10000 - 0x00007ffe6cb36000 	C:\WINDOWS\System32\win32u.dll
0x00007ffe6e6a0000 - 0x00007ffe6e6c9000 	C:\WINDOWS\System32\GDI32.dll
0x00007ffe6cbc0000 - 0x00007ffe6ccd1000 	C:\WINDOWS\System32\gdi32full.dll
0x00007ffe6c960000 - 0x00007ffe6c9fd000 	C:\WINDOWS\System32\msvcp_win.dll
0x00007ffe6ca00000 - 0x00007ffe6cb10000 	C:\WINDOWS\System32\ucrtbase.dll
0x00007ffe610f0000 - 0x00007ffe61395000 	C:\WINDOWS\WinSxS\amd64_microsoft.windows.common-controls_6595b64144ccf1df_6.0.21364.1_none_7202377589d8d7cf\COMCTL32.dll
0x00007ffe6d310000 - 0x00007ffe6d341000 	C:\WINDOWS\System32\IMM32.DLL
0x000000006aec0000 - 0x000000006af92000 	C:\Program Files\Android\Android Studio\jre\jre\bin\msvcr100.dll
0x000000006b080000 - 0x000000006b8cb000 	C:\Program Files\Android\Android Studio\jre\jre\bin\server\jvm.dll
0x00007ffe6efd0000 - 0x00007ffe6efd8000 	C:\WINDOWS\System32\PSAPI.DLL
0x00007ffe643f0000 - 0x00007ffe64420000 	C:\WINDOWS\SYSTEM32\WINMM.dll
0x00007ffe63cd0000 - 0x00007ffe63cda000 	C:\WINDOWS\SYSTEM32\VERSION.dll
0x00007ffe61580000 - 0x00007ffe61589000 	C:\WINDOWS\SYSTEM32\WSOCK32.dll
0x00007ffe6d350000 - 0x00007ffe6d3c0000 	C:\WINDOWS\System32\WS2_32.dll
0x00007ffe61470000 - 0x00007ffe6147f000 	C:\Program Files\Android\Android Studio\jre\jre\bin\verify.dll
0x00007ffe5ed50000 - 0x00007ffe5ed79000 	C:\Program Files\Android\Android Studio\jre\jre\bin\java.dll
0x00007ffe45be0000 - 0x00007ffe45bf6000 	C:\Program Files\Android\Android Studio\jre\jre\bin\zip.dll
0x00007ffe6d4b0000 - 0x00007ffe6dc08000 	C:\WINDOWS\System32\SHELL32.dll
0x00007ffe6a630000 - 0x00007ffe6ae93000 	C:\WINDOWS\SYSTEM32\windows.storage.dll
0x00007ffe6cf80000 - 0x00007ffe6d2f5000 	C:\WINDOWS\System32\combase.dll
0x00007ffe6a4c0000 - 0x00007ffe6a627000 	C:\WINDOWS\SYSTEM32\wintypes.dll
0x00007ffe6dc90000 - 0x00007ffe6dd7a000 	C:\WINDOWS\System32\SHCORE.dll
0x00007ffe6ee30000 - 0x00007ffe6ee8e000 	C:\WINDOWS\System32\shlwapi.dll
0x00007ffe6c510000 - 0x00007ffe6c531000 	C:\WINDOWS\SYSTEM32\profapi.dll
0x00007ffe45bc0000 - 0x00007ffe45bda000 	C:\Program Files\Android\Android Studio\jre\jre\bin\net.dll
0x00007ffe6bb80000 - 0x00007ffe6bbe7000 	C:\WINDOWS\system32\mswsock.dll
0x00007ffe45ba0000 - 0x00007ffe45bb3000 	C:\Program Files\Android\Android Studio\jre\jre\bin\nio.dll
0x00007ffe459d0000 - 0x00007ffe459f7000 	C:\Users\Billa\.gradle\native\f6784746aeab05261644944871eae4fe03e0ef1612fff0a4a95f87b438bc6780\windows-amd64\native-platform.dll
0x00007ffe60ce0000 - 0x00007ffe60ced000 	C:\Program Files\Android\Android Studio\jre\jre\bin\management.dll
0x00007ffe6bdc0000 - 0x00007ffe6bdd8000 	C:\WINDOWS\SYSTEM32\CRYPTSP.dll
0x00007ffe6b660000 - 0x00007ffe6b695000 	C:\WINDOWS\system32\rsaenh.dll
0x00007ffe6bc70000 - 0x00007ffe6bc98000 	C:\WINDOWS\SYSTEM32\USERENV.dll
0x00007ffe6bf40000 - 0x00007ffe6bf67000 	C:\WINDOWS\SYSTEM32\bcrypt.dll
0x00007ffe6cb40000 - 0x00007ffe6cbc0000 	C:\WINDOWS\System32\bcryptprimitives.dll
0x00007ffe6bde0000 - 0x00007ffe6bdec000 	C:\WINDOWS\SYSTEM32\CRYPTBASE.dll
0x00007ffe6b200000 - 0x00007ffe6b22d000 	C:\WINDOWS\SYSTEM32\IPHLPAPI.DLL
0x00007ffe6e420000 - 0x00007ffe6e429000 	C:\WINDOWS\System32\NSI.dll
0x00007ffe63f40000 - 0x00007ffe63f59000 	C:\WINDOWS\SYSTEM32\dhcpcsvc6.DLL
0x00007ffe64610000 - 0x00007ffe6462e000 	C:\WINDOWS\SYSTEM32\dhcpcsvc.DLL
0x00007ffe6b260000 - 0x00007ffe6b345000 	C:\WINDOWS\SYSTEM32\DNSAPI.dll
0x00007ffe655f0000 - 0x00007ffe655fc000 	C:\WINDOWS\SYSTEM32\WINNSI.DLL
0x00007ffe2a140000 - 0x00007ffe2a2dc000 	C:\Program Files\Android\Android Studio\jre\jre\bin\awt.dll
0x00007ffe6e490000 - 0x00007ffe6e55f000 	C:\WINDOWS\System32\OLEAUT32.dll
0x00007ffe6aef0000 - 0x00007ffe6af20000 	C:\WINDOWS\SYSTEM32\dwmapi.dll
0x00007ffe47c30000 - 0x00007ffe481e7000 	C:\WINDOWS\SYSTEM32\d2d1.dll
0x00007ffe66c20000 - 0x00007ffe66ccb000 	C:\WINDOWS\system32\uxtheme.dll

VM Arguments:
jvm_args: -Xmx2048m -Dfile.encoding=UTF-8 -Duser.country=US -Duser.language=en -Duser.variant 
java_command: org.gradle.launcher.daemon.bootstrap.GradleDaemon 6.5
java_class_path (initial): C:\Users\Billa\.gradle\wrapper\dists\gradle-6.5-bin\6nifqtx7604sqp1q6g8wikw7p\gradle-6.5\lib\gradle-launcher-6.5.jar
Launcher Type: SUN_STANDARD

Environment Variables:
JAVA_HOME=C:\Program Files\Java\jdk-15.0.1
PATH=C:\Program Files\Common Files\Oracle\Java\javapath;C:\WINDOWS\system32;C:\WINDOWS;C:\WINDOWS\System32\Wbem;C:\WINDOWS\System32\WindowsPowerShell\v1.0\;C:\WINDOWS\System32\OpenSSH\;C:\Program Files\Git\cmd;C:\Program Files\MongoDB\Server\4.4\bin;C:\Users\Billa\AppData\Local\Microsoft\WindowsApps;C:\Users\Billa\AppData\Local\Programs\Microsoft VS Code\bin;C:\Users\Billa\Downloads\jdk-15.0.1_windows-x64_bin\jdk-15.0.1\bin;
USERNAME=Billa
OS=Windows_NT
PROCESSOR_IDENTIFIER=Intel64 Family 6 Model 142 Stepping 11, GenuineIntel



---------------  S Y S T E M  ---------------

OS: Windows 10.0 , 64 bit Build 21364 (10.0.21364.1011)

CPU:total 8 (initial active 8) (4 cores per cpu, 2 threads per core) family 6 model 142 stepping 11, cmov, cx8, fxsr, mmx, sse, sse2, sse3, ssse3, sse4.1, sse4.2, popcnt, avx, avx2, aes, clmul, erms, 3dnowpref, lzcnt, ht, tsc, tscinvbit, bmi1, bmi2, adx

Memory: 4k page, physical 4004528k(247144k free), swap 12393136k(1064k free)

vm_info: OpenJDK 64-Bit Server VM (25.242-b01) for windows-amd64 JRE (1.8.0_242-release-1644-b01), built by "builder" with MS VC++ 10.0 (VS2010)

time: Wed May 05 19:17:55 2021
timezone: SE Asia Standard Time
elapsed time: 20 seconds (0d 0h 0m 20s)

