#
# There is insufficient memory for the Java Runtime Environment to continue.
# Native memory allocation (malloc) failed to allocate 32744 bytes for ChunkPool::allocate
# Possible reasons:
#   The system is out of physical RAM or swap space
#   The process is running with CompressedOops enabled, and the Java Heap may be blocking the growth of the native heap
# Possible solutions:
#   Reduce memory load on the system
#   Increase physical memory or swap space
#   Check if swap backing store is full
#   Decrease Java heap size (-Xmx/-Xms)
#   Decrease number of Java threads
#   Decrease Java thread stack sizes (-Xss)
#   Set larger code cache with -XX:ReservedCodeCacheSize=
#   JVM is running with Unscaled Compressed Oops mode in which the Java heap is
#     placed in the first 4GB address space. The Java Heap base address is the
#     maximum limit for the native heap growth. Please use -XX:HeapBaseMinAddress
#     to set the Java Heap base and to place the Java Heap above 4GB virtual address.
# This output file may be truncated or incomplete.
#
#  Out of Memory Error (allocation.cpp:272), pid=1404, tid=0x0000000000001d9c
#
# JRE version: OpenJDK Runtime Environment (8.0_242-b01) (build 1.8.0_242-release-1644-b01)
# Java VM: OpenJDK 64-Bit Server VM (25.242-b01 mixed mode windows-amd64 compressed oops)
# Failed to write core dump. Minidumps are not enabled by default on client versions of Windows
#

---------------  T H R E A D  ---------------

Current thread (0x0000000019504000):  JavaThread "C2 CompilerThread0" daemon [_thread_in_native, id=7580, stack(0x0000000019dd0000,0x0000000019ed0000)]

Stack: [0x0000000019dd0000,0x0000000019ed0000]
[error occurred during error reporting (printing stack bounds), id 0xc0000005]

Native frames: (J=compiled Java code, j=interpreted, Vv=VM code, C=native code)


Current CompileTask:
C2:9383592 12650       4       com.sun.org.apache.xerces.internal.dom.CoreDocumentImpl::setUserData (179 bytes)


---------------  P R O C E S S  ---------------

Java Threads: ( => current thread )
  0x000000001f070800 JavaThread "Cache worker for execution history cache (D:\Billa Fathia\Documents\rpla sm.4\Mobpro\Tugas 4\.gradle\6.5\executionHistory)" [_thread_blocked, id=10304, stack(0x00000000312f0000,0x00000000313f0000)]
  0x000000001f071800 JavaThread "Execution worker for ':' Thread 7" [_thread_blocked, id=9644, stack(0x00000000311f0000,0x00000000312f0000)]
  0x00000000197f2800 JavaThread "Execution worker for ':' Thread 6" [_thread_blocked, id=11780, stack(0x00000000310f0000,0x00000000311f0000)]
  0x00000000197f1800 JavaThread "Execution worker for ':' Thread 5" [_thread_blocked, id=2184, stack(0x0000000030ff0000,0x00000000310f0000)]
  0x00000000197f7800 JavaThread "Execution worker for ':' Thread 4" [_thread_blocked, id=16316, stack(0x000000002e9f0000,0x000000002eaf0000)]
  0x00000000197f5800 JavaThread "Execution worker for ':' Thread 3" [_thread_blocked, id=6212, stack(0x000000002e8f0000,0x000000002e9f0000)]
  0x00000000197f4800 JavaThread "Execution worker for ':' Thread 2" [_thread_blocked, id=7740, stack(0x000000002e7f0000,0x000000002e8f0000)]
  0x00000000197f4000 JavaThread "Execution worker for ':'" [_thread_blocked, id=15368, stack(0x000000002e4c0000,0x000000002e5c0000)]
  0x00000000197f3000 JavaThread "Cache worker for file content cache (D:\Billa Fathia\Documents\rpla sm.4\Mobpro\Tugas 4\.gradle\6.5\fileContent)" [_thread_blocked, id=8136, stack(0x000000002be50000,0x000000002bf50000)]
  0x00000000197f8800 JavaThread "Cache worker for Build Output Cleanup Cache (D:\Billa Fathia\Documents\rpla sm.4\Mobpro\Tugas 4\.gradle\buildOutputCleanup)" [_thread_blocked, id=12788, stack(0x000000002bd50000,0x000000002be50000)]
  0x00000000197f6000 JavaThread "jar transforms Thread 228" [_thread_blocked, id=7732, stack(0x000000002bc50000,0x000000002bd50000)]
  0x00000000197f7000 JavaThread "jar transforms Thread 227" [_thread_blocked, id=16180, stack(0x000000002bb50000,0x000000002bc50000)]
  0x00000000197ea000 JavaThread "jar transforms Thread 226" [_thread_blocked, id=2932, stack(0x000000002ba50000,0x000000002bb50000)]
  0x00000000197ed000 JavaThread "jar transforms Thread 225" [_thread_blocked, id=4028, stack(0x000000002b950000,0x000000002ba50000)]
  0x00000000197ec800 JavaThread "jar transforms Thread 224" [_thread_blocked, id=11708, stack(0x000000002b850000,0x000000002b950000)]
  0x00000000197f1000 JavaThread "jar transforms Thread 223" [_thread_blocked, id=6896, stack(0x000000002b750000,0x000000002b850000)]
  0x00000000197ef800 JavaThread "jar transforms Thread 222" [_thread_blocked, id=14936, stack(0x000000002b650000,0x000000002b750000)]
  0x00000000197ee800 JavaThread "jar transforms Thread 221" [_thread_blocked, id=8084, stack(0x000000002b550000,0x000000002b650000)]
  0x00000000197eb800 JavaThread "jar transforms Thread 220" [_thread_blocked, id=8532, stack(0x000000002b450000,0x000000002b550000)]
  0x00000000197f0000 JavaThread "jar transforms Thread 219" [_thread_blocked, id=2556, stack(0x000000002b250000,0x000000002b350000)]
  0x00000000197ee000 JavaThread "jar transforms Thread 218" [_thread_blocked, id=3924, stack(0x000000002b150000,0x000000002b250000)]
  0x00000000197e9000 JavaThread "jar transforms Thread 217" [_thread_blocked, id=12520, stack(0x000000002b050000,0x000000002b150000)]
  0x00000000197ea800 JavaThread "jar transforms Thread 216" [_thread_blocked, id=14388, stack(0x000000002af50000,0x000000002b050000)]
  0x000000001b26c000 JavaThread "jar transforms Thread 215" [_thread_blocked, id=4896, stack(0x000000002ae50000,0x000000002af50000)]
  0x000000001b271000 JavaThread "jar transforms Thread 214" [_thread_blocked, id=8000, stack(0x000000002ad50000,0x000000002ae50000)]
  0x000000001b270800 JavaThread "jar transforms Thread 213" [_thread_blocked, id=10180, stack(0x000000002ac50000,0x000000002ad50000)]
  0x000000001b26f800 JavaThread "jar transforms Thread 212" [_thread_blocked, id=7900, stack(0x000000002ab50000,0x000000002ac50000)]
  0x000000001b26a800 JavaThread "jar transforms Thread 211" [_thread_blocked, id=3468, stack(0x000000002aa50000,0x000000002ab50000)]
  0x000000001b26c800 JavaThread "jar transforms Thread 210" [_thread_blocked, id=6804, stack(0x000000002a950000,0x000000002aa50000)]
  0x000000001b26b000 JavaThread "jar transforms Thread 209" [_thread_blocked, id=7796, stack(0x000000002a850000,0x000000002a950000)]
  0x000000001b26d800 JavaThread "jar transforms Thread 208" [_thread_blocked, id=13784, stack(0x000000002a750000,0x000000002a850000)]
  0x000000001b26f000 JavaThread "jar transforms Thread 207" [_thread_blocked, id=15520, stack(0x000000002a650000,0x000000002a750000)]
  0x000000001b26e000 JavaThread "jar transforms Thread 206" [_thread_blocked, id=8796, stack(0x000000002a550000,0x000000002a650000)]
  0x000000001b266000 JavaThread "jar transforms Thread 205" [_thread_blocked, id=11420, stack(0x000000002a450000,0x000000002a550000)]
  0x000000001b269800 JavaThread "jar transforms Thread 204" [_thread_blocked, id=5920, stack(0x000000002a350000,0x000000002a450000)]
  0x000000001b264800 JavaThread "jar transforms Thread 203" [_thread_blocked, id=16312, stack(0x000000002a250000,0x000000002a350000)]
  0x000000001b262000 JavaThread "jar transforms Thread 202" [_thread_blocked, id=9516, stack(0x000000002a150000,0x000000002a250000)]
  0x000000001b263800 JavaThread "jar transforms Thread 201" [_thread_blocked, id=8640, stack(0x000000002a050000,0x000000002a150000)]
  0x000000001b269000 JavaThread "jar transforms Thread 200" [_thread_blocked, id=8320, stack(0x0000000029f50000,0x000000002a050000)]
  0x000000001b265000 JavaThread "jar transforms Thread 199" [_thread_blocked, id=15852, stack(0x0000000029e50000,0x0000000029f50000)]
  0x000000001b266800 JavaThread "jar transforms Thread 198" [_thread_blocked, id=1572, stack(0x0000000029d50000,0x0000000029e50000)]
  0x000000001b267800 JavaThread "jar transforms Thread 197" [_thread_blocked, id=2560, stack(0x0000000029c50000,0x0000000029d50000)]
  0x000000001b263000 JavaThread "jar transforms Thread 196" [_thread_blocked, id=6156, stack(0x0000000029b50000,0x0000000029c50000)]
  0x000000001b268000 JavaThread "jar transforms Thread 195" [_thread_blocked, id=1932, stack(0x0000000029a50000,0x0000000029b50000)]
  0x000000001b660000 JavaThread "jar transforms Thread 194" [_thread_blocked, id=2232, stack(0x0000000029950000,0x0000000029a50000)]
  0x000000001b65f000 JavaThread "jar transforms Thread 193" [_thread_blocked, id=12604, stack(0x0000000029850000,0x0000000029950000)]
  0x000000001b65e800 JavaThread "jar transforms Thread 192" [_thread_blocked, id=14284, stack(0x0000000029750000,0x0000000029850000)]
  0x000000001b660800 JavaThread "jar transforms Thread 191" [_thread_blocked, id=6500, stack(0x0000000029650000,0x0000000029750000)]
  0x000000001b662000 JavaThread "jar transforms Thread 190" [_thread_blocked, id=8144, stack(0x0000000029550000,0x0000000029650000)]
  0x000000001b65d000 JavaThread "jar transforms Thread 189" [_thread_blocked, id=16032, stack(0x0000000029450000,0x0000000029550000)]
  0x000000001b65d800 JavaThread "jar transforms Thread 188" [_thread_blocked, id=14912, stack(0x0000000029350000,0x0000000029450000)]
  0x000000001b65c000 JavaThread "jar transforms Thread 187" [_thread_blocked, id=12536, stack(0x0000000029250000,0x0000000029350000)]
  0x000000001b661800 JavaThread "jar transforms Thread 186" [_thread_blocked, id=7288, stack(0x0000000029150000,0x0000000029250000)]
  0x000000001b654800 JavaThread "jar transforms Thread 185" [_thread_blocked, id=12640, stack(0x0000000029050000,0x0000000029150000)]
  0x000000001b65b800 JavaThread "jar transforms Thread 184" [_thread_blocked, id=16200, stack(0x0000000028f50000,0x0000000029050000)]
  0x000000001b65a800 JavaThread "jar transforms Thread 183" [_thread_blocked, id=2180, stack(0x0000000028e50000,0x0000000028f50000)]
  0x000000001b655800 JavaThread "jar transforms Thread 182" [_thread_blocked, id=8272, stack(0x0000000028d50000,0x0000000028e50000)]
  0x000000001b653000 JavaThread "jar transforms Thread 181" [_thread_blocked, id=16264, stack(0x0000000028c50000,0x0000000028d50000)]
  0x000000001b65a000 JavaThread "jar transforms Thread 180" [_thread_blocked, id=1576, stack(0x0000000028b50000,0x0000000028c50000)]
  0x000000001b658800 JavaThread "jar transforms Thread 179" [_thread_blocked, id=6116, stack(0x0000000028a50000,0x0000000028b50000)]
  0x000000001b654000 JavaThread "jar transforms Thread 178" [_thread_blocked, id=10376, stack(0x0000000028950000,0x0000000028a50000)]
  0x000000001b657000 JavaThread "jar transforms Thread 177" [_thread_blocked, id=11632, stack(0x0000000028850000,0x0000000028950000)]
  0x000000001b656000 JavaThread "jar transforms Thread 176" [_thread_blocked, id=9856, stack(0x0000000028750000,0x0000000028850000)]
  0x000000001b657800 JavaThread "jar transforms Thread 175" [_thread_blocked, id=3676, stack(0x0000000028650000,0x0000000028750000)]
  0x000000001b659000 JavaThread "jar transforms Thread 174" [_thread_blocked, id=13028, stack(0x0000000028550000,0x0000000028650000)]
  0x000000001f886800 JavaThread "jar transforms Thread 173" [_thread_blocked, id=4468, stack(0x0000000028450000,0x0000000028550000)]
  0x000000001f887800 JavaThread "jar transforms Thread 172" [_thread_blocked, id=9232, stack(0x0000000028350000,0x0000000028450000)]
  0x000000001f882000 JavaThread "jar transforms Thread 171" [_thread_blocked, id=1104, stack(0x0000000028250000,0x0000000028350000)]
  0x000000001f884800 JavaThread "jar transforms Thread 170" [_thread_blocked, id=5140, stack(0x0000000028150000,0x0000000028250000)]
  0x000000001f883800 JavaThread "jar transforms Thread 169" [_thread_blocked, id=10244, stack(0x0000000028050000,0x0000000028150000)]
  0x000000001f883000 JavaThread "jar transforms Thread 168" [_thread_blocked, id=14884, stack(0x0000000027f50000,0x0000000028050000)]
  0x000000001f886000 JavaThread "jar transforms Thread 167" [_thread_blocked, id=4056, stack(0x0000000027e50000,0x0000000027f50000)]
  0x000000001f885000 JavaThread "jar transforms Thread 166" [_thread_blocked, id=10288, stack(0x0000000027d50000,0x0000000027e50000)]
  0x000000001f87a800 JavaThread "jar transforms Thread 165" [_thread_blocked, id=7348, stack(0x0000000027c50000,0x0000000027d50000)]
  0x000000001f881800 JavaThread "jar transforms Thread 164" [_thread_blocked, id=15280, stack(0x0000000027b50000,0x0000000027c50000)]
  0x000000001f87a000 JavaThread "jar transforms Thread 163" [_thread_blocked, id=5864, stack(0x0000000027a50000,0x0000000027b50000)]
  0x000000001f87b800 JavaThread "jar transforms Thread 162" [_thread_blocked, id=9732, stack(0x0000000027950000,0x0000000027a50000)]
  0x000000001f880800 JavaThread "jar transforms Thread 161" [_thread_blocked, id=8128, stack(0x0000000027850000,0x0000000027950000)]
  0x000000001f880000 JavaThread "jar transforms Thread 160" [_thread_blocked, id=9408, stack(0x0000000027750000,0x0000000027850000)]
  0x000000001f878800 JavaThread "jar transforms Thread 159" [_thread_blocked, id=8716, stack(0x0000000027650000,0x0000000027750000)]
  0x000000001f879000 JavaThread "jar transforms Thread 158" [_thread_blocked, id=1176, stack(0x0000000027550000,0x0000000027650000)]
  0x000000001f87d800 JavaThread "jar transforms Thread 157" [_thread_blocked, id=11212, stack(0x0000000027450000,0x0000000027550000)]
  0x000000001f87d000 JavaThread "jar transforms Thread 156" [_thread_blocked, id=3260, stack(0x0000000027350000,0x0000000027450000)]
  0x000000001f87f000 JavaThread "jar transforms Thread 155" [_thread_blocked, id=4192, stack(0x0000000027250000,0x0000000027350000)]
  0x000000001f87e800 JavaThread "jar transforms Thread 154" [_thread_blocked, id=15516, stack(0x0000000027150000,0x0000000027250000)]
  0x000000001f87c000 JavaThread "jar transforms Thread 153" [_thread_blocked, id=13344, stack(0x0000000027050000,0x0000000027150000)]
  0x000000001b216000 JavaThread "jar transforms Thread 152" [_thread_blocked, id=16304, stack(0x0000000026f50000,0x0000000027050000)]
  0x000000001b219800 JavaThread "jar transforms Thread 151" [_thread_blocked, id=5260, stack(0x0000000026e50000,0x0000000026f50000)]
  0x000000001b21c000 JavaThread "jar transforms Thread 150" [_thread_blocked, id=11200, stack(0x0000000026d50000,0x0000000026e50000)]
  0x000000001b219000 JavaThread "jar transforms Thread 149" [_thread_blocked, id=10648, stack(0x0000000026c50000,0x0000000026d50000)]
  0x000000001b218000 JavaThread "jar transforms Thread 148" [_thread_blocked, id=10996, stack(0x0000000026b50000,0x0000000026c50000)]
  0x000000001b217800 JavaThread "jar transforms Thread 147" [_thread_blocked, id=9672, stack(0x0000000026a50000,0x0000000026b50000)]
  0x000000001b21a800 JavaThread "jar transforms Thread 146" [_thread_blocked, id=8864, stack(0x0000000026950000,0x0000000026a50000)]
  0x000000001b21b000 JavaThread "jar transforms Thread 145" [_thread_blocked, id=14780, stack(0x0000000026850000,0x0000000026950000)]
  0x000000001c2a6000 JavaThread "jar transforms Thread 144" [_thread_blocked, id=10844, stack(0x0000000026750000,0x0000000026850000)]
  0x000000001c2a5000 JavaThread "jar transforms Thread 143" [_thread_blocked, id=12112, stack(0x0000000026650000,0x0000000026750000)]
  0x000000001c2a6800 JavaThread "jar transforms Thread 142" [_thread_blocked, id=15988, stack(0x0000000026550000,0x0000000026650000)]
  0x000000001c2a4800 JavaThread "jar transforms Thread 141" [_thread_blocked, id=12272, stack(0x0000000026450000,0x0000000026550000)]
  0x000000001c29d000 JavaThread "jar transforms Thread 140" [_thread_blocked, id=15840, stack(0x0000000026350000,0x0000000026450000)]
  0x000000001c2a3800 JavaThread "jar transforms Thread 139" [_thread_blocked, id=8616, stack(0x0000000026250000,0x0000000026350000)]
  0x000000001c29c000 JavaThread "jar transforms Thread 138" [_thread_blocked, id=2336, stack(0x0000000026150000,0x0000000026250000)]
  0x000000001c2a3000 JavaThread "jar transforms Thread 137" [_thread_blocked, id=3124, stack(0x0000000026050000,0x0000000026150000)]
  0x000000001c2a2000 JavaThread "jar transforms Thread 136" [_thread_blocked, id=11976, stack(0x0000000025d50000,0x0000000025e50000)]
  0x000000001c29a800 JavaThread "jar transforms Thread 135" [_thread_blocked, id=14872, stack(0x0000000025c50000,0x0000000025d50000)]
  0x000000001c2a1800 JavaThread "jar transforms Thread 134" [_thread_blocked, id=2744, stack(0x0000000025b50000,0x0000000025c50000)]
  0x000000001c2a0800 JavaThread "jar transforms Thread 133" [_thread_blocked, id=15760, stack(0x0000000025a50000,0x0000000025b50000)]
  0x000000001c299000 JavaThread "jar transforms Thread 132" [_thread_blocked, id=11652, stack(0x0000000025950000,0x0000000025a50000)]
  0x000000001c2a0000 JavaThread "jar transforms Thread 131" [_thread_blocked, id=10872, stack(0x0000000025850000,0x0000000025950000)]
  0x000000001ec79000 JavaThread "jar transforms Thread 130" [_thread_blocked, id=15284, stack(0x0000000024490000,0x0000000024590000)]
  0x000000001ec78000 JavaThread "jar transforms Thread 129" [_thread_blocked, id=7668, stack(0x0000000024140000,0x0000000024240000)]
  0x000000001ec7d800 JavaThread "jar transforms Thread 128" [_thread_blocked, id=15556, stack(0x0000000023c20000,0x0000000023d20000)]
  0x000000001ec7c800 JavaThread "jar transforms Thread 127" [_thread_blocked, id=3312, stack(0x0000000023320000,0x0000000023420000)]
  0x000000001ec7c000 JavaThread "jar transforms Thread 126" [_thread_blocked, id=16020, stack(0x0000000023220000,0x0000000023320000)]
  0x000000001ec73000 JavaThread "jar transforms Thread 125" [_thread_blocked, id=10832, stack(0x0000000023120000,0x0000000023220000)]
  0x000000001ec75000 JavaThread "jar transforms Thread 124" [_thread_blocked, id=7240, stack(0x0000000022e20000,0x0000000022f20000)]
  0x000000001ec70000 JavaThread "jar transforms Thread 123" [_thread_blocked, id=12292, stack(0x0000000022d20000,0x0000000022e20000)]
  0x000000001ec71800 JavaThread "jar transforms Thread 122" [_thread_blocked, id=11856, stack(0x0000000022c20000,0x0000000022d20000)]
  0x000000001ec76800 JavaThread "jar transforms Thread 121" [_thread_blocked, id=13064, stack(0x0000000022b20000,0x0000000022c20000)]
  0x000000001ec74800 JavaThread "jar transforms Thread 120" [_thread_blocked, id=13040, stack(0x0000000022a20000,0x0000000022b20000)]
  0x000000001ec70800 JavaThread "jar transforms Thread 119" [_thread_blocked, id=14084, stack(0x0000000022920000,0x0000000022a20000)]
  0x000000001ec6f000 JavaThread "jar transforms Thread 118" [_thread_blocked, id=4224, stack(0x0000000022820000,0x0000000022920000)]
  0x000000001ec76000 JavaThread "jar transforms Thread 117" [_thread_blocked, id=8200, stack(0x0000000022720000,0x0000000022820000)]
  0x000000001ec73800 JavaThread "jar transforms Thread 116" [_thread_blocked, id=14204, stack(0x0000000022520000,0x0000000022620000)]
  0x000000001ec6e000 JavaThread "jar transforms Thread 115" [_thread_blocked, id=15792, stack(0x0000000022420000,0x0000000022520000)]
  0x000000001ec72000 JavaThread "Build operations Thread 8" [_thread_blocked, id=12492, stack(0x0000000022320000,0x0000000022420000)]
  0x000000001c42e800 JavaThread "Build operations Thread 7" [_thread_blocked, id=14592, stack(0x0000000022220000,0x0000000022320000)]
  0x000000001c42e000 JavaThread "Build operations Thread 6" [_thread_blocked, id=10348, stack(0x0000000022120000,0x0000000022220000)]
  0x000000001c42d000 JavaThread "Build operations Thread 5" [_thread_blocked, id=3680, stack(0x0000000022020000,0x0000000022120000)]
  0x000000001c42c800 JavaThread "Build operations Thread 4" [_thread_blocked, id=6820, stack(0x0000000021f20000,0x0000000022020000)]
  0x000000001c42b800 JavaThread "Build operations Thread 3" [_thread_blocked, id=12580, stack(0x0000000021e20000,0x0000000021f20000)]
  0x000000001c42a000 JavaThread "Build operations Thread 2" [_thread_blocked, id=14856, stack(0x0000000021d20000,0x0000000021e20000)]
  0x000000001c42b000 JavaThread "Build operations" [_thread_blocked, id=14328, stack(0x00000000209a0000,0x0000000020aa0000)]
  0x000000001c422800 JavaThread "Cache worker for cache directory md-rule (C:\Users\Billa\.gradle\caches\6.5\md-rule)" [_thread_blocked, id=13252, stack(0x00000000208a0000,0x00000000209a0000)]
  0x000000001c429800 JavaThread "Cache worker for cache directory md-supplier (C:\Users\Billa\.gradle\caches\6.5\md-supplier)" [_thread_blocked, id=12196, stack(0x00000000207a0000,0x00000000208a0000)]
  0x000000001c422000 JavaThread "Cache worker for checksums cache (D:\Billa Fathia\Documents\rpla sm.4\Mobpro\Tugas 4\.gradle\checksums)" [_thread_blocked, id=14624, stack(0x00000000206a0000,0x00000000207a0000)]
  0x000000001c428800 JavaThread "Cache worker for file hash cache (D:\Billa Fathia\Documents\rpla sm.4\Mobpro\Tugas 4\.gradle\6.5\fileHashes)" [_thread_blocked, id=15428, stack(0x000000001df00000,0x000000001e000000)]
  0x000000001c428000 JavaThread "Thread-156" [_thread_blocked, id=2508, stack(0x000000001dc00000,0x000000001dd00000)]
  0x000000001c421000 JavaThread "Stdin handler" [_thread_blocked, id=15948, stack(0x000000001db00000,0x000000001dc00000)]
  0x000000001c41f800 JavaThread "Asynchronous log dispatcher for DefaultDaemonConnection: socket connection from /127.0.0.1:53484 to /127.0.0.1:54380" [_thread_blocked, id=1716, stack(0x000000001d800000,0x000000001d900000)]
  0x000000001c423800 JavaThread "Daemon worker Thread 2" [_thread_in_Java, id=8116, stack(0x000000001d700000,0x000000001d800000)]
  0x000000001c426800 JavaThread "Cancel handler" [_thread_blocked, id=13148, stack(0x000000001d2b0000,0x000000001d3b0000)]
  0x000000001c425800 JavaThread "Handler for socket connection from /127.0.0.1:53484 to /127.0.0.1:54380" [_thread_in_native, id=5584, stack(0x000000001d1b0000,0x000000001d2b0000)]
  0x000000001c425000 JavaThread "Daemon Thread 2" [_thread_blocked, id=15908, stack(0x0000000000910000,0x0000000000a10000)]
  0x000000001c29b800 JavaThread "Memory manager" [_thread_blocked, id=11688, stack(0x000000002c9b0000,0x000000002cab0000)]
  0x000000001ec79800 JavaThread "Cache worker for file content cache (C:\Users\Billa\.gradle\caches\6.5\fileContent)" [_thread_blocked, id=14372, stack(0x0000000023b20000,0x0000000023c20000)]
  0x000000001ec77800 JavaThread "Cache worker for execution history cache (C:\Users\Billa\.gradle\caches\6.5\executionHistory)" [_thread_blocked, id=14196, stack(0x0000000023620000,0x0000000023720000)]
  0x000000001b216800 JavaThread "Cache worker for file hash cache (C:\Users\Billa\.gradle\caches\6.5\fileHashes)" [_thread_blocked, id=13860, stack(0x000000001e400000,0x000000001e500000)]
  0x000000001b215000 JavaThread "File lock request listener" [_thread_in_native, id=14852, stack(0x000000001e300000,0x000000001e400000)]
  0x000000001aaa3000 JavaThread "Cache worker for journal cache (C:\Users\Billa\.gradle\caches\journal-1)" [_thread_blocked, id=16176, stack(0x000000001e200000,0x000000001e300000)]
  0x000000001bead800 JavaThread "Daemon periodic checks" [_thread_blocked, id=14024, stack(0x000000001d600000,0x000000001d700000)]
  0x000000001be2c000 JavaThread "Incoming local TCP Connector on port 53484" [_thread_in_native, id=792, stack(0x000000001d3b0000,0x000000001d4b0000)]
  0x000000001bd7c000 JavaThread "Daemon health stats" [_thread_blocked, id=16240, stack(0x000000001cd70000,0x000000001ce70000)]
  0x000000001959e800 JavaThread "Service Thread" daemon [_thread_blocked, id=1632, stack(0x000000001a1d0000,0x000000001a2d0000)]
  0x0000000019511800 JavaThread "C1 CompilerThread3" daemon [_thread_in_vm, id=6028, stack(0x000000001a0d0000,0x000000001a1d0000)]
  0x000000001950b000 JavaThread "C2 CompilerThread2" daemon [_thread_blocked, id=13380, stack(0x0000000019fd0000,0x000000001a0d0000)]
  0x0000000019506800 JavaThread "C2 CompilerThread1" daemon [_thread_in_native, id=9500, stack(0x0000000019ed0000,0x0000000019fd0000)]
=>0x0000000019504000 JavaThread "C2 CompilerThread0" daemon [_thread_in_native, id=7580, stack(0x0000000019dd0000,0x0000000019ed0000)]
  0x0000000019502800 JavaThread "Attach Listener" daemon [_thread_blocked, id=15880, stack(0x0000000019cd0000,0x0000000019dd0000)]
  0x0000000019501800 JavaThread "Signal Dispatcher" daemon [_thread_blocked, id=13280, stack(0x0000000019bd0000,0x0000000019cd0000)]
  0x000000000268e000 JavaThread "Finalizer" daemon [_thread_blocked, id=8712, stack(0x00000000199d0000,0x0000000019ad0000)]
  0x00000000176fc800 JavaThread "Reference Handler" daemon [_thread_blocked, id=12132, stack(0x00000000198d0000,0x00000000199d0000)]
  0x000000000258e000 JavaThread "main" [_thread_blocked, id=2904, stack(0x00000000023c0000,0x00000000024c0000)]

Other Threads:
  0x00000000176f8000 VMThread [stack: 0x00000000193d0000,0x00000000194d0000] [id=12616]
  0x000000001959f000 WatcherThread [stack: 0x000000001a2d0000,0x000000001a3d0000] [id=8376]

VM state:not at safepoint (normal execution)

VM Mutex/Monitor currently owned by a thread:  ([mutex/lock_event])
[0x00000000025912d0] CompiledIC_lock - owner thread: 0x0000000019511800

heap address: 0x0000000080000000, size: 2048 MB, Compressed Oops mode: 32-bit
Narrow klass base: 0x0000000000000000, Narrow klass shift: 3
Compressed class space size: 1073741824 Address: 0x0000000100000000

Heap:
 PSYoungGen      total 345600K, used 343197K [0x00000000d5580000, 0x00000000f3b80000, 0x0000000100000000)
  eden space 320512K, 99% used [0x00000000d5580000,0x00000000e8c2ee68,0x00000000e8e80000)
  from space 25088K, 99% used [0x00000000e8e80000,0x00000000ea6f87a8,0x00000000ea700000)
  to   space 34816K, 0% used [0x00000000f1980000,0x00000000f1980000,0x00000000f3b80000)
 ParOldGen       total 78336K, used 46155K [0x0000000080000000, 0x0000000084c80000, 0x00000000d5580000)
  object space 78336K, 58% used [0x0000000080000000,0x0000000082d12fa0,0x0000000084c80000)
 Metaspace       used 92874K, capacity 97744K, committed 97880K, reserved 1134592K
  class space    used 12382K, capacity 13343K, committed 13400K, reserved 1048576K

Card table byte_map: [0x0000000011a50000,0x0000000011e60000] byte_map_base: 0x0000000011650000

Marking Bits: (ParMarkBitMap*) 0x000000005d88f030
 Begin Bits: [0x0000000012910000, 0x0000000014910000)
 End Bits:   [0x0000000014910000, 0x0000000016910000)

Polling page: 0x0000000000ab0000

CodeCache: size=245760Kb used=35348Kb max_used=35375Kb free=210411Kb
 bounds [0x0000000002690000, 0x0000000004950000, 0x0000000011690000]
 total_blobs=11640 nmethods=10740 adapters=810
 compilation: enabled

Compilation events (10 events):
Event: 9383.490 Thread 0x0000000019511800 12644       3       com.sun.org.apache.xerces.internal.impl.dtd.XMLDTDValidator::<init> (226 bytes)
Event: 9383.492 Thread 0x0000000019511800 nmethod 12644 0x000000000493a650 code [0x000000000493a920, 0x000000000493c138]
Event: 9383.516 Thread 0x0000000019504000 nmethod 12645 0x0000000004946ad0 code [0x0000000004946cc0, 0x0000000004947f28]
Event: 9383.522 Thread 0x0000000019506800 12648       4       com.sun.org.apache.xerces.internal.impl.XMLNSDocumentScannerImpl::scanStartElement (1026 bytes)
Event: 9383.536 Thread 0x0000000019511800 12633       3       com.sun.org.apache.xerces.internal.impl.XMLNSDocumentScannerImpl::createContentDriver (9 bytes)
Event: 9383.536 Thread 0x0000000019511800 nmethod 12633 0x00000000027ea1d0 code [0x00000000027ea340, 0x00000000027ea6b0]
Event: 9383.554 Thread 0x000000001950b000 12649       4       com.sun.org.apache.xerces.internal.impl.XMLEntityScanner::reset (43 bytes)
Event: 9383.556 Thread 0x000000001950b000 nmethod 12649 0x00000000043c3950 code [0x00000000043c3a80, 0x00000000043c3b38]
Event: 9383.571 Thread 0x0000000019504000 12650       4       com.sun.org.apache.xerces.internal.dom.CoreDocumentImpl::setUserData (179 bytes)
Event: 9383.579 Thread 0x0000000019511800 12634       3       com.sun.org.apache.xerces.internal.impl.XMLNSDocumentScannerImpl$NSContentDriver::<init> (11 bytes)

GC Heap History (10 events):
Event: 21.626 GC heap before
{Heap before GC invocations=14 (full 2):
 PSYoungGen      total 187904K, used 187886K [0x00000000d5580000, 0x00000000e5000000, 0x0000000100000000)
  eden space 175616K, 100% used [0x00000000d5580000,0x00000000e0100000,0x00000000e0100000)
  from space 12288K, 99% used [0x00000000e0100000,0x00000000e0cfbb38,0x00000000e0d00000)
  to   space 14336K, 0% used [0x00000000e4200000,0x00000000e4200000,0x00000000e5000000)
 ParOldGen       total 50688K, used 15989K [0x0000000080000000, 0x0000000083180000, 0x00000000d5580000)
  object space 50688K, 31% used [0x0000000080000000,0x0000000080f9d748,0x0000000083180000)
 Metaspace       used 56324K, capacity 58860K, committed 59008K, reserved 1099776K
  class space    used 7513K, capacity 8032K, committed 8064K, reserved 1048576K
Event: 21.663 GC heap after
Heap after GC invocations=14 (full 2):
 PSYoungGen      total 235008K, used 14306K [0x00000000d5580000, 0x00000000e5a80000, 0x0000000100000000)
  eden space 220672K, 0% used [0x00000000d5580000,0x00000000d5580000,0x00000000e2d00000)
  from space 14336K, 99% used [0x00000000e4200000,0x00000000e4ff8bb0,0x00000000e5000000)
  to   space 21504K, 0% used [0x00000000e2d00000,0x00000000e2d00000,0x00000000e4200000)
 ParOldGen       total 50688K, used 29667K [0x0000000080000000, 0x0000000083180000, 0x00000000d5580000)
  object space 50688K, 58% used [0x0000000080000000,0x0000000081cf8f10,0x0000000083180000)
 Metaspace       used 56324K, capacity 58860K, committed 59008K, reserved 1099776K
  class space    used 7513K, capacity 8032K, committed 8064K, reserved 1048576K
}
Event: 21.717 GC heap before
{Heap before GC invocations=15 (full 2):
 PSYoungGen      total 235008K, used 18368K [0x00000000d5580000, 0x00000000e5a80000, 0x0000000100000000)
  eden space 220672K, 1% used [0x00000000d5580000,0x00000000d5977530,0x00000000e2d00000)
  from space 14336K, 99% used [0x00000000e4200000,0x00000000e4ff8bb0,0x00000000e5000000)
  to   space 21504K, 0% used [0x00000000e2d00000,0x00000000e2d00000,0x00000000e4200000)
 ParOldGen       total 50688K, used 29667K [0x0000000080000000, 0x0000000083180000, 0x00000000d5580000)
  object space 50688K, 58% used [0x0000000080000000,0x0000000081cf8f10,0x0000000083180000)
 Metaspace       used 56474K, capacity 58962K, committed 59096K, reserved 1099776K
  class space    used 7542K, capacity 8067K, committed 8152K, reserved 1048576K
Event: 21.734 GC heap after
Heap after GC invocations=15 (full 2):
 PSYoungGen      total 242176K, used 306K [0x00000000d5580000, 0x00000000ec100000, 0x0000000100000000)
  eden space 220672K, 0% used [0x00000000d5580000,0x00000000d5580000,0x00000000e2d00000)
  from space 21504K, 1% used [0x00000000e2d00000,0x00000000e2d4c900,0x00000000e4200000)
  to   space 22016K, 0% used [0x00000000eab80000,0x00000000eab80000,0x00000000ec100000)
 ParOldGen       total 50688K, used 40544K [0x0000000080000000, 0x0000000083180000, 0x00000000d5580000)
  object space 50688K, 79% used [0x0000000080000000,0x0000000082798370,0x0000000083180000)
 Metaspace       used 56474K, capacity 58962K, committed 59096K, reserved 1099776K
  class space    used 7542K, capacity 8067K, committed 8152K, reserved 1048576K
}
Event: 21.734 GC heap before
{Heap before GC invocations=16 (full 3):
 PSYoungGen      total 242176K, used 306K [0x00000000d5580000, 0x00000000ec100000, 0x0000000100000000)
  eden space 220672K, 0% used [0x00000000d5580000,0x00000000d5580000,0x00000000e2d00000)
  from space 21504K, 1% used [0x00000000e2d00000,0x00000000e2d4c900,0x00000000e4200000)
  to   space 22016K, 0% used [0x00000000eab80000,0x00000000eab80000,0x00000000ec100000)
 ParOldGen       total 50688K, used 40544K [0x0000000080000000, 0x0000000083180000, 0x00000000d5580000)
  object space 50688K, 79% used [0x0000000080000000,0x0000000082798370,0x0000000083180000)
 Metaspace       used 56474K, capacity 58962K, committed 59096K, reserved 1099776K
  class space    used 7542K, capacity 8067K, committed 8152K, reserved 1048576K
Event: 22.177 GC heap after
Heap after GC invocations=16 (full 3):
 PSYoungGen      total 242176K, used 0K [0x00000000d5580000, 0x00000000ec100000, 0x0000000100000000)
  eden space 220672K, 0% used [0x00000000d5580000,0x00000000d5580000,0x00000000e2d00000)
  from space 21504K, 0% used [0x00000000e2d00000,0x00000000e2d00000,0x00000000e4200000)
  to   space 22016K, 0% used [0x00000000eab80000,0x00000000eab80000,0x00000000ec100000)
 ParOldGen       total 78336K, used 31349K [0x0000000080000000, 0x0000000084c80000, 0x00000000d5580000)
  object space 78336K, 40% used [0x0000000080000000,0x0000000081e9d480,0x0000000084c80000)
 Metaspace       used 56428K, capacity 58806K, committed 59096K, reserved 1099776K
  class space    used 7528K, capacity 8041K, committed 8152K, reserved 1048576K
}
Event: 28.492 GC heap before
{Heap before GC invocations=17 (full 3):
 PSYoungGen      total 242176K, used 220672K [0x00000000d5580000, 0x00000000ec100000, 0x0000000100000000)
  eden space 220672K, 100% used [0x00000000d5580000,0x00000000e2d00000,0x00000000e2d00000)
  from space 21504K, 0% used [0x00000000e2d00000,0x00000000e2d00000,0x00000000e4200000)
  to   space 22016K, 0% used [0x00000000eab80000,0x00000000eab80000,0x00000000ec100000)
 ParOldGen       total 78336K, used 31349K [0x0000000080000000, 0x0000000084c80000, 0x00000000d5580000)
  object space 78336K, 40% used [0x0000000080000000,0x0000000081e9d480,0x0000000084c80000)
 Metaspace       used 70288K, capacity 73252K, committed 73304K, reserved 1112064K
  class space    used 9687K, capacity 10300K, committed 10328K, reserved 1048576K
Event: 28.556 GC heap after
Heap after GC invocations=17 (full 3):
 PSYoungGen      total 331264K, used 20441K [0x00000000d5580000, 0x00000000ebf80000, 0x0000000100000000)
  eden space 310784K, 0% used [0x00000000d5580000,0x00000000d5580000,0x00000000e8500000)
  from space 20480K, 99% used [0x00000000eab80000,0x00000000ebf76738,0x00000000ebf80000)
  to   space 25088K, 0% used [0x00000000e8e80000,0x00000000e8e80000,0x00000000ea700000)
 ParOldGen       total 78336K, used 31357K [0x0000000080000000, 0x0000000084c80000, 0x00000000d5580000)
  object space 78336K, 40% used [0x0000000080000000,0x0000000081e9f480,0x0000000084c80000)
 Metaspace       used 70288K, capacity 73252K, committed 73304K, reserved 1112064K
  class space    used 9687K, capacity 10300K, committed 10328K, reserved 1048576K
}
Event: 37.033 GC heap before
{Heap before GC invocations=18 (full 3):
 PSYoungGen      total 331264K, used 331225K [0x00000000d5580000, 0x00000000ebf80000, 0x0000000100000000)
  eden space 310784K, 100% used [0x00000000d5580000,0x00000000e8500000,0x00000000e8500000)
  from space 20480K, 99% used [0x00000000eab80000,0x00000000ebf76738,0x00000000ebf80000)
  to   space 25088K, 0% used [0x00000000e8e80000,0x00000000e8e80000,0x00000000ea700000)
 ParOldGen       total 78336K, used 31357K [0x0000000080000000, 0x0000000084c80000, 0x00000000d5580000)
  object space 78336K, 40% used [0x0000000080000000,0x0000000081e9f480,0x0000000084c80000)
 Metaspace       used 86049K, capacity 90422K, committed 90712K, reserved 1128448K
  class space    used 11746K, capacity 12580K, committed 12632K, reserved 1048576K
Event: 37.123 GC heap after
Heap after GC invocations=18 (full 3):
 PSYoungGen      total 345600K, used 25057K [0x00000000d5580000, 0x00000000f3b80000, 0x0000000100000000)
  eden space 320512K, 0% used [0x00000000d5580000,0x00000000d5580000,0x00000000e8e80000)
  from space 25088K, 99% used [0x00000000e8e80000,0x00000000ea6f87a8,0x00000000ea700000)
  to   space 34816K, 0% used [0x00000000f1980000,0x00000000f1980000,0x00000000f3b80000)
 ParOldGen       total 78336K, used 46155K [0x0000000080000000, 0x0000000084c80000, 0x00000000d5580000)
  object space 78336K, 58% used [0x0000000080000000,0x0000000082d12fa0,0x0000000084c80000)
 Metaspace       used 86049K, capacity 90422K, committed 90712K, reserved 1128448K
  class space    used 11746K, capacity 12580K, committed 12632K, reserved 1048576K
}

Deoptimization events (10 events):
Event: 9379.258 Thread 0x000000001c423800 Uncommon trap: reason=unstable_if action=reinterpret pc=0x00000000044061c0 method=java.lang.Long.toString(J)Ljava/lang/String; @ 14
Event: 9379.258 Thread 0x000000001c423800 Uncommon trap: reason=unstable_if action=reinterpret pc=0x00000000043ef628 method=java.lang.Long.getChars(JI[C)V @ 9
Event: 9379.632 Thread 0x000000001c423800 Uncommon trap: reason=unstable_if action=reinterpret pc=0x000000000294563c method=sun.nio.cs.UTF_8$Decoder.decode([BII[C)I @ 30
Event: 9379.633 Thread 0x000000001c423800 Uncommon trap: reason=unstable_if action=reinterpret pc=0x0000000002a4189c method=java.lang.StringCoding.safeTrim([CILjava/nio/charset/Charset;Z)[C @ 3
Event: 9379.703 Thread 0x000000001c423800 Uncommon trap: reason=unstable_if action=reinterpret pc=0x0000000002c36228 method=java.lang.StringCoding.safeTrim([CILjava/nio/charset/Charset;Z)[C @ 3
Event: 9381.412 Thread 0x000000001c423800 Uncommon trap: reason=unstable_if action=reinterpret pc=0x0000000003666688 method=com.sun.org.apache.xerces.internal.util.SymbolTable.addSymbol([CII)Ljava/lang/String; @ 64
Event: 9381.634 Thread 0x000000001c423800 Uncommon trap: reason=class_check action=maybe_recompile pc=0x00000000048d0314 method=com.sun.org.apache.xerces.internal.dom.NamedNodeMapImpl.findNamePoint(Ljava/lang/String;I)I @ 54
Event: 9381.634 Thread 0x000000001c423800 Uncommon trap: reason=class_check action=maybe_recompile pc=0x00000000048d0314 method=com.sun.org.apache.xerces.internal.dom.NamedNodeMapImpl.findNamePoint(Ljava/lang/String;I)I @ 54
Event: 9381.634 Thread 0x000000001c423800 Uncommon trap: reason=class_check action=maybe_recompile pc=0x00000000048d0314 method=com.sun.org.apache.xerces.internal.dom.NamedNodeMapImpl.findNamePoint(Ljava/lang/String;I)I @ 54
Event: 9381.634 Thread 0x000000001c423800 Uncommon trap: reason=class_check action=maybe_recompile pc=0x00000000048d0314 method=com.sun.org.apache.xerces.internal.dom.NamedNodeMapImpl.findNamePoint(Ljava/lang/String;I)I @ 54

Classes redefined (0 events):
No events

Internal exceptions (10 events):
Event: 9374.155 Thread 0x000000001c428000 Exception <a 'java/lang/NoSuchMethodError': <clinit>> (0x00000000deab0158) thrown at [C:\src\AOSP-openjdk-git\hotspot\src\share\vm\prims\jni.cpp, line 1615]
Event: 9374.159 Thread 0x000000001c428000 Exception <a 'java/lang/NoSuchMethodError': <clinit>> (0x00000000e1e8e298) thrown at [C:\src\AOSP-openjdk-git\hotspot\src\share\vm\prims\jni.cpp, line 1615]
Event: 9374.186 Thread 0x000000001c428000 Exception <a 'java/lang/NoSuchMethodError': <clinit>> (0x00000000e1ea1638) thrown at [C:\src\AOSP-openjdk-git\hotspot\src\share\vm\prims\jni.cpp, line 1615]
Event: 9374.910 Thread 0x000000001c423800 Implicit null exception at 0x0000000003fc4a23 to 0x0000000003fc4b5d
Event: 9375.323 Thread 0x000000001c423800 Implicit null exception at 0x0000000004570d66 to 0x0000000004571c6d
Event: 9375.325 Thread 0x000000001c423800 Implicit null exception at 0x0000000004553fa3 to 0x0000000004554429
Event: 9375.377 Thread 0x000000001c423800 Exception <a 'java/lang/NoSuchMethodError': java.lang.Object.lambda$static$0(Lorg/gradle/api/internal/tasks/TaskDependencyResolveContext;)V> (0x00000000e2976498) thrown at [C:\src\AOSP-openjdk-git\hotspot\src\share\vm\interpreter\linkResolver.cpp, line 62
Event: 9375.796 Thread 0x000000001c423800 Exception <a 'sun/nio/fs/WindowsException'> (0x00000000e2e798e8) thrown at [C:\src\AOSP-openjdk-git\hotspot\src\share\vm\prims\jni.cpp, line 710]
Event: 9376.376 Thread 0x000000001c428000 Exception <a 'java/lang/NoSuchMethodError': <clinit>> (0x00000000e1ec1f18) thrown at [C:\src\AOSP-openjdk-git\hotspot\src\share\vm\prims\jni.cpp, line 1615]
Event: 9376.832 Thread 0x000000001c428000 Exception <a 'java/lang/NoSuchMethodError': <clinit>> (0x00000000e3bbbc70) thrown at [C:\src\AOSP-openjdk-git\hotspot\src\share\vm\prims\jni.cpp, line 1615]

Events (10 events):
Event: 9381.776 Thread 0x000000001c423800 DEOPT PACKING pc=0x00000000047f14f0 sp=0x000000001d7f8bb0
Event: 9381.776 Thread 0x000000001c423800 DEOPT UNPACKING pc=0x00000000026d75d0 sp=0x000000001d7f8a58 mode 0
Event: 9383.365 Thread 0x0000000019504000 flushing nmethod 0x00000000027ea2d0
Event: 9383.383 Thread 0x0000000019504000 flushing nmethod 0x000000000282a110
Event: 9383.384 Thread 0x0000000019504000 flushing nmethod 0x000000000282f890
Event: 9383.493 Thread 0x0000000019511800 flushing nmethod 0x0000000002a83a10
Event: 9383.504 Thread 0x0000000019511800 flushing nmethod 0x0000000002aeae10
Event: 9383.527 Thread 0x0000000019511800 flushing nmethod 0x0000000002be7b90
Event: 9383.531 Thread 0x0000000019511800 flushing nmethod 0x0000000002bf3d10
Event: 9383.547 Thread 0x0000000019511800 flushing nmethod 0x0000000002c4a350


Dynamic libraries:
0x00007ff773510000 - 0x00007ff773541000 	C:\Program Files\Android\Android Studio\jre\bin\java.exe
0x00007ff998d40000 - 0x00007ff998f43000 	C:\WINDOWS\SYSTEM32\ntdll.dll
0x00007ff997ee0000 - 0x00007ff997f9d000 	C:\WINDOWS\System32\KERNEL32.DLL
0x00007ff996490000 - 0x00007ff9967fb000 	C:\WINDOWS\System32\KERNELBASE.dll
0x00007ff98fa80000 - 0x00007ff98fb11000 	C:\WINDOWS\SYSTEM32\apphelp.dll
0x00007ff998c50000 - 0x00007ff998cfc000 	C:\WINDOWS\System32\ADVAPI32.dll
0x00007ff9977b0000 - 0x00007ff997853000 	C:\WINDOWS\System32\msvcrt.dll
0x00007ff997af0000 - 0x00007ff997b8e000 	C:\WINDOWS\System32\sechost.dll
0x00007ff997cb0000 - 0x00007ff997dd4000 	C:\WINDOWS\System32\RPCRT4.dll
0x00007ff9978c0000 - 0x00007ff997a65000 	C:\WINDOWS\System32\USER32.dll
0x00007ff996a10000 - 0x00007ff996a36000 	C:\WINDOWS\System32\win32u.dll
0x00007ff997530000 - 0x00007ff997559000 	C:\WINDOWS\System32\GDI32.dll
0x00007ff996800000 - 0x00007ff996911000 	C:\WINDOWS\System32\gdi32full.dll
0x00007ff996c10000 - 0x00007ff996cad000 	C:\WINDOWS\System32\msvcp_win.dll
0x00007ff996b00000 - 0x00007ff996c10000 	C:\WINDOWS\System32\ucrtbase.dll
0x00007ff995530000 - 0x00007ff9957d5000 	C:\WINDOWS\WinSxS\amd64_microsoft.windows.common-controls_6595b64144ccf1df_6.0.21327.1000_none_5c611b9373ff7408\COMCTL32.dll
0x00007ff997de0000 - 0x00007ff997e0f000 	C:\WINDOWS\System32\IMM32.DLL
0x000000005cf00000 - 0x000000005cfd2000 	C:\Program Files\Android\Android Studio\jre\jre\bin\msvcr100.dll
0x000000005d0c0000 - 0x000000005d90b000 	C:\Program Files\Android\Android Studio\jre\jre\bin\server\jvm.dll
0x00007ff997ca0000 - 0x00007ff997ca8000 	C:\WINDOWS\System32\PSAPI.DLL
0x00007ff961980000 - 0x00007ff961989000 	C:\WINDOWS\SYSTEM32\WSOCK32.dll
0x00007ff98fcd0000 - 0x00007ff98fcda000 	C:\WINDOWS\SYSTEM32\VERSION.dll
0x00007ff98edf0000 - 0x00007ff98ee20000 	C:\WINDOWS\SYSTEM32\WINMM.dll
0x00007ff997650000 - 0x00007ff9976c0000 	C:\WINDOWS\System32\WS2_32.dll
0x00007ff995b90000 - 0x00007ff995b9f000 	C:\Program Files\Android\Android Studio\jre\jre\bin\verify.dll
0x00007ff987440000 - 0x00007ff987469000 	C:\Program Files\Android\Android Studio\jre\jre\bin\java.dll
0x00007ff980ce0000 - 0x00007ff980cf6000 	C:\Program Files\Android\Android Studio\jre\jre\bin\zip.dll
0x00007ff996cb0000 - 0x00007ff99740f000 	C:\WINDOWS\System32\SHELL32.dll
0x00007ff9935f0000 - 0x00007ff993e5c000 	C:\WINDOWS\SYSTEM32\windows.storage.dll
0x00007ff998050000 - 0x00007ff9983c0000 	C:\WINDOWS\System32\combase.dll
0x00007ff9976c0000 - 0x00007ff9977ab000 	C:\WINDOWS\System32\SHCORE.dll
0x00007ff9985b0000 - 0x00007ff99860f000 	C:\WINDOWS\System32\shlwapi.dll
0x00007ff996250000 - 0x00007ff996271000 	C:\WINDOWS\SYSTEM32\profapi.dll
0x00007ff980cc0000 - 0x00007ff980cda000 	C:\Program Files\Android\Android Studio\jre\jre\bin\net.dll
0x00007ff995210000 - 0x00007ff995277000 	C:\WINDOWS\system32\mswsock.dll
0x00007ff980ca0000 - 0x00007ff980cb3000 	C:\Program Files\Android\Android Studio\jre\jre\bin\nio.dll
0x00007ff96f860000 - 0x00007ff96f887000 	C:\Users\Billa\.gradle\native\f6784746aeab05261644944871eae4fe03e0ef1612fff0a4a95f87b438bc6780\windows-amd64\native-platform.dll
0x00007ff98b980000 - 0x00007ff98b98d000 	C:\Program Files\Android\Android Studio\jre\jre\bin\management.dll
0x00007ff995fd0000 - 0x00007ff995fe8000 	C:\WINDOWS\SYSTEM32\CRYPTSP.dll
0x00007ff9945e0000 - 0x00007ff994615000 	C:\WINDOWS\system32\rsaenh.dll
0x00007ff9951e0000 - 0x00007ff995208000 	C:\WINDOWS\SYSTEM32\USERENV.dll
0x00007ff995c00000 - 0x00007ff995c27000 	C:\WINDOWS\SYSTEM32\bcrypt.dll
0x00007ff996920000 - 0x00007ff99699b000 	C:\WINDOWS\System32\bcryptprimitives.dll
0x00007ff995480000 - 0x00007ff99548c000 	C:\WINDOWS\SYSTEM32\CRYPTBASE.dll
0x00007ff9940f0000 - 0x00007ff99411d000 	C:\WINDOWS\SYSTEM32\IPHLPAPI.DLL
0x00007ff997b90000 - 0x00007ff997b99000 	C:\WINDOWS\System32\NSI.dll
0x00007ff98cc00000 - 0x00007ff98cc19000 	C:\WINDOWS\SYSTEM32\dhcpcsvc6.DLL
0x00007ff98d470000 - 0x00007ff98d48e000 	C:\WINDOWS\SYSTEM32\dhcpcsvc.DLL
0x00007ff994120000 - 0x00007ff994203000 	C:\WINDOWS\SYSTEM32\DNSAPI.dll
0x00007ff98c890000 - 0x00007ff98c89c000 	C:\WINDOWS\SYSTEM32\WINNSI.DLL
0x00007ff97b280000 - 0x00007ff97b2a4000 	C:\Program Files\Android\Android Studio\jre\jre\bin\sunec.dll
0x00007ff9897b0000 - 0x00007ff9897ba000 	C:\Windows\System32\rasadhlp.dll
0x00007ff989e80000 - 0x00007ff989f01000 	C:\WINDOWS\System32\fwpuclnt.dll
0x00007ff98ac80000 - 0x00007ff98ac8b000 	C:\Program Files\Android\Android Studio\jre\jre\bin\sunmscapi.dll
0x00007ff996320000 - 0x00007ff996485000 	C:\WINDOWS\System32\CRYPT32.dll

VM Arguments:
jvm_args: -Xmx2048m -Dfile.encoding=UTF-8 -Duser.country=US -Duser.language=en -Duser.variant 
java_command: org.gradle.launcher.daemon.bootstrap.GradleDaemon 6.5
java_class_path (initial): C:\Users\Billa\.gradle\wrapper\dists\gradle-6.5-bin\6nifqtx7604sqp1q6g8wikw7p\gradle-6.5\lib\gradle-launcher-6.5.jar
Launcher Type: SUN_STANDARD

Environment Variables:
JAVA_HOME=C:\Users\Billa\Downloads\jdk-15.0.1_windows-x64_bin\jdk-15.0.1\bin
PATH=C:\Program Files\Common Files\Oracle\Java\javapath;C:\WINDOWS\system32;C:\WINDOWS;C:\WINDOWS\System32\Wbem;C:\WINDOWS\System32\WindowsPowerShell\v1.0\;C:\WINDOWS\System32\OpenSSH\;C:\Users\Billa\AppData\Local\Microsoft\WindowsApps;C:\Users\Billa\AppData\Local\Programs\Microsoft VS Code\bin;C:\Users\Billa\Downloads\jdk-15.0.1_windows-x64_bin\jdk-15.0.1\bin;
USERNAME=Billa
OS=Windows_NT
PROCESSOR_IDENTIFIER=Intel64 Family 6 Model 142 Stepping 11, GenuineIntel



---------------  S Y S T E M  ---------------

OS: Windows 10.0 , 64 bit Build 21327 (10.0.21327.1000)

CPU:total 8 (initial active 8) (4 cores per cpu, 2 threads per core) family 6 model 142 stepping 11, cmov, cx8, fxsr, mmx, sse, sse2, sse3, ssse3, sse4.1, sse4.2, popcnt, avx, avx2, aes, clmul, erms, 3dnowpref, lzcnt, ht, tsc, tscinvbit, bmi1, bmi2, adx

Memory: 4k page, physical 4004528k(105304k free), swap 12393084k(0k free)

vm_info: OpenJDK 64-Bit Server VM (25.242-b01) for windows-amd64 JRE (1.8.0_242-release-1644-b01), built by "builder" with MS VC++ 10.0 (VS2010)

time: Tue Mar 09 16:22:03 2021
timezone: SE Asia Standard Time
elapsed time: 9383 seconds (0d 2h 36m 23s)

