#
# There is insufficient memory for the Java Runtime Environment to continue.
# Native memory allocation (malloc) failed to allocate 1082896 bytes for Chunk::new
# Possible reasons:
#   The system is out of physical RAM or swap space
#   The process is running with CompressedOops enabled, and the Java Heap may be blocking the growth of the native heap
# Possible solutions:
#   Reduce memory load on the system
#   Increase physical memory or swap space
#   Check if swap backing store is full
#   Decrease Java heap size (-Xmx/-Xms)
#   Decrease number of Java threads
#   Decrease Java thread stack sizes (-Xss)
#   Set larger code cache with -XX:ReservedCodeCacheSize=
#   JVM is running with Unscaled Compressed Oops mode in which the Java heap is
#     placed in the first 4GB address space. The Java Heap base address is the
#     maximum limit for the native heap growth. Please use -XX:HeapBaseMinAddress
#     to set the Java Heap base and to place the Java Heap above 4GB virtual address.
# This output file may be truncated or incomplete.
#
#  Out of Memory Error (allocation.cpp:389), pid=3296, tid=0x000000000000317c
#
# JRE version: OpenJDK Runtime Environment (8.0_242-b01) (build 1.8.0_242-release-1644-b01)
# Java VM: OpenJDK 64-Bit Server VM (25.242-b01 mixed mode windows-amd64 compressed oops)
# Failed to write core dump. Minidumps are not enabled by default on client versions of Windows
#

---------------  T H R E A D  ---------------

Current thread (0x0000000017a8d000):  JavaThread "C2 CompilerThread1" daemon [_thread_in_native, id=12668, stack(0x000000001a2b0000,0x000000001a3b0000)]

Stack: [0x000000001a2b0000,0x000000001a3b0000]
[error occurred during error reporting (printing stack bounds), id 0xc0000005]

Native frames: (J=compiled Java code, j=interpreted, Vv=VM code, C=native code)


Current CompileTask:
C2:   9041 5510       4       java.lang.Class::getMethod0 (40 bytes)


---------------  P R O C E S S  ---------------

Java Threads: ( => current thread )
  0x0000000020300800 JavaThread "jar transforms Thread 114" [_thread_blocked, id=2944, stack(0x000000002bf20000,0x000000002c020000)]
  0x00000000202fe800 JavaThread "jar transforms Thread 113" [_thread_blocked, id=9344, stack(0x000000002be20000,0x000000002bf20000)]
  0x0000000020300000 JavaThread "jar transforms Thread 112" [_thread_blocked, id=12236, stack(0x000000002bd20000,0x000000002be20000)]
  0x00000000202fa800 JavaThread "jar transforms Thread 111" [_thread_blocked, id=12796, stack(0x000000002bc20000,0x000000002bd20000)]
  0x00000000202fd000 JavaThread "jar transforms Thread 110" [_thread_blocked, id=6864, stack(0x000000002bb20000,0x000000002bc20000)]
  0x00000000202ff000 JavaThread "jar transforms Thread 109" [_thread_blocked, id=3064, stack(0x000000002ba20000,0x000000002bb20000)]
  0x00000000202fb800 JavaThread "jar transforms Thread 108" [_thread_blocked, id=10660, stack(0x000000002b920000,0x000000002ba20000)]
  0x00000000202fd800 JavaThread "jar transforms Thread 107" [_thread_blocked, id=12140, stack(0x000000002b820000,0x000000002b920000)]
  0x00000000202fc000 JavaThread "jar transforms Thread 106" [_thread_blocked, id=3032, stack(0x000000002b720000,0x000000002b820000)]
  0x00000000202f3000 JavaThread "jar transforms Thread 105" [_thread_blocked, id=16996, stack(0x000000002b620000,0x000000002b720000)]
  0x00000000202fa000 JavaThread "jar transforms Thread 104" [_thread_blocked, id=16908, stack(0x000000002b520000,0x000000002b620000)]
  0x00000000202f2000 JavaThread "jar transforms Thread 103" [_thread_blocked, id=3932, stack(0x000000002b320000,0x000000002b420000)]
  0x00000000202f9000 JavaThread "jar transforms Thread 102" [_thread_blocked, id=1076, stack(0x000000002b220000,0x000000002b320000)]
  0x00000000202f4800 JavaThread "jar transforms Thread 101" [_thread_blocked, id=17576, stack(0x000000002b120000,0x000000002b220000)]
  0x00000000202f7800 JavaThread "jar transforms Thread 100" [_thread_blocked, id=17304, stack(0x000000002b020000,0x000000002b120000)]
  0x00000000202f7000 JavaThread "jar transforms Thread 99" [_thread_blocked, id=14512, stack(0x000000002af20000,0x000000002b020000)]
  0x00000000202f6000 JavaThread "jar transforms Thread 98" [_thread_blocked, id=7172, stack(0x000000002ae20000,0x000000002af20000)]
  0x00000000202f1800 JavaThread "jar transforms Thread 97" [_thread_blocked, id=13372, stack(0x000000002ad20000,0x000000002ae20000)]
  0x00000000202f3800 JavaThread "jar transforms Thread 96" [_thread_blocked, id=5788, stack(0x000000002ac20000,0x000000002ad20000)]
  0x00000000202f8800 JavaThread "jar transforms Thread 95" [_thread_blocked, id=9836, stack(0x000000002ab20000,0x000000002ac20000)]
  0x00000000202f5000 JavaThread "jar transforms Thread 94" [_thread_blocked, id=2336, stack(0x000000002aa20000,0x000000002ab20000)]
  0x000000001fae6800 JavaThread "jar transforms Thread 93" [_thread_blocked, id=2532, stack(0x000000002a920000,0x000000002aa20000)]
  0x000000001fae6000 JavaThread "jar transforms Thread 92" [_thread_blocked, id=17472, stack(0x000000002a820000,0x000000002a920000)]
  0x000000001fae5000 JavaThread "jar transforms Thread 91" [_thread_blocked, id=13336, stack(0x000000002a720000,0x000000002a820000)]
  0x000000001fae3800 JavaThread "jar transforms Thread 90" [_thread_blocked, id=16724, stack(0x000000002a620000,0x000000002a720000)]
  0x000000001fae4800 JavaThread "jar transforms Thread 89" [_thread_blocked, id=12992, stack(0x000000002a520000,0x000000002a620000)]
  0x000000001fae9800 JavaThread "jar transforms Thread 88" [_thread_blocked, id=10956, stack(0x000000002a420000,0x000000002a520000)]
  0x000000001fae9000 JavaThread "jar transforms Thread 87" [_thread_blocked, id=7916, stack(0x000000002a320000,0x000000002a420000)]
  0x000000001fae8000 JavaThread "jar transforms Thread 86" [_thread_blocked, id=7332, stack(0x000000002a220000,0x000000002a320000)]
  0x000000001fae7800 JavaThread "jar transforms Thread 85" [_thread_blocked, id=7680, stack(0x000000002a120000,0x000000002a220000)]
  0x000000001fadc000 JavaThread "jar transforms Thread 84" [_thread_blocked, id=14864, stack(0x000000002a020000,0x000000002a120000)]
  0x000000001fae0000 JavaThread "jar transforms Thread 83" [_thread_blocked, id=17732, stack(0x0000000029f20000,0x000000002a020000)]
  0x000000001fae3000 JavaThread "jar transforms Thread 82" [_thread_blocked, id=9456, stack(0x0000000029e20000,0x0000000029f20000)]
  0x000000001fae2000 JavaThread "jar transforms Thread 81" [_thread_blocked, id=9360, stack(0x0000000029d20000,0x0000000029e20000)]
  0x000000001fadb800 JavaThread "jar transforms Thread 80" [_thread_blocked, id=588, stack(0x0000000029c20000,0x0000000029d20000)]
  0x000000001fade800 JavaThread "jar transforms Thread 79" [_thread_blocked, id=6456, stack(0x0000000029b20000,0x0000000029c20000)]
  0x000000001fae1800 JavaThread "jar transforms Thread 78" [_thread_blocked, id=16572, stack(0x0000000029a20000,0x0000000029b20000)]
  0x000000001fada800 JavaThread "jar transforms Thread 77" [_thread_blocked, id=16088, stack(0x0000000029920000,0x0000000029a20000)]
  0x000000001fadd000 JavaThread "jar transforms Thread 76" [_thread_blocked, id=13828, stack(0x0000000029820000,0x0000000029920000)]
  0x000000001fadf000 JavaThread "jar transforms Thread 75" [_thread_blocked, id=16352, stack(0x0000000029720000,0x0000000029820000)]
  0x000000001fae0800 JavaThread "jar transforms Thread 74" [_thread_blocked, id=15868, stack(0x0000000029620000,0x0000000029720000)]
  0x000000001fadd800 JavaThread "jar transforms Thread 73" [_thread_blocked, id=2372, stack(0x0000000029520000,0x0000000029620000)]
  0x00000000217ef800 JavaThread "jar transforms Thread 72" [_thread_blocked, id=6100, stack(0x0000000029420000,0x0000000029520000)]
  0x00000000217ee000 JavaThread "jar transforms Thread 71" [_thread_blocked, id=15984, stack(0x0000000029320000,0x0000000029420000)]
  0x00000000217ed800 JavaThread "jar transforms Thread 70" [_thread_blocked, id=13520, stack(0x0000000029220000,0x0000000029320000)]
  0x00000000217ec800 JavaThread "jar transforms Thread 69" [_thread_blocked, id=7956, stack(0x0000000029120000,0x0000000029220000)]
  0x00000000217ef000 JavaThread "jar transforms Thread 68" [_thread_blocked, id=13168, stack(0x0000000029020000,0x0000000029120000)]
  0x00000000217e5000 JavaThread "jar transforms Thread 67" [_thread_blocked, id=14880, stack(0x0000000028f20000,0x0000000029020000)]
  0x00000000217ec000 JavaThread "jar transforms Thread 66" [_thread_blocked, id=3560, stack(0x0000000028e20000,0x0000000028f20000)]
  0x00000000217e4800 JavaThread "jar transforms Thread 65" [_thread_blocked, id=15080, stack(0x0000000028d20000,0x0000000028e20000)]
  0x00000000217eb000 JavaThread "jar transforms Thread 64" [_thread_blocked, id=2676, stack(0x0000000028c20000,0x0000000028d20000)]
  0x00000000217e3800 JavaThread "jar transforms Thread 63" [_thread_blocked, id=17524, stack(0x0000000028b20000,0x0000000028c20000)]
  0x00000000217ea800 JavaThread "jar transforms Thread 62" [_thread_blocked, id=8492, stack(0x0000000028a20000,0x0000000028b20000)]
  0x00000000217e9800 JavaThread "jar transforms Thread 61" [_thread_blocked, id=176, stack(0x0000000028920000,0x0000000028a20000)]
  0x00000000217e2000 JavaThread "jar transforms Thread 60" [_thread_blocked, id=11364, stack(0x0000000028820000,0x0000000028920000)]
  0x00000000217e9000 JavaThread "jar transforms Thread 59" [_thread_blocked, id=1224, stack(0x0000000028720000,0x0000000028820000)]
  0x00000000217e8000 JavaThread "jar transforms Thread 58" [_thread_blocked, id=10768, stack(0x0000000028620000,0x0000000028720000)]
  0x00000000217e1800 JavaThread "jar transforms Thread 57" [_thread_blocked, id=9788, stack(0x0000000028520000,0x0000000028620000)]
  0x00000000217e6000 JavaThread "jar transforms Thread 56" [_thread_blocked, id=2256, stack(0x0000000028420000,0x0000000028520000)]
  0x00000000217e7800 JavaThread "jar transforms Thread 55" [_thread_blocked, id=15044, stack(0x0000000028320000,0x0000000028420000)]
  0x00000000217e3000 JavaThread "jar transforms Thread 54" [_thread_blocked, id=8504, stack(0x0000000028220000,0x0000000028320000)]
  0x00000000217e6800 JavaThread "jar transforms Thread 53" [_thread_blocked, id=9992, stack(0x0000000028120000,0x0000000028220000)]
  0x00000000217e0800 JavaThread "jar transforms Thread 52" [_thread_blocked, id=3852, stack(0x0000000028020000,0x0000000028120000)]
  0x000000001f5c4000 JavaThread "jar transforms Thread 51" [_thread_blocked, id=12588, stack(0x0000000027f20000,0x0000000028020000)]
  0x000000001f5c3800 JavaThread "jar transforms Thread 50" [_thread_blocked, id=3608, stack(0x0000000027e20000,0x0000000027f20000)]
  0x000000001f5c2000 JavaThread "jar transforms Thread 49" [_thread_blocked, id=2432, stack(0x0000000027d20000,0x0000000027e20000)]
  0x000000001f5c2800 JavaThread "jar transforms Thread 48" [_thread_blocked, id=14384, stack(0x0000000027c20000,0x0000000027d20000)]
  0x000000001f5c5800 JavaThread "jar transforms Thread 47" [_thread_blocked, id=16052, stack(0x0000000027b20000,0x0000000027c20000)]
  0x000000001f5c0800 JavaThread "jar transforms Thread 46" [_thread_blocked, id=13664, stack(0x0000000027a20000,0x0000000027b20000)]
  0x000000001f5c1000 JavaThread "jar transforms Thread 45" [_thread_blocked, id=8836, stack(0x0000000027920000,0x0000000027a20000)]
  0x000000001f5c5000 JavaThread "jar transforms Thread 44" [_thread_blocked, id=9332, stack(0x0000000027820000,0x0000000027920000)]
  0x000000001f5b9000 JavaThread "jar transforms Thread 43" [_thread_blocked, id=11020, stack(0x0000000027720000,0x0000000027820000)]
  0x000000001f5bf800 JavaThread "jar transforms Thread 42" [_thread_blocked, id=13792, stack(0x0000000027620000,0x0000000027720000)]
  0x000000001f5bf000 JavaThread "jar transforms Thread 41" [_thread_blocked, id=10908, stack(0x0000000027520000,0x0000000027620000)]
  0x000000001f5b7800 JavaThread "jar transforms Thread 40" [_thread_blocked, id=9320, stack(0x0000000027420000,0x0000000027520000)]
  0x000000001f5be000 JavaThread "jar transforms Thread 39" [_thread_blocked, id=14904, stack(0x0000000027320000,0x0000000027420000)]
  0x000000001f5b6800 JavaThread "jar transforms Thread 38" [_thread_blocked, id=18036, stack(0x0000000027220000,0x0000000027320000)]
  0x000000001f5bd800 JavaThread "jar transforms Thread 37" [_thread_blocked, id=9624, stack(0x0000000027120000,0x0000000027220000)]
  0x000000001f5bb000 JavaThread "jar transforms Thread 36" [_thread_blocked, id=14472, stack(0x0000000027020000,0x0000000027120000)]
  0x000000001f5bc800 JavaThread "jar transforms Thread 35" [_thread_blocked, id=14204, stack(0x0000000026f20000,0x0000000027020000)]
  0x000000001f5ba800 JavaThread "jar transforms Thread 34" [_thread_blocked, id=10424, stack(0x0000000026e20000,0x0000000026f20000)]
  0x000000001f5bc000 JavaThread "jar transforms Thread 33" [_thread_blocked, id=2396, stack(0x0000000026d20000,0x0000000026e20000)]
  0x000000001f5b8000 JavaThread "jar transforms Thread 32" [_thread_blocked, id=9352, stack(0x0000000026c20000,0x0000000026d20000)]
  0x000000001f5b9800 JavaThread "jar transforms Thread 31" [_thread_blocked, id=9560, stack(0x0000000026b20000,0x0000000026c20000)]
  0x000000001f561000 JavaThread "jar transforms Thread 30" [_thread_blocked, id=7556, stack(0x0000000026a20000,0x0000000026b20000)]
  0x000000001f560000 JavaThread "jar transforms Thread 29" [_thread_blocked, id=7824, stack(0x0000000026920000,0x0000000026a20000)]
  0x000000001f55f800 JavaThread "jar transforms Thread 28" [_thread_blocked, id=13976, stack(0x0000000026820000,0x0000000026920000)]
  0x000000001f55e800 JavaThread "jar transforms Thread 27" [_thread_blocked, id=4392, stack(0x0000000026720000,0x0000000026820000)]
  0x000000001f563000 JavaThread "jar transforms Thread 26" [_thread_blocked, id=13016, stack(0x0000000026620000,0x0000000026720000)]
  0x000000001f561800 JavaThread "jar transforms Thread 25" [_thread_blocked, id=7844, stack(0x0000000026520000,0x0000000026620000)]
  0x000000001f562800 JavaThread "jar transforms Thread 24" [_thread_blocked, id=11280, stack(0x0000000026420000,0x0000000026520000)]
  0x000000001f55e000 JavaThread "jar transforms Thread 23" [_thread_blocked, id=18040, stack(0x0000000026320000,0x0000000026420000)]
  0x000000001f556800 JavaThread "jar transforms Thread 22" [_thread_blocked, id=15716, stack(0x0000000026220000,0x0000000026320000)]
  0x000000001f557000 JavaThread "jar transforms Thread 21" [_thread_blocked, id=10288, stack(0x0000000026120000,0x0000000026220000)]
  0x000000001f55d000 JavaThread "Build operations Thread 8" [_thread_blocked, id=13872, stack(0x0000000026020000,0x0000000026120000)]
  0x000000001f555800 JavaThread "Build operations Thread 7" [_thread_blocked, id=10056, stack(0x0000000025f20000,0x0000000026020000)]
  0x000000001f55c800 JavaThread "Build operations Thread 6" [_thread_blocked, id=3768, stack(0x0000000025e20000,0x0000000025f20000)]
  0x000000001f555000 JavaThread "Build operations Thread 5" [_thread_blocked, id=1676, stack(0x0000000025d20000,0x0000000025e20000)]
  0x000000001f55a000 JavaThread "Build operations Thread 4" [_thread_blocked, id=18084, stack(0x0000000025c20000,0x0000000025d20000)]
  0x000000001f558800 JavaThread "Build operations Thread 3" [_thread_blocked, id=16960, stack(0x00000000258e0000,0x00000000259e0000)]
  0x000000001f55b000 JavaThread "Build operations Thread 2" [_thread_blocked, id=14808, stack(0x00000000257e0000,0x00000000258e0000)]
  0x000000001f55b800 JavaThread "Build operations" [_thread_blocked, id=13104, stack(0x00000000256e0000,0x00000000257e0000)]
  0x000000001f559800 JavaThread "Cache worker for Build Output Cleanup Cache (D:\Billa Fathia\Documents\rpla sm.4\Mobpro\Tugas 4\.gradle\buildOutputCleanup)" [_thread_blocked, id=9816, stack(0x0000000023ff0000,0x00000000240f0000)]
  0x000000001baf6000 JavaThread "Cache worker for file content cache (C:\Users\Billa\.gradle\caches\6.5\fileContent)" [_thread_blocked, id=8256, stack(0x0000000023ef0000,0x0000000023ff0000)]
  0x000000001baf5800 JavaThread "Cache worker for execution history cache (C:\Users\Billa\.gradle\caches\6.5\executionHistory)" [_thread_blocked, id=18424, stack(0x00000000239f0000,0x0000000023af0000)]
  0x000000001baf4800 JavaThread "Cache worker for cache directory md-rule (C:\Users\Billa\.gradle\caches\6.5\md-rule)" [_thread_blocked, id=14212, stack(0x00000000236f0000,0x00000000237f0000)]
  0x000000001baed000 JavaThread "Cache worker for cache directory md-supplier (C:\Users\Billa\.gradle\caches\6.5\md-supplier)" [_thread_blocked, id=11592, stack(0x00000000235f0000,0x00000000236f0000)]
  0x000000001baf4000 JavaThread "Cache worker for checksums cache (D:\Billa Fathia\Documents\rpla sm.4\Mobpro\Tugas 4\.gradle\checksums)" [_thread_blocked, id=17296, stack(0x00000000234f0000,0x00000000235f0000)]
  0x000000001baec800 JavaThread "jar transforms Thread 20" [_thread_blocked, id=15608, stack(0x00000000231f0000,0x00000000232f0000)]
  0x000000001baf2800 JavaThread "jar transforms Thread 19" [_thread_blocked, id=1200, stack(0x00000000230f0000,0x00000000231f0000)]
  0x000000001baf3000 JavaThread "jar transforms Thread 18" [_thread_blocked, id=1732, stack(0x0000000022ff0000,0x00000000230f0000)]
  0x000000001baf1800 JavaThread "jar transforms Thread 17" [_thread_blocked, id=11180, stack(0x0000000022ef0000,0x0000000022ff0000)]
  0x000000001baeb800 JavaThread "jar transforms Thread 16" [_thread_blocked, id=2848, stack(0x0000000022df0000,0x0000000022ef0000)]
  0x000000001baea000 JavaThread "jar transforms Thread 15" [_thread_blocked, id=4540, stack(0x0000000022cf0000,0x0000000022df0000)]
  0x000000001baf1000 JavaThread "jar transforms Thread 14" [_thread_blocked, id=7408, stack(0x0000000022bf0000,0x0000000022cf0000)]
  0x000000001baee800 JavaThread "jar transforms Thread 13" [_thread_blocked, id=14780, stack(0x0000000022af0000,0x0000000022bf0000)]
  0x000000001baee000 JavaThread "jar transforms Thread 12" [_thread_blocked, id=6240, stack(0x00000000228f0000,0x00000000229f0000)]
  0x000000001bae9800 JavaThread "jar transforms Thread 11" [_thread_blocked, id=16380, stack(0x00000000227f0000,0x00000000228f0000)]
  0x000000001baef800 JavaThread "jar transforms Thread 10" [_thread_blocked, id=16740, stack(0x00000000226f0000,0x00000000227f0000)]
  0x000000001baf0000 JavaThread "jar transforms Thread 9" [_thread_blocked, id=13524, stack(0x00000000225f0000,0x00000000226f0000)]
  0x000000001baeb000 JavaThread "jar transforms Thread 8" [_thread_blocked, id=16896, stack(0x00000000224f0000,0x00000000225f0000)]
  0x000000001c430000 JavaThread "jar transforms Thread 7" [_thread_blocked, id=1928, stack(0x00000000223f0000,0x00000000224f0000)]
  0x000000001c42e800 JavaThread "jar transforms Thread 6" [_thread_blocked, id=12964, stack(0x0000000020d80000,0x0000000020e80000)]
  0x000000001c431800 JavaThread "jar transforms Thread 5" [_thread_blocked, id=8780, stack(0x0000000020c80000,0x0000000020d80000)]
  0x000000001c432800 JavaThread "jar transforms Thread 4" [_thread_blocked, id=7552, stack(0x0000000020b80000,0x0000000020c80000)]
  0x000000001c435000 JavaThread "jar transforms Thread 3" [_thread_blocked, id=2324, stack(0x0000000020a80000,0x0000000020b80000)]
  0x000000001c42e000 JavaThread "jar transforms Thread 2" [_thread_blocked, id=728, stack(0x00000000222f0000,0x00000000223f0000)]
  0x000000001c42f800 JavaThread "jar transforms" [_thread_blocked, id=6400, stack(0x00000000221f0000,0x00000000222f0000)]
  0x000000001c431000 JavaThread "Cache worker for file hash cache (D:\Billa Fathia\Documents\rpla sm.4\Mobpro\Tugas 4\.gradle\6.5\fileHashes)" [_thread_blocked, id=7644, stack(0x00000000220f0000,0x00000000221f0000)]
  0x000000001c434000 JavaThread "Cache worker for file hash cache (C:\Users\Billa\.gradle\caches\6.5\fileHashes)" [_thread_blocked, id=4400, stack(0x000000001e7e0000,0x000000001e8e0000)]
  0x000000001c433800 JavaThread "File lock request listener" [_thread_in_native, id=9964, stack(0x000000001e6e0000,0x000000001e7e0000)]
  0x000000001c3dc800 JavaThread "Cache worker for journal cache (C:\Users\Billa\.gradle\caches\journal-1)" [_thread_blocked, id=8448, stack(0x000000001e5e0000,0x000000001e6e0000)]
  0x000000001c3af800 JavaThread "Thread-9" [_thread_blocked, id=15980, stack(0x000000001e2e0000,0x000000001e3e0000)]
  0x000000001c27f000 JavaThread "Stdin handler" [_thread_blocked, id=7800, stack(0x000000001e1e0000,0x000000001e2e0000)]
  0x000000001c27e800 JavaThread "Asynchronous log dispatcher for DefaultDaemonConnection: socket connection from /127.0.0.1:50517 to /127.0.0.1:50518" [_thread_blocked, id=16636, stack(0x000000001e0e0000,0x000000001e1e0000)]
  0x000000001c27a800 JavaThread "Daemon worker" [_thread_in_native, id=15204, stack(0x000000001dfe0000,0x000000001e0e0000)]
  0x000000001c34f800 JavaThread "Cancel handler" [_thread_blocked, id=2044, stack(0x000000001dee0000,0x000000001dfe0000)]
  0x000000001a979800 JavaThread "Handler for socket connection from /127.0.0.1:50517 to /127.0.0.1:50518" [_thread_in_native, id=3824, stack(0x000000001dbe0000,0x000000001dce0000)]
  0x000000001a977000 JavaThread "Daemon" [_thread_blocked, id=2468, stack(0x000000001dae0000,0x000000001dbe0000)]
  0x000000001c22d800 JavaThread "Daemon periodic checks" [_thread_blocked, id=2004, stack(0x000000001d9e0000,0x000000001dae0000)]
  0x000000001c22b000 JavaThread "Incoming local TCP Connector on port 50517" [_thread_in_native, id=12752, stack(0x000000001d790000,0x000000001d890000)]
  0x000000001c165000 JavaThread "Daemon health stats" [_thread_blocked, id=6364, stack(0x000000001d150000,0x000000001d250000)]
  0x0000000019934800 JavaThread "Service Thread" daemon [_thread_blocked, id=15532, stack(0x000000001a5b0000,0x000000001a6b0000)]
  0x00000000198ac800 JavaThread "C1 CompilerThread3" daemon [_thread_blocked, id=4348, stack(0x000000001a4b0000,0x000000001a5b0000)]
  0x0000000017a8e000 JavaThread "C2 CompilerThread2" daemon [_thread_in_native, id=12596, stack(0x000000001a3b0000,0x000000001a4b0000)]
=>0x0000000017a8d000 JavaThread "C2 CompilerThread1" daemon [_thread_in_native, id=12668, stack(0x000000001a2b0000,0x000000001a3b0000)]
  0x00000000198a6000 JavaThread "C2 CompilerThread0" daemon [_thread_in_native, id=15372, stack(0x000000001a1b0000,0x000000001a2b0000)]
  0x00000000198a3800 JavaThread "Attach Listener" daemon [_thread_blocked, id=6972, stack(0x000000001a0b0000,0x000000001a1b0000)]
  0x00000000198a2800 JavaThread "Signal Dispatcher" daemon [_thread_blocked, id=4064, stack(0x0000000019fb0000,0x000000001a0b0000)]
  0x0000000019891800 JavaThread "Finalizer" daemon [_thread_blocked, id=13588, stack(0x0000000019d70000,0x0000000019e70000)]
  0x0000000019890800 JavaThread "Reference Handler" daemon [_thread_blocked, id=4644, stack(0x0000000019c70000,0x0000000019d70000)]
  0x0000000000f4e000 JavaThread "main" [_thread_blocked, id=3300, stack(0x00000000027c0000,0x00000000028c0000)]

Other Threads:
  0x0000000017a78000 VMThread [stack: 0x0000000019770000,0x0000000019870000] [id=6764]
  0x0000000019935000 WatcherThread [stack: 0x000000001a6b0000,0x000000001a7b0000] [id=18280]

VM state:not at safepoint (normal execution)

VM Mutex/Monitor currently owned by a thread: None

heap address: 0x0000000080000000, size: 2048 MB, Compressed Oops mode: 32-bit
Narrow klass base: 0x0000000000000000, Narrow klass shift: 3
Compressed class space size: 1073741824 Address: 0x0000000100000000

Heap:
 PSYoungGen      total 186368K, used 33049K [0x00000000d5580000, 0x00000000e1900000, 0x0000000100000000)
  eden space 174592K, 18% used [0x00000000d5580000,0x00000000d75c6610,0x00000000e0000000)
  from space 11776K, 0% used [0x00000000e0d80000,0x00000000e0d80000,0x00000000e1900000)
  to   space 12800K, 0% used [0x00000000e0000000,0x00000000e0000000,0x00000000e0c80000)
 ParOldGen       total 50176K, used 39453K [0x0000000080000000, 0x0000000083100000, 0x00000000d5580000)
  object space 50176K, 78% used [0x0000000080000000,0x00000000826874a8,0x0000000083100000)
 Metaspace       used 57294K, capacity 59552K, committed 59992K, reserved 1101824K
  class space    used 7510K, capacity 8002K, committed 8064K, reserved 1048576K

Card table byte_map: [0x0000000011da0000,0x00000000121b0000] byte_map_base: 0x00000000119a0000

Marking Bits: (ParMarkBitMap*) 0x000000006b84f030
 Begin Bits: [0x0000000012c60000, 0x0000000014c60000)
 End Bits:   [0x0000000014c60000, 0x0000000016c60000)

Polling page: 0x0000000000f80000

CodeCache: size=245760Kb used=17962Kb max_used=17962Kb free=227797Kb
 bounds [0x00000000029e0000, 0x0000000003ba0000, 0x00000000119e0000]
 total_blobs=5786 nmethods=4992 adapters=705
 compilation: enabled

Compilation events (10 events):
Event: 8.997 Thread 0x00000000198ac800 5562       3       org.apache.commons.io.FilenameUtils::doNormalize (534 bytes)
Event: 8.999 Thread 0x00000000198ac800 nmethod 5562 0x0000000002ee5c10 code [0x0000000002ee5ec0, 0x0000000002ee7338]
Event: 8.999 Thread 0x00000000198ac800 5563       3       org.gradle.internal.metaobject.DynamicInvokeResult::isFound (16 bytes)
Event: 8.999 Thread 0x00000000198ac800 nmethod 5563 0x00000000031d0910 code [0x00000000031d0a60, 0x00000000031d0c10]
Event: 8.999 Thread 0x00000000198ac800 5564       1       groovy.lang.MetaClassImpl::getTheClass (5 bytes)
Event: 8.999 Thread 0x00000000198ac800 nmethod 5564 0x0000000002bdea90 code [0x0000000002bdebe0, 0x0000000002bdecf0]
Event: 9.011 Thread 0x00000000198ac800 5565       3       java.beans.Introspector::processPropertyDescriptors (959 bytes)
Event: 9.022 Thread 0x00000000198ac800 nmethod 5565 0x0000000003b8c210 code [0x0000000003b8cf20, 0x0000000003b97f98]
Event: 9.022 Thread 0x00000000198ac800 5566   !   3       org.gradle.groovy.scripts.internal.DefaultScriptCompilationHandler$ScriptClassLoader::loadClass (68 bytes)
Event: 9.023 Thread 0x00000000198ac800 nmethod 5566 0x0000000002ee4c90 code [0x0000000002ee4e80, 0x0000000002ee5868]

GC Heap History (10 events):
Event: 4.685 GC heap before
{Heap before GC invocations=11 (full 1):
 PSYoungGen      total 134144K, used 49891K [0x00000000d5580000, 0x00000000e1980000, 0x0000000100000000)
  eden space 124928K, 32% used [0x00000000d5580000,0x00000000d7d39a88,0x00000000dcf80000)
  from space 9216K, 99% used [0x00000000dcf80000,0x00000000dd87f480,0x00000000dd880000)
  to   space 12288K, 0% used [0x00000000e0d80000,0x00000000e0d80000,0x00000000e1980000)
 ParOldGen       total 31232K, used 10903K [0x0000000080000000, 0x0000000081e80000, 0x00000000d5580000)
  object space 31232K, 34% used [0x0000000080000000,0x0000000080aa5f60,0x0000000081e80000)
 Metaspace       used 34000K, capacity 35276K, committed 35416K, reserved 1079296K
  class space    used 4599K, capacity 4913K, committed 4992K, reserved 1048576K
Event: 4.694 GC heap after
Heap after GC invocations=11 (full 1):
 PSYoungGen      total 186368K, used 9474K [0x00000000d5580000, 0x00000000e1900000, 0x0000000100000000)
  eden space 174592K, 0% used [0x00000000d5580000,0x00000000d5580000,0x00000000e0000000)
  from space 11776K, 80% used [0x00000000e0d80000,0x00000000e16c0b98,0x00000000e1900000)
  to   space 12800K, 0% used [0x00000000e0000000,0x00000000e0000000,0x00000000e0c80000)
 ParOldGen       total 31232K, used 10911K [0x0000000080000000, 0x0000000081e80000, 0x00000000d5580000)
  object space 31232K, 34% used [0x0000000080000000,0x0000000080aa7f60,0x0000000081e80000)
 Metaspace       used 34000K, capacity 35276K, committed 35416K, reserved 1079296K
  class space    used 4599K, capacity 4913K, committed 4992K, reserved 1048576K
}
Event: 4.694 GC heap before
{Heap before GC invocations=12 (full 2):
 PSYoungGen      total 186368K, used 9474K [0x00000000d5580000, 0x00000000e1900000, 0x0000000100000000)
  eden space 174592K, 0% used [0x00000000d5580000,0x00000000d5580000,0x00000000e0000000)
  from space 11776K, 80% used [0x00000000e0d80000,0x00000000e16c0b98,0x00000000e1900000)
  to   space 12800K, 0% used [0x00000000e0000000,0x00000000e0000000,0x00000000e0c80000)
 ParOldGen       total 31232K, used 10911K [0x0000000080000000, 0x0000000081e80000, 0x00000000d5580000)
  object space 31232K, 34% used [0x0000000080000000,0x0000000080aa7f60,0x0000000081e80000)
 Metaspace       used 34000K, capacity 35276K, committed 35416K, reserved 1079296K
  class space    used 4599K, capacity 4913K, committed 4992K, reserved 1048576K
Event: 4.736 GC heap after
Heap after GC invocations=12 (full 2):
 PSYoungGen      total 186368K, used 0K [0x00000000d5580000, 0x00000000e1900000, 0x0000000100000000)
  eden space 174592K, 0% used [0x00000000d5580000,0x00000000d5580000,0x00000000e0000000)
  from space 11776K, 0% used [0x00000000e0d80000,0x00000000e0d80000,0x00000000e1900000)
  to   space 12800K, 0% used [0x00000000e0000000,0x00000000e0000000,0x00000000e0c80000)
 ParOldGen       total 50176K, used 15923K [0x0000000080000000, 0x0000000083100000, 0x00000000d5580000)
  object space 50176K, 31% used [0x0000000080000000,0x0000000080f8cfe0,0x0000000083100000)
 Metaspace       used 34000K, capacity 35276K, committed 35416K, reserved 1079296K
  class space    used 4599K, capacity 4913K, committed 4992K, reserved 1048576K
}
Event: 6.533 GC heap before
{Heap before GC invocations=13 (full 2):
 PSYoungGen      total 186368K, used 174592K [0x00000000d5580000, 0x00000000e1900000, 0x0000000100000000)
  eden space 174592K, 100% used [0x00000000d5580000,0x00000000e0000000,0x00000000e0000000)
  from space 11776K, 0% used [0x00000000e0d80000,0x00000000e0d80000,0x00000000e1900000)
  to   space 12800K, 0% used [0x00000000e0000000,0x00000000e0000000,0x00000000e0c80000)
 ParOldGen       total 50176K, used 15923K [0x0000000080000000, 0x0000000083100000, 0x00000000d5580000)
  object space 50176K, 31% used [0x0000000080000000,0x0000000080f8cfe0,0x0000000083100000)
 Metaspace       used 42378K, capacity 44398K, committed 44632K, reserved 1087488K
  class space    used 5757K, capacity 6175K, committed 6272K, reserved 1048576K
Event: 6.549 GC heap after
Heap after GC invocations=13 (full 2):
 PSYoungGen      total 187392K, used 12786K [0x00000000d5580000, 0x00000000e1900000, 0x0000000100000000)
  eden space 174592K, 0% used [0x00000000d5580000,0x00000000d5580000,0x00000000e0000000)
  from space 12800K, 99% used [0x00000000e0000000,0x00000000e0c7cac8,0x00000000e0c80000)
  to   space 11776K, 0% used [0x00000000e0d80000,0x00000000e0d80000,0x00000000e1900000)
 ParOldGen       total 50176K, used 18054K [0x0000000080000000, 0x0000000083100000, 0x00000000d5580000)
  object space 50176K, 35% used [0x0000000080000000,0x00000000811a1a28,0x0000000083100000)
 Metaspace       used 42378K, capacity 44398K, committed 44632K, reserved 1087488K
  class space    used 5757K, capacity 6175K, committed 6272K, reserved 1048576K
}
Event: 8.510 GC heap before
{Heap before GC invocations=14 (full 2):
 PSYoungGen      total 187392K, used 161090K [0x00000000d5580000, 0x00000000e1900000, 0x0000000100000000)
  eden space 174592K, 84% used [0x00000000d5580000,0x00000000de654100,0x00000000e0000000)
  from space 12800K, 99% used [0x00000000e0000000,0x00000000e0c7cac8,0x00000000e0c80000)
  to   space 11776K, 0% used [0x00000000e0d80000,0x00000000e0d80000,0x00000000e1900000)
 ParOldGen       total 50176K, used 18054K [0x0000000080000000, 0x0000000083100000, 0x00000000d5580000)
  object space 50176K, 35% used [0x0000000080000000,0x00000000811a1a28,0x0000000083100000)
 Metaspace       used 56646K, capacity 58938K, committed 59028K, reserved 1099776K
  class space    used 7444K, capacity 7922K, committed 7936K, reserved 1048576K
Event: 8.529 GC heap after
Heap after GC invocations=14 (full 2):
 PSYoungGen      total 186368K, used 11770K [0x00000000d5580000, 0x00000000e1900000, 0x0000000100000000)
  eden space 174592K, 0% used [0x00000000d5580000,0x00000000d5580000,0x00000000e0000000)
  from space 11776K, 99% used [0x00000000e0d80000,0x00000000e18fe8f8,0x00000000e1900000)
  to   space 12800K, 0% used [0x00000000e0000000,0x00000000e0000000,0x00000000e0c80000)
 ParOldGen       total 50176K, used 32113K [0x0000000080000000, 0x0000000083100000, 0x00000000d5580000)
  object space 50176K, 64% used [0x0000000080000000,0x0000000081f5c580,0x0000000083100000)
 Metaspace       used 56646K, capacity 58938K, committed 59028K, reserved 1099776K
  class space    used 7444K, capacity 7922K, committed 7936K, reserved 1048576K
}
Event: 8.529 GC heap before
{Heap before GC invocations=15 (full 3):
 PSYoungGen      total 186368K, used 11770K [0x00000000d5580000, 0x00000000e1900000, 0x0000000100000000)
  eden space 174592K, 0% used [0x00000000d5580000,0x00000000d5580000,0x00000000e0000000)
  from space 11776K, 99% used [0x00000000e0d80000,0x00000000e18fe8f8,0x00000000e1900000)
  to   space 12800K, 0% used [0x00000000e0000000,0x00000000e0000000,0x00000000e0c80000)
 ParOldGen       total 50176K, used 32113K [0x0000000080000000, 0x0000000083100000, 0x00000000d5580000)
  object space 50176K, 64% used [0x0000000080000000,0x0000000081f5c580,0x0000000083100000)
 Metaspace       used 56646K, capacity 58938K, committed 59028K, reserved 1099776K
  class space    used 7444K, capacity 7922K, committed 7936K, reserved 1048576K
Event: 8.737 GC heap after
Heap after GC invocations=15 (full 3):
 PSYoungGen      total 186368K, used 0K [0x00000000d5580000, 0x00000000e1900000, 0x0000000100000000)
  eden space 174592K, 0% used [0x00000000d5580000,0x00000000d5580000,0x00000000e0000000)
  from space 11776K, 0% used [0x00000000e0d80000,0x00000000e0d80000,0x00000000e1900000)
  to   space 12800K, 0% used [0x00000000e0000000,0x00000000e0000000,0x00000000e0c80000)
 ParOldGen       total 50176K, used 39453K [0x0000000080000000, 0x0000000083100000, 0x00000000d5580000)
  object space 50176K, 78% used [0x0000000080000000,0x00000000826874a8,0x0000000083100000)
 Metaspace       used 56594K, capacity 58776K, committed 59028K, reserved 1099776K
  class space    used 7427K, capacity 7893K, committed 7936K, reserved 1048576K
}

Deoptimization events (10 events):
Event: 8.842 Thread 0x0000000020300800 Uncommon trap: reason=class_check action=maybe_recompile pc=0x0000000002b05c98 method=java.util.regex.Matcher.search(I)Z @ 86
Event: 8.842 Thread 0x0000000020300800 Uncommon trap: reason=class_check action=maybe_recompile pc=0x0000000002b05c98 method=java.util.regex.Matcher.search(I)Z @ 86
Event: 8.842 Thread 0x0000000020300800 Uncommon trap: reason=class_check action=maybe_recompile pc=0x0000000002b05c98 method=java.util.regex.Matcher.search(I)Z @ 86
Event: 8.842 Thread 0x0000000020300800 Uncommon trap: reason=unstable_if action=reinterpret pc=0x00000000031ac170 method=org.objectweb.asm.MethodWriter.visitLabel(Lorg/objectweb/asm/Label;)V @ 312
Event: 8.842 Thread 0x0000000020300800 Uncommon trap: reason=unstable_if action=reinterpret pc=0x0000000003a404e4 method=org.objectweb.asm.MethodWriter.visitInsn(I)V @ 32
Event: 8.842 Thread 0x0000000020300800 Uncommon trap: reason=unstable_if action=reinterpret pc=0x0000000002cfc5cc method=org.objectweb.asm.MethodWriter.visitMethodInsn(ILjava/lang/String;Ljava/lang/String;Ljava/lang/String;Z)V @ 89
Event: 8.842 Thread 0x0000000020300800 Uncommon trap: reason=unstable_if action=reinterpret pc=0x0000000002d15770 method=org.objectweb.asm.MethodWriter.visitVarInsn(II)V @ 116
Event: 8.922 Thread 0x000000001c27a800 Uncommon trap: reason=null_check action=make_not_entrant pc=0x00000000031cfc1c method=java.lang.Class.searchMethods([Ljava/lang/reflect/Method;Ljava/lang/String;[Ljava/lang/Class;)Ljava/lang/reflect/Method; @ 59
Event: 8.966 Thread 0x000000001c27a800 Uncommon trap: reason=unstable_if action=reinterpret pc=0x0000000002ec0d8c method=java.util.WeakHashMap.expungeStaleEntries()V @ 66
Event: 8.989 Thread 0x000000001c27a800 Uncommon trap: reason=unstable_if action=reinterpret pc=0x0000000003acd72c method=groovy.lang.MetaClassImpl.filterPropertyMethod(Ljava/lang/Object;ZZ)Ljava/lang/Object; @ 72

Classes redefined (0 events):
No events

Internal exceptions (10 events):
Event: 8.994 Thread 0x000000001c27a800 Exception <a 'java/lang/ClassNotFoundException': build_8wavrax4edzp666ogi19u5qrk$_run_closure1BeanInfo> (0x00000000d70d7320) thrown at [C:\src\AOSP-openjdk-git\hotspot\src\share\vm\classfile\systemDictionary.cpp, line 210]
Event: 8.994 Thread 0x000000001c27a800 Exception <a 'java/lang/ClassNotFoundException': build_8wavrax4edzp666ogi19u5qrk$_run_closure1Customizer> (0x00000000d70ea4f8) thrown at [C:\src\AOSP-openjdk-git\hotspot\src\share\vm\classfile\systemDictionary.cpp, line 210]
Event: 9.001 Thread 0x000000001c27a800 Exception <a 'java/lang/ClassNotFoundException': org/gradle/api/JavaVersionBeanInfo> (0x00000000d7157680) thrown at [C:\src\AOSP-openjdk-git\hotspot\src\share\vm\classfile\systemDictionary.cpp, line 210]
Event: 9.002 Thread 0x000000001c27a800 Exception <a 'java/lang/ClassNotFoundException': java/lang/EnumBeanInfo> (0x00000000d7162810) thrown at [C:\src\AOSP-openjdk-git\hotspot\src\share\vm\classfile\systemDictionary.cpp, line 210]
Event: 9.002 Thread 0x000000001c27a800 Exception <a 'java/lang/ClassNotFoundException': java/lang/EnumCustomizer> (0x00000000d716df58) thrown at [C:\src\AOSP-openjdk-git\hotspot\src\share\vm\classfile\systemDictionary.cpp, line 210]
Event: 9.005 Thread 0x000000001c27a800 Exception <a 'java/lang/ClassNotFoundException': org/gradle/api/JavaVersionCustomizer> (0x00000000d71a4a60) thrown at [C:\src\AOSP-openjdk-git\hotspot\src\share\vm\classfile\systemDictionary.cpp, line 210]
Event: 9.009 Thread 0x000000001c27a800 Exception <a 'java/lang/ClassNotFoundException': com/android/build/gradle/internal/CompileOptions_DecoratedBeanInfo> (0x00000000d7209b20) thrown at [C:\src\AOSP-openjdk-git\hotspot\src\share\vm\classfile\systemDictionary.cpp, line 210]
Event: 9.009 Thread 0x000000001c27a800 Exception <a 'java/lang/ClassNotFoundException': com/android/build/gradle/internal/CompileOptionsBeanInfo> (0x00000000d72297a0) thrown at [C:\src\AOSP-openjdk-git\hotspot\src\share\vm\classfile\systemDictionary.cpp, line 210]
Event: 9.010 Thread 0x000000001c27a800 Exception <a 'java/lang/ClassNotFoundException': com/android/build/gradle/internal/CompileOptionsCustomizer> (0x00000000d7249618) thrown at [C:\src\AOSP-openjdk-git\hotspot\src\share\vm\classfile\systemDictionary.cpp, line 210]
Event: 9.012 Thread 0x000000001c27a800 Exception <a 'java/lang/ClassNotFoundException': com/android/build/gradle/internal/CompileOptions_DecoratedCustomizer> (0x00000000d727f300) thrown at [C:\src\AOSP-openjdk-git\hotspot\src\share\vm\classfile\systemDictionary.cpp, line 210]

Events (10 events):
Event: 9.015 loading class org/jetbrains/kotlin/cli/common/arguments/K2JVMCompilerArguments
Event: 9.015 loading class org/jetbrains/kotlin/cli/common/arguments/K2JVMCompilerArguments done
Event: 9.023 loading class org/jetbrains/kotlin/cli/common/arguments/CommonCompilerArguments
Event: 9.023 loading class org/jetbrains/kotlin/cli/common/arguments/CommonCompilerArguments done
Event: 9.029 loading class org/jetbrains/kotlin/cli/common/arguments/CommonToolArguments
Event: 9.029 loading class org/jetbrains/kotlin/cli/common/arguments/CommonToolArguments done
Event: 9.032 loading class org/jetbrains/kotlin/cli/common/arguments/Freezable
Event: 9.032 loading class org/jetbrains/kotlin/cli/common/arguments/Freezable done
Event: 9.034 loading class org/jetbrains/kotlin/cli/common/arguments/ArgumentParseErrors
Event: 9.034 loading class org/jetbrains/kotlin/cli/common/arguments/ArgumentParseErrors done


Dynamic libraries:
0x00007ff6ab140000 - 0x00007ff6ab171000 	C:\Program Files\Android\Android Studio\jre\bin\java.exe
0x00007ffe6f020000 - 0x00007ffe6f224000 	C:\WINDOWS\SYSTEM32\ntdll.dll
0x00007ffe6e6d0000 - 0x00007ffe6e78d000 	C:\WINDOWS\System32\KERNEL32.DLL
0x00007ffe6c5e0000 - 0x00007ffe6c953000 	C:\WINDOWS\System32\KERNELBASE.dll
0x00007ffe63d20000 - 0x00007ffe63db2000 	C:\WINDOWS\SYSTEM32\apphelp.dll
0x00007ffe6e790000 - 0x00007ffe6e83c000 	C:\WINDOWS\System32\ADVAPI32.dll
0x00007ffe6e2d0000 - 0x00007ffe6e373000 	C:\WINDOWS\System32\msvcrt.dll
0x00007ffe6e380000 - 0x00007ffe6e41d000 	C:\WINDOWS\System32\sechost.dll
0x00007ffe6eea0000 - 0x00007ffe6efc2000 	C:\WINDOWS\System32\RPCRT4.dll
0x00007ffe6df60000 - 0x00007ffe6e10f000 	C:\WINDOWS\System32\USER32.dll
0x00007ffe6cb10000 - 0x00007ffe6cb36000 	C:\WINDOWS\System32\win32u.dll
0x00007ffe6e6a0000 - 0x00007ffe6e6c9000 	C:\WINDOWS\System32\GDI32.dll
0x00007ffe6cbc0000 - 0x00007ffe6ccd1000 	C:\WINDOWS\System32\gdi32full.dll
0x00007ffe6c960000 - 0x00007ffe6c9fd000 	C:\WINDOWS\System32\msvcp_win.dll
0x00007ffe6ca00000 - 0x00007ffe6cb10000 	C:\WINDOWS\System32\ucrtbase.dll
0x00007ffe610f0000 - 0x00007ffe61395000 	C:\WINDOWS\WinSxS\amd64_microsoft.windows.common-controls_6595b64144ccf1df_6.0.21364.1_none_7202377589d8d7cf\COMCTL32.dll
0x00007ffe6d310000 - 0x00007ffe6d341000 	C:\WINDOWS\System32\IMM32.DLL
0x000000006aec0000 - 0x000000006af92000 	C:\Program Files\Android\Android Studio\jre\jre\bin\msvcr100.dll
0x000000006b080000 - 0x000000006b8cb000 	C:\Program Files\Android\Android Studio\jre\jre\bin\server\jvm.dll
0x00007ffe6efd0000 - 0x00007ffe6efd8000 	C:\WINDOWS\System32\PSAPI.DLL
0x00007ffe63cd0000 - 0x00007ffe63cda000 	C:\WINDOWS\SYSTEM32\VERSION.dll
0x00007ffe643f0000 - 0x00007ffe64420000 	C:\WINDOWS\SYSTEM32\WINMM.dll
0x00007ffe61580000 - 0x00007ffe61589000 	C:\WINDOWS\SYSTEM32\WSOCK32.dll
0x00007ffe6d350000 - 0x00007ffe6d3c0000 	C:\WINDOWS\System32\WS2_32.dll
0x00007ffe61470000 - 0x00007ffe6147f000 	C:\Program Files\Android\Android Studio\jre\jre\bin\verify.dll
0x00007ffe459f0000 - 0x00007ffe45a19000 	C:\Program Files\Android\Android Studio\jre\jre\bin\java.dll
0x00007ffe459d0000 - 0x00007ffe459e6000 	C:\Program Files\Android\Android Studio\jre\jre\bin\zip.dll
0x00007ffe6d4b0000 - 0x00007ffe6dc08000 	C:\WINDOWS\System32\SHELL32.dll
0x00007ffe6a630000 - 0x00007ffe6ae93000 	C:\WINDOWS\SYSTEM32\windows.storage.dll
0x00007ffe6cf80000 - 0x00007ffe6d2f5000 	C:\WINDOWS\System32\combase.dll
0x00007ffe6a4c0000 - 0x00007ffe6a627000 	C:\WINDOWS\SYSTEM32\wintypes.dll
0x00007ffe6dc90000 - 0x00007ffe6dd7a000 	C:\WINDOWS\System32\SHCORE.dll
0x00007ffe6ee30000 - 0x00007ffe6ee8e000 	C:\WINDOWS\System32\shlwapi.dll
0x00007ffe6c510000 - 0x00007ffe6c531000 	C:\WINDOWS\SYSTEM32\profapi.dll
0x00007ffe459b0000 - 0x00007ffe459ca000 	C:\Program Files\Android\Android Studio\jre\jre\bin\net.dll
0x00007ffe6bb80000 - 0x00007ffe6bbe7000 	C:\WINDOWS\system32\mswsock.dll
0x00007ffe45990000 - 0x00007ffe459a3000 	C:\Program Files\Android\Android Studio\jre\jre\bin\nio.dll
0x00007ffe45bd0000 - 0x00007ffe45bf7000 	C:\Users\Billa\.gradle\native\f6784746aeab05261644944871eae4fe03e0ef1612fff0a4a95f87b438bc6780\windows-amd64\native-platform.dll
0x00007ffe60ce0000 - 0x00007ffe60ced000 	C:\Program Files\Android\Android Studio\jre\jre\bin\management.dll
0x00007ffe6bdc0000 - 0x00007ffe6bdd8000 	C:\WINDOWS\SYSTEM32\CRYPTSP.dll
0x00007ffe6b660000 - 0x00007ffe6b695000 	C:\WINDOWS\system32\rsaenh.dll
0x00007ffe6bc70000 - 0x00007ffe6bc98000 	C:\WINDOWS\SYSTEM32\USERENV.dll
0x00007ffe6bf40000 - 0x00007ffe6bf67000 	C:\WINDOWS\SYSTEM32\bcrypt.dll
0x00007ffe6cb40000 - 0x00007ffe6cbc0000 	C:\WINDOWS\System32\bcryptprimitives.dll
0x00007ffe6bde0000 - 0x00007ffe6bdec000 	C:\WINDOWS\SYSTEM32\CRYPTBASE.dll
0x00007ffe6b200000 - 0x00007ffe6b22d000 	C:\WINDOWS\SYSTEM32\IPHLPAPI.DLL
0x00007ffe6e420000 - 0x00007ffe6e429000 	C:\WINDOWS\System32\NSI.dll
0x00007ffe63f40000 - 0x00007ffe63f59000 	C:\WINDOWS\SYSTEM32\dhcpcsvc6.DLL
0x00007ffe64610000 - 0x00007ffe6462e000 	C:\WINDOWS\SYSTEM32\dhcpcsvc.DLL
0x00007ffe6b260000 - 0x00007ffe6b345000 	C:\WINDOWS\SYSTEM32\DNSAPI.dll
0x00007ffe655f0000 - 0x00007ffe655fc000 	C:\WINDOWS\SYSTEM32\WINNSI.DLL

VM Arguments:
jvm_args: -Xmx2048m -Dfile.encoding=UTF-8 -Duser.country=US -Duser.language=en -Duser.variant 
java_command: org.gradle.launcher.daemon.bootstrap.GradleDaemon 6.5
java_class_path (initial): C:\Users\Billa\.gradle\wrapper\dists\gradle-6.5-bin\6nifqtx7604sqp1q6g8wikw7p\gradle-6.5\lib\gradle-launcher-6.5.jar
Launcher Type: SUN_STANDARD

Environment Variables:
JAVA_HOME=C:\Program Files\Java\jdk-15.0.1
PATH=C:\Program Files\Common Files\Oracle\Java\javapath;C:\WINDOWS\system32;C:\WINDOWS;C:\WINDOWS\System32\Wbem;C:\WINDOWS\System32\WindowsPowerShell\v1.0\;C:\WINDOWS\System32\OpenSSH\;C:\Program Files\Git\cmd;C:\Program Files\MongoDB\Server\4.4\bin;C:\Users\Billa\AppData\Local\Microsoft\WindowsApps;C:\Users\Billa\AppData\Local\Programs\Microsoft VS Code\bin;C:\Users\Billa\Downloads\jdk-15.0.1_windows-x64_bin\jdk-15.0.1\bin;
USERNAME=Billa
OS=Windows_NT
PROCESSOR_IDENTIFIER=Intel64 Family 6 Model 142 Stepping 11, GenuineIntel



---------------  S Y S T E M  ---------------

OS: Windows 10.0 , 64 bit Build 21364 (10.0.21364.1011)

CPU:total 8 (initial active 8) (4 cores per cpu, 2 threads per core) family 6 model 142 stepping 11, cmov, cx8, fxsr, mmx, sse, sse2, sse3, ssse3, sse4.1, sse4.2, popcnt, avx, avx2, aes, clmul, erms, 3dnowpref, lzcnt, ht, tsc, tscinvbit, bmi1, bmi2, adx

Memory: 4k page, physical 4004528k(282300k free), swap 12393136k(3824k free)

vm_info: OpenJDK 64-Bit Server VM (25.242-b01) for windows-amd64 JRE (1.8.0_242-release-1644-b01), built by "builder" with MS VC++ 10.0 (VS2010)

time: Wed May 05 14:49:41 2021
timezone: SE Asia Standard Time
elapsed time: 9 seconds (0d 0h 0m 9s)

