#
# There is insufficient memory for the Java Runtime Environment to continue.
# Native memory allocation (malloc) failed to allocate 443856 bytes for Chunk::new
# Possible reasons:
#   The system is out of physical RAM or swap space
#   The process is running with CompressedOops enabled, and the Java Heap may be blocking the growth of the native heap
# Possible solutions:
#   Reduce memory load on the system
#   Increase physical memory or swap space
#   Check if swap backing store is full
#   Decrease Java heap size (-Xmx/-Xms)
#   Decrease number of Java threads
#   Decrease Java thread stack sizes (-Xss)
#   Set larger code cache with -XX:ReservedCodeCacheSize=
#   JVM is running with Unscaled Compressed Oops mode in which the Java heap is
#     placed in the first 4GB address space. The Java Heap base address is the
#     maximum limit for the native heap growth. Please use -XX:HeapBaseMinAddress
#     to set the Java Heap base and to place the Java Heap above 4GB virtual address.
# This output file may be truncated or incomplete.
#
#  Out of Memory Error (allocation.cpp:389), pid=15676, tid=0x0000000000003224
#
# JRE version: OpenJDK Runtime Environment (8.0_242-b01) (build 1.8.0_242-release-1644-b01)
# Java VM: OpenJDK 64-Bit Server VM (25.242-b01 mixed mode windows-amd64 compressed oops)
# Failed to write core dump. Minidumps are not enabled by default on client versions of Windows
#

---------------  T H R E A D  ---------------

Current thread (0x00000000177b5000):  JavaThread "C2 CompilerThread0" daemon [_thread_in_native, id=12836, stack(0x00000000180c0000,0x00000000181c0000)]

Stack: [0x00000000180c0000,0x00000000181c0000]
[error occurred during error reporting (printing stack bounds), id 0xc0000005]

Native frames: (J=compiled Java code, j=interpreted, Vv=VM code, C=native code)


Current CompileTask:
C2:  11164 7603       4       org.jetbrains.org.objectweb.asm.tree.analysis.Frame::execute (2125 bytes)


---------------  P R O C E S S  ---------------

Java Threads: ( => current thread )
  0x000000001784d800 JavaThread "Service Thread" daemon [_thread_blocked, id=14220, stack(0x00000000184c0000,0x00000000185c0000)]
  0x00000000177c0800 JavaThread "C1 CompilerThread3" daemon [_thread_blocked, id=7628, stack(0x00000000183c0000,0x00000000184c0000)]
  0x00000000177b8800 JavaThread "C2 CompilerThread2" daemon [_thread_blocked, id=3472, stack(0x00000000182c0000,0x00000000183c0000)]
  0x00000000177b8000 JavaThread "C2 CompilerThread1" daemon [_thread_in_native, id=2648, stack(0x00000000181c0000,0x00000000182c0000)]
=>0x00000000177b5000 JavaThread "C2 CompilerThread0" daemon [_thread_in_native, id=12836, stack(0x00000000180c0000,0x00000000181c0000)]
  0x00000000177b3800 JavaThread "Attach Listener" daemon [_thread_blocked, id=8608, stack(0x0000000017fc0000,0x00000000180c0000)]
  0x00000000177b2800 JavaThread "Signal Dispatcher" daemon [_thread_blocked, id=12464, stack(0x0000000017ec0000,0x0000000017fc0000)]
  0x00000000177a0800 JavaThread "Finalizer" daemon [_thread_blocked, id=17736, stack(0x0000000017c80000,0x0000000017d80000)]
  0x00000000159ab800 JavaThread "Reference Handler" daemon [_thread_blocked, id=14092, stack(0x0000000017b80000,0x0000000017c80000)]
  0x0000000002f12800 JavaThread "main" [_thread_in_native, id=14056, stack(0x0000000002de0000,0x0000000002ee0000)]

Other Threads:
  0x00000000159a7800 VMThread [stack: 0x0000000017680000,0x0000000017780000] [id=4352]
  0x00000000177d4000 WatcherThread [stack: 0x00000000185c0000,0x00000000186c0000] [id=1268]

VM state:not at safepoint (normal execution)

VM Mutex/Monitor currently owned by a thread: None

heap address: 0x00000000c2e00000, size: 978 MB, Compressed Oops mode: 32-bit
Narrow klass base: 0x0000000000000000, Narrow klass shift: 3
Compressed class space size: 1073741824 Address: 0x0000000100000000

Heap:
 PSYoungGen      total 140288K, used 20102K [0x00000000eba00000, 0x00000000f7e80000, 0x0000000100000000)
  eden space 110592K, 18% used [0x00000000eba00000,0x00000000ecda1a70,0x00000000f2600000)
  from space 29696K, 0% used [0x00000000f2600000,0x00000000f2600000,0x00000000f4300000)
  to   space 33792K, 0% used [0x00000000f5d80000,0x00000000f5d80000,0x00000000f7e80000)
 ParOldGen       total 119808K, used 56315K [0x00000000c2e00000, 0x00000000ca300000, 0x00000000eba00000)
  object space 119808K, 47% used [0x00000000c2e00000,0x00000000c64fef50,0x00000000ca300000)
 Metaspace       used 59837K, capacity 61040K, committed 61184K, reserved 1103872K
  class space    used 7106K, capacity 7408K, committed 7424K, reserved 1048576K

Card table byte_map: [0x00000000123e0000,0x00000000125d0000] byte_map_base: 0x0000000011dc9000

Marking Bits: (ParMarkBitMap*) 0x000000006b84f030
 Begin Bits: [0x0000000012f20000, 0x0000000013e68000)
 End Bits:   [0x0000000013e68000, 0x0000000014db0000)

Polling page: 0x0000000002ef0000

CodeCache: size=245760Kb used=26204Kb max_used=26204Kb free=219555Kb
 bounds [0x0000000003020000, 0x00000000049d0000, 0x0000000012020000]
 total_blobs=7433 nmethods=6880 adapters=463
 compilation: enabled

Compilation events (10 events):
Event: 11.155 Thread 0x00000000177c0800 nmethod 7682 0x00000000049bf450 code [0x00000000049bf5c0, 0x00000000049bf7d0]
Event: 11.155 Thread 0x00000000177c0800 7684       3       org.jetbrains.org.objectweb.asm.tree.analysis.BasicInterpreter::unaryOperation (606 bytes)
Event: 11.157 Thread 0x00000000177c0800 nmethod 7684 0x00000000049c2750 code [0x00000000049c2c80, 0x00000000049c6028]
Event: 11.157 Thread 0x00000000177c0800 7685       3       org.jetbrains.kotlin.metadata.deserialization.Flags$BooleanFlagField::toFlags (18 bytes)
Event: 11.157 Thread 0x00000000177b8000 nmethod 7680 0x00000000049c7a90 code [0x00000000049c7be0, 0x00000000049c7e38]
Event: 11.157 Thread 0x00000000177b8000 7683       4       org.jetbrains.kotlin.codegen.optimization.common.StrictBasicValue::equals (103 bytes)
Event: 11.158 Thread 0x00000000177c0800 nmethod 7685 0x00000000049c22d0 code [0x00000000049c2440, 0x00000000049c2690]
Event: 11.158 Thread 0x00000000177c0800 7686       1       org.jetbrains.kotlin.descriptors.impl.FunctionDescriptorImpl::isExpect (5 bytes)
Event: 11.158 Thread 0x00000000177c0800 nmethod 7686 0x000000000499b210 code [0x000000000499b360, 0x000000000499b470]
Event: 11.158 Thread 0x00000000177c0800 7687       3       org.jetbrains.kotlin.descriptors.TypeParameterUtilsKt::buildPossiblyInnerType (223 bytes)

GC Heap History (10 events):
Event: 3.384 GC heap before
{Heap before GC invocations=10 (full 2):
 PSYoungGen      total 113152K, used 14543K [0x00000000eba00000, 0x00000000f3e80000, 0x0000000100000000)
  eden space 93696K, 0% used [0x00000000eba00000,0x00000000eba00000,0x00000000f1580000)
  from space 19456K, 74% used [0x00000000f2a80000,0x00000000f38b3f88,0x00000000f3d80000)
  to   space 20992K, 0% used [0x00000000f1580000,0x00000000f1580000,0x00000000f2a00000)
 ParOldGen       total 56832K, used 19750K [0x00000000c2e00000, 0x00000000c6580000, 0x00000000eba00000)
  object space 56832K, 34% used [0x00000000c2e00000,0x00000000c4149848,0x00000000c6580000)
 Metaspace       used 34619K, capacity 35112K, committed 35416K, reserved 1081344K
  class space    used 4378K, capacity 4530K, committed 4608K, reserved 1048576K
Event: 3.464 GC heap after
Heap after GC invocations=10 (full 2):
 PSYoungGen      total 113152K, used 0K [0x00000000eba00000, 0x00000000f3e80000, 0x0000000100000000)
  eden space 93696K, 0% used [0x00000000eba00000,0x00000000eba00000,0x00000000f1580000)
  from space 19456K, 0% used [0x00000000f2a80000,0x00000000f2a80000,0x00000000f3d80000)
  to   space 20992K, 0% used [0x00000000f1580000,0x00000000f1580000,0x00000000f2a00000)
 ParOldGen       total 83456K, used 33517K [0x00000000c2e00000, 0x00000000c7f80000, 0x00000000eba00000)
  object space 83456K, 40% used [0x00000000c2e00000,0x00000000c4ebb7e0,0x00000000c7f80000)
 Metaspace       used 34619K, capacity 35112K, committed 35416K, reserved 1081344K
  class space    used 4378K, capacity 4530K, committed 4608K, reserved 1048576K
}
Event: 5.843 GC heap before
{Heap before GC invocations=11 (full 2):
 PSYoungGen      total 113152K, used 93696K [0x00000000eba00000, 0x00000000f3e80000, 0x0000000100000000)
  eden space 93696K, 100% used [0x00000000eba00000,0x00000000f1580000,0x00000000f1580000)
  from space 19456K, 0% used [0x00000000f2a80000,0x00000000f2a80000,0x00000000f3d80000)
  to   space 20992K, 0% used [0x00000000f1580000,0x00000000f1580000,0x00000000f2a00000)
 ParOldGen       total 83456K, used 33517K [0x00000000c2e00000, 0x00000000c7f80000, 0x00000000eba00000)
  object space 83456K, 40% used [0x00000000c2e00000,0x00000000c4ebb7e0,0x00000000c7f80000)
 Metaspace       used 45040K, capacity 45738K, committed 46208K, reserved 1089536K
  class space    used 5497K, capacity 5721K, committed 5760K, reserved 1048576K
Event: 5.859 GC heap after
Heap after GC invocations=11 (full 2):
 PSYoungGen      total 114688K, used 20185K [0x00000000eba00000, 0x00000000f5a80000, 0x0000000100000000)
  eden space 93696K, 0% used [0x00000000eba00000,0x00000000eba00000,0x00000000f1580000)
  from space 20992K, 96% used [0x00000000f1580000,0x00000000f2936638,0x00000000f2a00000)
  to   space 24064K, 0% used [0x00000000f4300000,0x00000000f4300000,0x00000000f5a80000)
 ParOldGen       total 83456K, used 33595K [0x00000000c2e00000, 0x00000000c7f80000, 0x00000000eba00000)
  object space 83456K, 40% used [0x00000000c2e00000,0x00000000c4eced90,0x00000000c7f80000)
 Metaspace       used 45040K, capacity 45738K, committed 46208K, reserved 1089536K
  class space    used 5497K, capacity 5721K, committed 5760K, reserved 1048576K
}
Event: 9.089 GC heap before
{Heap before GC invocations=12 (full 2):
 PSYoungGen      total 114688K, used 113881K [0x00000000eba00000, 0x00000000f5a80000, 0x0000000100000000)
  eden space 93696K, 100% used [0x00000000eba00000,0x00000000f1580000,0x00000000f1580000)
  from space 20992K, 96% used [0x00000000f1580000,0x00000000f2936638,0x00000000f2a00000)
  to   space 24064K, 0% used [0x00000000f4300000,0x00000000f4300000,0x00000000f5a80000)
 ParOldGen       total 83456K, used 33595K [0x00000000c2e00000, 0x00000000c7f80000, 0x00000000eba00000)
  object space 83456K, 40% used [0x00000000c2e00000,0x00000000c4eced90,0x00000000c7f80000)
 Metaspace       used 51823K, capacity 52874K, committed 52992K, reserved 1095680K
  class space    used 6341K, capacity 6629K, committed 6656K, reserved 1048576K
Event: 9.124 GC heap after
Heap after GC invocations=12 (full 2):
 PSYoungGen      total 134656K, used 24049K [0x00000000eba00000, 0x00000000f6380000, 0x0000000100000000)
  eden space 110592K, 0% used [0x00000000eba00000,0x00000000eba00000,0x00000000f2600000)
  from space 24064K, 99% used [0x00000000f4300000,0x00000000f5a7c418,0x00000000f5a80000)
  to   space 29696K, 0% used [0x00000000f2600000,0x00000000f2600000,0x00000000f4300000)
 ParOldGen       total 83456K, used 37928K [0x00000000c2e00000, 0x00000000c7f80000, 0x00000000eba00000)
  object space 83456K, 45% used [0x00000000c2e00000,0x00000000c530a3f8,0x00000000c7f80000)
 Metaspace       used 51823K, capacity 52874K, committed 52992K, reserved 1095680K
  class space    used 6341K, capacity 6629K, committed 6656K, reserved 1048576K
}
Event: 10.352 GC heap before
{Heap before GC invocations=13 (full 2):
 PSYoungGen      total 134656K, used 61202K [0x00000000eba00000, 0x00000000f6380000, 0x0000000100000000)
  eden space 110592K, 33% used [0x00000000eba00000,0x00000000ede48728,0x00000000f2600000)
  from space 24064K, 99% used [0x00000000f4300000,0x00000000f5a7c418,0x00000000f5a80000)
  to   space 29696K, 0% used [0x00000000f2600000,0x00000000f2600000,0x00000000f4300000)
 ParOldGen       total 83456K, used 37928K [0x00000000c2e00000, 0x00000000c7f80000, 0x00000000eba00000)
  object space 83456K, 45% used [0x00000000c2e00000,0x00000000c530a3f8,0x00000000c7f80000)
 Metaspace       used 57613K, capacity 58702K, committed 59008K, reserved 1101824K
  class space    used 6905K, capacity 7179K, committed 7296K, reserved 1048576K
Event: 10.371 GC heap after
Heap after GC invocations=13 (full 2):
 PSYoungGen      total 140288K, used 29042K [0x00000000eba00000, 0x00000000f7e80000, 0x0000000100000000)
  eden space 110592K, 0% used [0x00000000eba00000,0x00000000eba00000,0x00000000f2600000)
  from space 29696K, 97% used [0x00000000f2600000,0x00000000f425ca10,0x00000000f4300000)
  to   space 33792K, 0% used [0x00000000f5d80000,0x00000000f5d80000,0x00000000f7e80000)
 ParOldGen       total 83456K, used 37936K [0x00000000c2e00000, 0x00000000c7f80000, 0x00000000eba00000)
  object space 83456K, 45% used [0x00000000c2e00000,0x00000000c530c3f8,0x00000000c7f80000)
 Metaspace       used 57613K, capacity 58702K, committed 59008K, reserved 1101824K
  class space    used 6905K, capacity 7179K, committed 7296K, reserved 1048576K
}
Event: 10.371 GC heap before
{Heap before GC invocations=14 (full 3):
 PSYoungGen      total 140288K, used 29042K [0x00000000eba00000, 0x00000000f7e80000, 0x0000000100000000)
  eden space 110592K, 0% used [0x00000000eba00000,0x00000000eba00000,0x00000000f2600000)
  from space 29696K, 97% used [0x00000000f2600000,0x00000000f425ca10,0x00000000f4300000)
  to   space 33792K, 0% used [0x00000000f5d80000,0x00000000f5d80000,0x00000000f7e80000)
 ParOldGen       total 83456K, used 37936K [0x00000000c2e00000, 0x00000000c7f80000, 0x00000000eba00000)
  object space 83456K, 45% used [0x00000000c2e00000,0x00000000c530c3f8,0x00000000c7f80000)
 Metaspace       used 57613K, capacity 58702K, committed 59008K, reserved 1101824K
  class space    used 6905K, capacity 7179K, committed 7296K, reserved 1048576K
Event: 10.658 GC heap after
Heap after GC invocations=14 (full 3):
 PSYoungGen      total 140288K, used 0K [0x00000000eba00000, 0x00000000f7e80000, 0x0000000100000000)
  eden space 110592K, 0% used [0x00000000eba00000,0x00000000eba00000,0x00000000f2600000)
  from space 29696K, 0% used [0x00000000f2600000,0x00000000f2600000,0x00000000f4300000)
  to   space 33792K, 0% used [0x00000000f5d80000,0x00000000f5d80000,0x00000000f7e80000)
 ParOldGen       total 119808K, used 56315K [0x00000000c2e00000, 0x00000000ca300000, 0x00000000eba00000)
  object space 119808K, 47% used [0x00000000c2e00000,0x00000000c64fef50,0x00000000ca300000)
 Metaspace       used 57613K, capacity 58702K, committed 59008K, reserved 1101824K
  class space    used 6905K, capacity 7179K, committed 7296K, reserved 1048576K
}

Deoptimization events (10 events):
Event: 10.938 Thread 0x0000000002f12800 Uncommon trap: reason=class_check action=maybe_recompile pc=0x00000000046c6210 method=org.jetbrains.org.objectweb.asm.ClassReader.readMethod(Lorg/jetbrains/org/objectweb/asm/ClassVisitor;Lorg/jetbrains/org/objectweb/asm/Context;I)I @ 1041
Event: 10.938 Thread 0x0000000002f12800 Uncommon trap: reason=class_check action=maybe_recompile pc=0x00000000047b0528 method=org.jetbrains.org.objectweb.asm.ClassReader.readCode(Lorg/jetbrains/org/objectweb/asm/MethodVisitor;Lorg/jetbrains/org/objectweb/asm/Context;I)V @ 3922
Event: 10.971 Thread 0x0000000002f12800 Uncommon trap: reason=bimorphic action=maybe_recompile pc=0x0000000003c3a9bc method=org.jetbrains.kotlin.storage.LockBasedStorageManager$LockBasedLazyValue.invoke()Ljava/lang/Object; @ 181
Event: 10.987 Thread 0x0000000002f12800 Uncommon trap: reason=unstable_if action=reinterpret pc=0x00000000034e56f0 method=java.util.HashMap.hash(Ljava/lang/Object;)I @ 1
Event: 11.021 Thread 0x0000000002f12800 Uncommon trap: reason=class_check action=maybe_recompile pc=0x0000000003efebd4 method=org.jetbrains.kotlin.descriptors.impl.PackageFragmentDescriptorImpl.getContainingDeclaration()Lorg/jetbrains/kotlin/descriptors/ModuleDescriptor; @ 4
Event: 11.021 Thread 0x0000000002f12800 Uncommon trap: reason=class_check action=maybe_recompile pc=0x00000000048227f4 method=org.jetbrains.kotlin.resolve.DescriptorUtils.getContainingModuleOrNull(Lorg/jetbrains/kotlin/descriptors/DeclarationDescriptor;)Lorg/jetbrains/kotlin/descriptors/ModuleD
Event: 11.039 Thread 0x0000000002f12800 Uncommon trap: reason=null_check action=make_not_entrant pc=0x0000000003c48264 method=org.jetbrains.kotlin.parsing.AbstractKotlinParsing.at(Lorg/jetbrains/kotlin/com/intellij/psi/tree/IElementType;)Z @ 80
Event: 11.084 Thread 0x0000000002f12800 Uncommon trap: reason=class_check action=maybe_recompile pc=0x000000000467d898 method=org.jetbrains.kotlin.cli.jvm.index.JvmDependenciesIndexImpl.search(Lorg/jetbrains/kotlin/cli/jvm/index/JvmDependenciesIndexImpl$SearchRequest;Lkotlin/jvm/functions/Funct
Event: 11.089 Thread 0x0000000002f12800 Uncommon trap: reason=class_check action=maybe_recompile pc=0x0000000003efebd4 method=org.jetbrains.kotlin.descriptors.impl.PackageFragmentDescriptorImpl.getContainingDeclaration()Lorg/jetbrains/kotlin/descriptors/ModuleDescriptor; @ 4
Event: 11.090 Thread 0x0000000002f12800 Uncommon trap: reason=class_check action=maybe_recompile pc=0x00000000048227f4 method=org.jetbrains.kotlin.resolve.DescriptorUtils.getContainingModuleOrNull(Lorg/jetbrains/kotlin/descriptors/DeclarationDescriptor;)Lorg/jetbrains/kotlin/descriptors/ModuleD

Classes redefined (0 events):
No events

Internal exceptions (10 events):
Event: 9.695 Thread 0x0000000002f12800 Implicit null exception at 0x0000000003277ed5 to 0x00000000032780c1
Event: 9.695 Thread 0x0000000002f12800 Implicit null exception at 0x00000000032ef9af to 0x00000000032efa19
Event: 9.809 Thread 0x0000000002f12800 Implicit null exception at 0x00000000040bfb14 to 0x00000000040bfdb6
Event: 10.189 Thread 0x0000000002f12800 Exception <a 'java/lang/NoSuchMethodError': java.lang.Object.lambda$static$0(Lorg/jetbrains/kotlin/descriptors/ValueParameterDescriptor;Lorg/jetbrains/kotlin/codegen/ExpressionCodegen;)Lorg/jetbrains/kotlin/codegen/StackValue;> (0x00000000ed6fa450) thrown
Event: 10.317 Thread 0x0000000002f12800 Implicit null exception at 0x00000000037c3552 to 0x00000000037c3751
Event: 10.348 Thread 0x0000000002f12800 Exception <a 'java/lang/NoSuchMethodError': java.lang.Object.lambda$static$0(Ljava/lang/String;)Z> (0x00000000edcf9830) thrown at [C:\src\AOSP-openjdk-git\hotspot\src\share\vm\interpreter\linkResolver.cpp, line 620]
Event: 10.348 Thread 0x0000000002f12800 Exception <a 'java/lang/NoSuchMethodError': java.lang.Object.lambda$static$1(Ljava/lang/String;)Z> (0x00000000edcfbd38) thrown at [C:\src\AOSP-openjdk-git\hotspot\src\share\vm\interpreter\linkResolver.cpp, line 620]
Event: 10.895 Thread 0x0000000002f12800 Implicit null exception at 0x00000000037c6e95 to 0x00000000037c7161
Event: 10.987 Thread 0x0000000002f12800 Implicit null exception at 0x00000000034e54d5 to 0x00000000034e56e1
Event: 11.039 Thread 0x0000000002f12800 Implicit null exception at 0x0000000003c47fb7 to 0x0000000003c48259

Events (10 events):
Event: 11.153 loading class org/jetbrains/org/objectweb/asm/commons/InstructionAdapter
Event: 11.153 loading class org/jetbrains/org/objectweb/asm/commons/InstructionAdapter done
Event: 11.153 loading class org/jetbrains/kotlin/codegen/StackValue
Event: 11.153 loading class org/jetbrains/kotlin/codegen/StackValue done
Event: 11.153 loading class org/jetbrains/kotlin/codegen/CondJump
Event: 11.153 loading class org/jetbrains/kotlin/codegen/CondJump done
Event: 11.154 loading class org/jetbrains/kotlin/codegen/NumberCompare
Event: 11.154 loading class org/jetbrains/kotlin/codegen/NumberCompare done
Event: 11.154 loading class org/jetbrains/kotlin/codegen/NumberCompare$Companion
Event: 11.154 loading class org/jetbrains/kotlin/codegen/NumberCompare$Companion done


Dynamic libraries:
0x00007ff60e730000 - 0x00007ff60e761000 	C:\Program Files\Android\Android Studio\jre\jre\bin\java.exe
0x00007ffe6f020000 - 0x00007ffe6f224000 	C:\WINDOWS\SYSTEM32\ntdll.dll
0x00007ffe6e6d0000 - 0x00007ffe6e78d000 	C:\WINDOWS\System32\KERNEL32.DLL
0x00007ffe6c5e0000 - 0x00007ffe6c953000 	C:\WINDOWS\System32\KERNELBASE.dll
0x00007ffe63d20000 - 0x00007ffe63db2000 	C:\WINDOWS\SYSTEM32\apphelp.dll
0x00007ffe6e790000 - 0x00007ffe6e83c000 	C:\WINDOWS\System32\ADVAPI32.dll
0x00007ffe6e2d0000 - 0x00007ffe6e373000 	C:\WINDOWS\System32\msvcrt.dll
0x00007ffe6e380000 - 0x00007ffe6e41d000 	C:\WINDOWS\System32\sechost.dll
0x00007ffe6eea0000 - 0x00007ffe6efc2000 	C:\WINDOWS\System32\RPCRT4.dll
0x00007ffe6df60000 - 0x00007ffe6e10f000 	C:\WINDOWS\System32\USER32.dll
0x00007ffe6cb10000 - 0x00007ffe6cb36000 	C:\WINDOWS\System32\win32u.dll
0x00007ffe6e6a0000 - 0x00007ffe6e6c9000 	C:\WINDOWS\System32\GDI32.dll
0x00007ffe6cbc0000 - 0x00007ffe6ccd1000 	C:\WINDOWS\System32\gdi32full.dll
0x00007ffe6c960000 - 0x00007ffe6c9fd000 	C:\WINDOWS\System32\msvcp_win.dll
0x00007ffe6ca00000 - 0x00007ffe6cb10000 	C:\WINDOWS\System32\ucrtbase.dll
0x00007ffe610f0000 - 0x00007ffe61395000 	C:\WINDOWS\WinSxS\amd64_microsoft.windows.common-controls_6595b64144ccf1df_6.0.21364.1_none_7202377589d8d7cf\COMCTL32.dll
0x00007ffe6d310000 - 0x00007ffe6d341000 	C:\WINDOWS\System32\IMM32.DLL
0x000000006aec0000 - 0x000000006af92000 	C:\Program Files\Android\Android Studio\jre\jre\bin\msvcr100.dll
0x000000006b080000 - 0x000000006b8cb000 	C:\Program Files\Android\Android Studio\jre\jre\bin\server\jvm.dll
0x00007ffe6efd0000 - 0x00007ffe6efd8000 	C:\WINDOWS\System32\PSAPI.DLL
0x00007ffe61580000 - 0x00007ffe61589000 	C:\WINDOWS\SYSTEM32\WSOCK32.dll
0x00007ffe643f0000 - 0x00007ffe64420000 	C:\WINDOWS\SYSTEM32\WINMM.dll
0x00007ffe63cd0000 - 0x00007ffe63cda000 	C:\WINDOWS\SYSTEM32\VERSION.dll
0x00007ffe6d350000 - 0x00007ffe6d3c0000 	C:\WINDOWS\System32\WS2_32.dll
0x00007ffe61470000 - 0x00007ffe6147f000 	C:\Program Files\Android\Android Studio\jre\jre\bin\verify.dll
0x00007ffe5ed50000 - 0x00007ffe5ed79000 	C:\Program Files\Android\Android Studio\jre\jre\bin\java.dll
0x00007ffe45be0000 - 0x00007ffe45bf6000 	C:\Program Files\Android\Android Studio\jre\jre\bin\zip.dll
0x00007ffe6d4b0000 - 0x00007ffe6dc08000 	C:\WINDOWS\System32\SHELL32.dll
0x00007ffe6a630000 - 0x00007ffe6ae93000 	C:\WINDOWS\SYSTEM32\windows.storage.dll
0x00007ffe6cf80000 - 0x00007ffe6d2f5000 	C:\WINDOWS\System32\combase.dll
0x00007ffe6a4c0000 - 0x00007ffe6a627000 	C:\WINDOWS\SYSTEM32\wintypes.dll
0x00007ffe6dc90000 - 0x00007ffe6dd7a000 	C:\WINDOWS\System32\SHCORE.dll
0x00007ffe6ee30000 - 0x00007ffe6ee8e000 	C:\WINDOWS\System32\shlwapi.dll
0x00007ffe6c510000 - 0x00007ffe6c531000 	C:\WINDOWS\SYSTEM32\profapi.dll
0x00007ffe45bc0000 - 0x00007ffe45bda000 	C:\Program Files\Android\Android Studio\jre\jre\bin\net.dll
0x00007ffe6bb80000 - 0x00007ffe6bbe7000 	C:\WINDOWS\system32\mswsock.dll
0x00007ffe45ba0000 - 0x00007ffe45bb3000 	C:\Program Files\Android\Android Studio\jre\jre\bin\nio.dll

VM Arguments:
java_command: org.jetbrains.kotlin.cli.jvm.K2JVMCompiler @D:\Billa Fathia\Documents\rpla sm.4\Mobpro\Tugas 4\app\build\20210505_3452172720659787074.compiler.options
java_class_path (initial): C:\Users\Billa\.gradle\caches\modules-2\files-2.1\org.jetbrains.kotlin\kotlin-compiler-embeddable\1.4.32\b4fc9be460ca88eecea2303e142ce2920bd14775\kotlin-compiler-embeddable-1.4.32.jar;C:\Users\Billa\.gradle\caches\modules-2\files-2.1\org.jetbrains.kotlin\kotlin-reflect\1.4.32\ce852b166d97f0f1991b5130c2bb02e2ef6c554e\kotlin-reflect-1.4.32.jar;C:\Users\Billa\.gradle\caches\modules-2\files-2.1\org.jetbrains.kotlin\kotlin-stdlib\1.4.32\461367948840adbb0839c51d91ed74ef4a9ccb52\kotlin-stdlib-1.4.32.jar;C:\Users\Billa\.gradle\caches\modules-2\files-2.1\org.jetbrains.kotlin\kotlin-script-runtime\1.4.32\bac50b0748be017dbc13fc1cb7231b1c9da0e106\kotlin-script-runtime-1.4.32.jar;C:\Users\Billa\.gradle\caches\modules-2\files-2.1\org.jetbrains.kotlin\kotlin-daemon-embeddable\1.4.32\b40c5de5adea26ebb4e5fc36945c482ac20acee2\kotlin-daemon-embeddable-1.4.32.jar;C:\Users\Billa\.gradle\caches\modules-2\files-2.1\org.jetbrains.intellij.deps\trove4j\1.0.20181211\216c2e14b070f334479d800987affe4054cd563f\trove4j-1.0.20181211.jar;C:\Users\Billa\.gradle\caches\modules-2\files-2.1\org.jetbrains.kotlin\kotlin-stdlib-common\1.4.32\ef50bfa2c0491a11dcc35d9822edbfd6170e1ea2\kotlin-stdlib-common-1.4.32.jar;C:\Users\Billa\.gradle\caches\modules-2\files-2.1\org.jetbrains\annotations\13.0\919f0dfe192fb4e063e7dacadee7f8bb9a2672a9\annotations-13.0.jar;C:\Program Files\Android\Android Studio\jre\lib\tools.jar
Launcher Type: SUN_STANDARD

Environment Variables:
JAVA_HOME=C:\Program Files\Java\jdk-15.0.1
PATH=C:\Program Files\Common Files\Oracle\Java\javapath;C:\WINDOWS\system32;C:\WINDOWS;C:\WINDOWS\System32\Wbem;C:\WINDOWS\System32\WindowsPowerShell\v1.0\;C:\WINDOWS\System32\OpenSSH\;C:\Program Files\Git\cmd;C:\Program Files\MongoDB\Server\4.4\bin;C:\Users\Billa\AppData\Local\Microsoft\WindowsApps;C:\Users\Billa\AppData\Local\Programs\Microsoft VS Code\bin;C:\Users\Billa\Downloads\jdk-15.0.1_windows-x64_bin\jdk-15.0.1\bin;
USERNAME=Billa
OS=Windows_NT
PROCESSOR_IDENTIFIER=Intel64 Family 6 Model 142 Stepping 11, GenuineIntel



---------------  S Y S T E M  ---------------

OS: Windows 10.0 , 64 bit Build 21364 (10.0.21364.1011)

CPU:total 8 (initial active 8) (4 cores per cpu, 2 threads per core) family 6 model 142 stepping 11, cmov, cx8, fxsr, mmx, sse, sse2, sse3, ssse3, sse4.1, sse4.2, popcnt, avx, avx2, aes, clmul, erms, 3dnowpref, lzcnt, ht, tsc, tscinvbit, bmi1, bmi2, adx

Memory: 4k page, physical 4004528k(288968k free), swap 12393136k(3784k free)

vm_info: OpenJDK 64-Bit Server VM (25.242-b01) for windows-amd64 JRE (1.8.0_242-release-1644-b01), built by "builder" with MS VC++ 10.0 (VS2010)

time: Wed May 05 19:20:56 2021
timezone: SE Asia Standard Time
elapsed time: 11 seconds (0d 0h 0m 11s)

